In file included from src/top.cpp:2:
In file included from src/convlayer.h:52:
In file included from /tools/Xilinx/Vitis_HLS/2022.2/common/technology/autopilot/ap_int.h:12:
/tools/Xilinx/Vitis_HLS/2022.2/common/technology/autopilot/ap_int_ref.h:678:9: warning: HLS pragma dump _XLX_SEP_ PragmaIsValid=1_XLX_SEP_ PragmaType=unroll_XLX_SEP_ PragmaContext=_XLX_SEP_ PragmaFunction=and_reduce_XLX_SEP_ PragmaOptions=_XLX_SEP_ [-Wdump-hls-pragmas]
#pragma HLS unroll
        ^
/tools/Xilinx/Vitis_HLS/2022.2/common/technology/autopilot/ap_int_ref.h:692:9: warning: HLS pragma dump _XLX_SEP_ PragmaIsValid=1_XLX_SEP_ PragmaType=unroll_XLX_SEP_ PragmaContext=_XLX_SEP_ PragmaFunction=or_reduce_XLX_SEP_ PragmaOptions=_XLX_SEP_ [-Wdump-hls-pragmas]
#pragma HLS unroll
        ^
/tools/Xilinx/Vitis_HLS/2022.2/common/technology/autopilot/ap_int_ref.h:706:9: warning: HLS pragma dump _XLX_SEP_ PragmaIsValid=1_XLX_SEP_ PragmaType=unroll_XLX_SEP_ PragmaContext=_XLX_SEP_ PragmaFunction=xor_reduce_XLX_SEP_ PragmaOptions=_XLX_SEP_ [-Wdump-hls-pragmas]
#pragma HLS unroll
        ^
In file included from src/top.cpp:2:
In file included from src/convlayer.h:55:
In file included from src/streamtools.h:51:
/tools/Xilinx/Vitis_HLS/2022.2/common/technology/autopilot/ap_axi_sdata.h:76:9: warning: HLS pragma dump _XLX_SEP_ PragmaIsValid=1_XLX_SEP_ PragmaType=inline_XLX_SEP_ PragmaContext=_XLX_SEP_ PragmaFunction=get_user_ptr_XLX_SEP_ PragmaOptions=_XLX_SEP_ [-Wdump-hls-pragmas]
#pragma HLS inline
        ^
/tools/Xilinx/Vitis_HLS/2022.2/common/technology/autopilot/ap_axi_sdata.h:80:9: warning: HLS pragma dump _XLX_SEP_ PragmaIsValid=1_XLX_SEP_ PragmaType=inline_XLX_SEP_ PragmaContext=_XLX_SEP_ PragmaFunction=get_id_ptr_XLX_SEP_ PragmaOptions=_XLX_SEP_ [-Wdump-hls-pragmas]
#pragma HLS inline
        ^
/tools/Xilinx/Vitis_HLS/2022.2/common/technology/autopilot/ap_axi_sdata.h:84:9: warning: HLS pragma dump _XLX_SEP_ PragmaIsValid=1_XLX_SEP_ PragmaType=inline_XLX_SEP_ PragmaContext=_XLX_SEP_ PragmaFunction=get_dest_ptr_XLX_SEP_ PragmaOptions=_XLX_SEP_ [-Wdump-hls-pragmas]
#pragma HLS inline
        ^
/tools/Xilinx/Vitis_HLS/2022.2/common/technology/autopilot/ap_axi_sdata.h:114:9: warning: HLS pragma dump _XLX_SEP_ PragmaIsValid=1_XLX_SEP_ PragmaType=inline_XLX_SEP_ PragmaContext=_XLX_SEP_ PragmaFunction=get_strb_ptr_XLX_SEP_ PragmaOptions=_XLX_SEP_ [-Wdump-hls-pragmas]
#pragma HLS inline
        ^
/tools/Xilinx/Vitis_HLS/2022.2/common/technology/autopilot/ap_axi_sdata.h:118:9: warning: HLS pragma dump _XLX_SEP_ PragmaIsValid=1_XLX_SEP_ PragmaType=inline_XLX_SEP_ PragmaContext=_XLX_SEP_ PragmaFunction=get_user_ptr_XLX_SEP_ PragmaOptions=_XLX_SEP_ [-Wdump-hls-pragmas]
#pragma HLS inline
        ^
/tools/Xilinx/Vitis_HLS/2022.2/common/technology/autopilot/ap_axi_sdata.h:122:9: warning: HLS pragma dump _XLX_SEP_ PragmaIsValid=1_XLX_SEP_ PragmaType=inline_XLX_SEP_ PragmaContext=_XLX_SEP_ PragmaFunction=get_id_ptr_XLX_SEP_ PragmaOptions=_XLX_SEP_ [-Wdump-hls-pragmas]
#pragma HLS inline
        ^
/tools/Xilinx/Vitis_HLS/2022.2/common/technology/autopilot/ap_axi_sdata.h:126:9: warning: HLS pragma dump _XLX_SEP_ PragmaIsValid=1_XLX_SEP_ PragmaType=inline_XLX_SEP_ PragmaContext=_XLX_SEP_ PragmaFunction=get_dest_ptr_XLX_SEP_ PragmaOptions=_XLX_SEP_ [-Wdump-hls-pragmas]
#pragma HLS inline
        ^
/tools/Xilinx/Vitis_HLS/2022.2/common/technology/autopilot/ap_axi_sdata.h:132:9: warning: HLS pragma dump _XLX_SEP_ PragmaIsValid=1_XLX_SEP_ PragmaType=inline_XLX_SEP_ PragmaContext=_XLX_SEP_ PragmaFunction=get_data_XLX_SEP_ PragmaOptions=_XLX_SEP_ [-Wdump-hls-pragmas]
#pragma HLS inline
        ^
/tools/Xilinx/Vitis_HLS/2022.2/common/technology/autopilot/ap_axi_sdata.h:136:9: warning: HLS pragma dump _XLX_SEP_ PragmaIsValid=1_XLX_SEP_ PragmaType=inline_XLX_SEP_ PragmaContext=_XLX_SEP_ PragmaFunction=get_keep_XLX_SEP_ PragmaOptions=_XLX_SEP_ [-Wdump-hls-pragmas]
#pragma HLS inline
        ^
/tools/Xilinx/Vitis_HLS/2022.2/common/technology/autopilot/ap_axi_sdata.h:140:9: warning: HLS pragma dump _XLX_SEP_ PragmaIsValid=1_XLX_SEP_ PragmaType=inline_XLX_SEP_ PragmaContext=_XLX_SEP_ PragmaFunction=get_last_XLX_SEP_ PragmaOptions=_XLX_SEP_ [-Wdump-hls-pragmas]
#pragma HLS inline
        ^
/tools/Xilinx/Vitis_HLS/2022.2/common/technology/autopilot/ap_axi_sdata.h:145:9: warning: HLS pragma dump _XLX_SEP_ PragmaIsValid=1_XLX_SEP_ PragmaType=inline_XLX_SEP_ PragmaContext=_XLX_SEP_ PragmaFunction=set_data_XLX_SEP_ PragmaOptions=_XLX_SEP_ [-Wdump-hls-pragmas]
#pragma HLS inline
        ^
/tools/Xilinx/Vitis_HLS/2022.2/common/technology/autopilot/ap_axi_sdata.h:149:9: warning: HLS pragma dump _XLX_SEP_ PragmaIsValid=1_XLX_SEP_ PragmaType=inline_XLX_SEP_ PragmaContext=_XLX_SEP_ PragmaFunction=set_keep_XLX_SEP_ PragmaOptions=_XLX_SEP_ [-Wdump-hls-pragmas]
#pragma HLS inline
        ^
/tools/Xilinx/Vitis_HLS/2022.2/common/technology/autopilot/ap_axi_sdata.h:153:9: warning: HLS pragma dump _XLX_SEP_ PragmaIsValid=1_XLX_SEP_ PragmaType=inline_XLX_SEP_ PragmaContext=_XLX_SEP_ PragmaFunction=set_last_XLX_SEP_ PragmaOptions=_XLX_SEP_ [-Wdump-hls-pragmas]
#pragma HLS inline
        ^
/tools/Xilinx/Vitis_HLS/2022.2/common/technology/autopilot/ap_axi_sdata.h:157:9: warning: HLS pragma dump _XLX_SEP_ PragmaIsValid=1_XLX_SEP_ PragmaType=inline_XLX_SEP_ PragmaContext=_XLX_SEP_ PragmaFunction=keep_all_XLX_SEP_ PragmaOptions=_XLX_SEP_ [-Wdump-hls-pragmas]
#pragma HLS inline
        ^
/tools/Xilinx/Vitis_HLS/2022.2/common/technology/autopilot/ap_axi_sdata.h:163:9: warning: HLS pragma dump _XLX_SEP_ PragmaIsValid=1_XLX_SEP_ PragmaType=inline_XLX_SEP_ PragmaContext=_XLX_SEP_ PragmaFunction=qdma_axis<WData, 0, 0, 0>_XLX_SEP_ PragmaOptions=_XLX_SEP_ [-Wdump-hls-pragmas]
#pragma HLS inline
        ^
/tools/Xilinx/Vitis_HLS/2022.2/common/technology/autopilot/ap_axi_sdata.h:167:9: warning: HLS pragma dump _XLX_SEP_ PragmaIsValid=1_XLX_SEP_ PragmaType=inline_XLX_SEP_ PragmaContext=_XLX_SEP_ PragmaFunction=qdma_axis<WData, 0, 0, 0>_XLX_SEP_ PragmaOptions=_XLX_SEP_ [-Wdump-hls-pragmas]
#pragma HLS inline
        ^
/tools/Xilinx/Vitis_HLS/2022.2/common/technology/autopilot/ap_axi_sdata.h:171:9: warning: HLS pragma dump _XLX_SEP_ PragmaIsValid=1_XLX_SEP_ PragmaType=inline_XLX_SEP_ PragmaContext=_XLX_SEP_ PragmaFunction=qdma_axis<WData, 0, 0, 0>_XLX_SEP_ PragmaOptions=_XLX_SEP_ [-Wdump-hls-pragmas]
#pragma HLS inline
        ^
/tools/Xilinx/Vitis_HLS/2022.2/common/technology/autopilot/ap_axi_sdata.h:176:9: warning: HLS pragma dump _XLX_SEP_ PragmaIsValid=1_XLX_SEP_ PragmaType=inline_XLX_SEP_ PragmaContext=_XLX_SEP_ PragmaFunction=qdma_axis<WData, 0, 0, 0>_XLX_SEP_ PragmaOptions=_XLX_SEP_ [-Wdump-hls-pragmas]
#pragma HLS inline
        ^
/tools/Xilinx/Vitis_HLS/2022.2/common/technology/autopilot/ap_axi_sdata.h:181:9: warning: HLS pragma dump _XLX_SEP_ PragmaIsValid=1_XLX_SEP_ PragmaType=inline_XLX_SEP_ PragmaContext=_XLX_SEP_ PragmaFunction=qdma_axis<WData, 0, 0, 0>_XLX_SEP_ PragmaOptions=_XLX_SEP_ [-Wdump-hls-pragmas]
#pragma HLS inline
        ^
/tools/Xilinx/Vitis_HLS/2022.2/common/technology/autopilot/ap_axi_sdata.h:185:9: warning: HLS pragma dump _XLX_SEP_ PragmaIsValid=1_XLX_SEP_ PragmaType=inline_XLX_SEP_ PragmaContext=_XLX_SEP_ PragmaFunction=operator=_XLX_SEP_ PragmaOptions=_XLX_SEP_ [-Wdump-hls-pragmas]
#pragma HLS inline
        ^
/tools/Xilinx/Vitis_HLS/2022.2/common/technology/autopilot/ap_axi_sdata.h:220:9: warning: HLS pragma dump _XLX_SEP_ PragmaIsValid=1_XLX_SEP_ PragmaType=inline_XLX_SEP_ PragmaContext=_XLX_SEP_ PragmaFunction=empty_XLX_SEP_ PragmaOptions=_XLX_SEP_ [-Wdump-hls-pragmas]
#pragma HLS inline
        ^
/tools/Xilinx/Vitis_HLS/2022.2/common/technology/autopilot/ap_axi_sdata.h:227:9: warning: HLS pragma dump _XLX_SEP_ PragmaIsValid=1_XLX_SEP_ PragmaType=inline_XLX_SEP_ PragmaContext=_XLX_SEP_ PragmaFunction=full_XLX_SEP_ PragmaOptions=_XLX_SEP_ [-Wdump-hls-pragmas]
#pragma HLS inline
        ^
/tools/Xilinx/Vitis_HLS/2022.2/common/technology/autopilot/ap_axi_sdata.h:235:9: warning: HLS pragma dump _XLX_SEP_ PragmaIsValid=1_XLX_SEP_ PragmaType=inline_XLX_SEP_ PragmaContext=_XLX_SEP_ PragmaFunction=read_XLX_SEP_ PragmaOptions=_XLX_SEP_ [-Wdump-hls-pragmas]
#pragma HLS inline
        ^
/tools/Xilinx/Vitis_HLS/2022.2/common/technology/autopilot/ap_axi_sdata.h:245:9: warning: HLS pragma dump _XLX_SEP_ PragmaIsValid=1_XLX_SEP_ PragmaType=inline_XLX_SEP_ PragmaContext=_XLX_SEP_ PragmaFunction=read_XLX_SEP_ PragmaOptions=_XLX_SEP_ [-Wdump-hls-pragmas]
#pragma HLS inline
        ^
/tools/Xilinx/Vitis_HLS/2022.2/common/technology/autopilot/ap_axi_sdata.h:256:9: warning: HLS pragma dump _XLX_SEP_ PragmaIsValid=1_XLX_SEP_ PragmaType=inline_XLX_SEP_ PragmaContext=_XLX_SEP_ PragmaFunction=write_XLX_SEP_ PragmaOptions=_XLX_SEP_ [-Wdump-hls-pragmas]
#pragma HLS inline
        ^
/tools/Xilinx/Vitis_HLS/2022.2/common/technology/autopilot/ap_axi_sdata.h:266:9: warning: HLS pragma dump _XLX_SEP_ PragmaIsValid=1_XLX_SEP_ PragmaType=inline_XLX_SEP_ PragmaContext=_XLX_SEP_ PragmaFunction=read_nb_XLX_SEP_ PragmaOptions=_XLX_SEP_ [-Wdump-hls-pragmas]
#pragma HLS inline
        ^
/tools/Xilinx/Vitis_HLS/2022.2/common/technology/autopilot/ap_axi_sdata.h:281:9: warning: HLS pragma dump _XLX_SEP_ PragmaIsValid=1_XLX_SEP_ PragmaType=inline_XLX_SEP_ PragmaContext=_XLX_SEP_ PragmaFunction=write_nb_XLX_SEP_ PragmaOptions=_XLX_SEP_ [-Wdump-hls-pragmas]
#pragma HLS inline
        ^
/tools/Xilinx/Vitis_HLS/2022.2/common/technology/autopilot/ap_axi_sdata.h:317:9: warning: HLS pragma dump _XLX_SEP_ PragmaIsValid=1_XLX_SEP_ PragmaType=inline_XLX_SEP_ PragmaContext=_XLX_SEP_ PragmaFunction=empty_XLX_SEP_ PragmaOptions=_XLX_SEP_ [-Wdump-hls-pragmas]
#pragma HLS inline
        ^
/tools/Xilinx/Vitis_HLS/2022.2/common/technology/autopilot/ap_axi_sdata.h:324:9: warning: HLS pragma dump _XLX_SEP_ PragmaIsValid=1_XLX_SEP_ PragmaType=inline_XLX_SEP_ PragmaContext=_XLX_SEP_ PragmaFunction=full_XLX_SEP_ PragmaOptions=_XLX_SEP_ [-Wdump-hls-pragmas]
#pragma HLS inline
        ^
/tools/Xilinx/Vitis_HLS/2022.2/common/technology/autopilot/ap_axi_sdata.h:332:9: warning: HLS pragma dump _XLX_SEP_ PragmaIsValid=1_XLX_SEP_ PragmaType=inline_XLX_SEP_ PragmaContext=_XLX_SEP_ PragmaFunction=read_XLX_SEP_ PragmaOptions=_XLX_SEP_ [-Wdump-hls-pragmas]
#pragma HLS inline
        ^
/tools/Xilinx/Vitis_HLS/2022.2/common/technology/autopilot/ap_axi_sdata.h:342:9: warning: HLS pragma dump _XLX_SEP_ PragmaIsValid=1_XLX_SEP_ PragmaType=inline_XLX_SEP_ PragmaContext=_XLX_SEP_ PragmaFunction=read_XLX_SEP_ PragmaOptions=_XLX_SEP_ [-Wdump-hls-pragmas]
#pragma HLS inline
        ^
/tools/Xilinx/Vitis_HLS/2022.2/common/technology/autopilot/ap_axi_sdata.h:353:9: warning: HLS pragma dump _XLX_SEP_ PragmaIsValid=1_XLX_SEP_ PragmaType=inline_XLX_SEP_ PragmaContext=_XLX_SEP_ PragmaFunction=write_XLX_SEP_ PragmaOptions=_XLX_SEP_ [-Wdump-hls-pragmas]
#pragma HLS inline
        ^
/tools/Xilinx/Vitis_HLS/2022.2/common/technology/autopilot/ap_axi_sdata.h:363:9: warning: HLS pragma dump _XLX_SEP_ PragmaIsValid=1_XLX_SEP_ PragmaType=inline_XLX_SEP_ PragmaContext=_XLX_SEP_ PragmaFunction=read_nb_XLX_SEP_ PragmaOptions=_XLX_SEP_ [-Wdump-hls-pragmas]
#pragma HLS inline
        ^
/tools/Xilinx/Vitis_HLS/2022.2/common/technology/autopilot/ap_axi_sdata.h:379:9: warning: HLS pragma dump _XLX_SEP_ PragmaIsValid=1_XLX_SEP_ PragmaType=inline_XLX_SEP_ PragmaContext=_XLX_SEP_ PragmaFunction=write_nb_XLX_SEP_ PragmaOptions=_XLX_SEP_ [-Wdump-hls-pragmas]
#pragma HLS inline
        ^
In file included from src/top.cpp:2:
In file included from src/convlayer.h:55:
In file included from src/streamtools.h:52:
src/mmv.hpp:53:9: warning: HLS pragma dump _XLX_SEP_ PragmaIsValid=1_XLX_SEP_ PragmaType=inline_XLX_SEP_ PragmaContext=_XLX_SEP_ PragmaFunction=operator[]_XLX_SEP_ PragmaOptions=_XLX_SEP_ [-Wdump-hls-pragmas]
#pragma HLS inline
        ^
In file included from src/top.cpp:2:
In file included from src/convlayer.h:55:
src/streamtools.h:78:9: warning: HLS pragma dump _XLX_SEP_ PragmaIsValid=1_XLX_SEP_ PragmaType=pipeline_XLX_SEP_ PragmaContext=_XLX_SEP_ PragmaFunction=StreamLimiter_XLX_SEP_ PragmaOptions=style=flp II=1_XLX_SEP_ [-Wdump-hls-pragmas]
#pragma HLS pipeline style=flp II=1
        ^
src/streamtools.h:161:9: warning: HLS pragma dump _XLX_SEP_ PragmaIsValid=1_XLX_SEP_ PragmaType=pipeline_XLX_SEP_ PragmaContext=_XLX_SEP_ PragmaFunction=SameResize_XLX_SEP_ PragmaOptions=style=flp II=1_XLX_SEP_ [-Wdump-hls-pragmas]
#pragma HLS pipeline style=flp II=1
        ^
src/streamtools.h:235:9: warning: HLS pragma dump _XLX_SEP_ PragmaIsValid=1_XLX_SEP_ PragmaType=pipeline_XLX_SEP_ PragmaContext=_XLX_SEP_ PragmaFunction=StreamingCast_XLX_SEP_ PragmaOptions=style=flp II=1_XLX_SEP_ [-Wdump-hls-pragmas]
#pragma HLS pipeline style=flp II=1
        ^
src/streamtools.h:281:9: warning: HLS pragma dump _XLX_SEP_ PragmaIsValid=1_XLX_SEP_ PragmaType=pipeline_XLX_SEP_ PragmaContext=_XLX_SEP_ PragmaFunction=FMPadding_nonsquare_XLX_SEP_ PragmaOptions=style=flp II=1_XLX_SEP_ [-Wdump-hls-pragmas]
#pragma HLS pipeline style=flp II=1
        ^
src/streamtools.h:375:9: warning: HLS pragma dump _XLX_SEP_ PragmaIsValid=1_XLX_SEP_ PragmaType=inline_XLX_SEP_ PragmaContext=_XLX_SEP_ PragmaFunction=FMPadding_XLX_SEP_ PragmaOptions=_XLX_SEP_ [-Wdump-hls-pragmas]
#pragma HLS inline
        ^
src/streamtools.h:452:9: warning: HLS pragma dump _XLX_SEP_ PragmaIsValid=1_XLX_SEP_ PragmaType=pipeline_XLX_SEP_ PragmaContext=_XLX_SEP_ PragmaFunction=StreamingDataWidthConverter_Batch_XLX_SEP_ PragmaOptions=style=flp II=1_XLX_SEP_ [-Wdump-hls-pragmas]
#pragma HLS pipeline style=flp II=1
        ^
src/streamtools.h:472:9: warning: HLS pragma dump _XLX_SEP_ PragmaIsValid=1_XLX_SEP_ PragmaType=pipeline_XLX_SEP_ PragmaContext=_XLX_SEP_ PragmaFunction=StreamingDataWidthConverter_Batch_XLX_SEP_ PragmaOptions=style=flp II=1_XLX_SEP_ [-Wdump-hls-pragmas]
#pragma HLS pipeline style=flp II=1
        ^
src/streamtools.h:483:9: warning: HLS pragma dump _XLX_SEP_ PragmaIsValid=1_XLX_SEP_ PragmaType=pipeline_XLX_SEP_ PragmaContext=_XLX_SEP_ PragmaFunction=StreamingDataWidthConverter_Batch_XLX_SEP_ PragmaOptions=style=flp II=1_XLX_SEP_ [-Wdump-hls-pragmas]
#pragma HLS pipeline style=flp II=1
        ^
src/streamtools.h:592:9: warning: HLS pragma dump _XLX_SEP_ PragmaIsValid=1_XLX_SEP_ PragmaType=pipeline_XLX_SEP_ PragmaContext=_XLX_SEP_ PragmaFunction=DuplicateStreams_XLX_SEP_ PragmaOptions=style=flp II=1_XLX_SEP_ [-Wdump-hls-pragmas]
#pragma HLS pipeline style=flp II=1
        ^
src/streamtools.h:650:9: warning: HLS pragma dump _XLX_SEP_ PragmaIsValid=1_XLX_SEP_ PragmaType=pipeline_XLX_SEP_ PragmaContext=_XLX_SEP_ PragmaFunction=AddStreams_XLX_SEP_ PragmaOptions=style=flp II=1_XLX_SEP_ [-Wdump-hls-pragmas]
#pragma HLS pipeline style=flp II=1
        ^
src/streamtools.h:655:9: warning: HLS pragma dump _XLX_SEP_ PragmaIsValid=1_XLX_SEP_ PragmaType=unroll_XLX_SEP_ PragmaContext=_XLX_SEP_ PragmaFunction=AddStreams_XLX_SEP_ PragmaOptions=_XLX_SEP_ [-Wdump-hls-pragmas]
#pragma HLS UNROLL
        ^
src/streamtools.h:724:9: warning: HLS pragma dump _XLX_SEP_ PragmaIsValid=1_XLX_SEP_ PragmaType=inline_XLX_SEP_ PragmaContext=_XLX_SEP_ PragmaFunction=AddStreamsLayer_Batch_XLX_SEP_ PragmaOptions=_XLX_SEP_ [-Wdump-hls-pragmas]
#pragma HLS INLINE
        ^
src/streamtools.h:771:9: warning: HLS pragma dump _XLX_SEP_ PragmaIsValid=1_XLX_SEP_ PragmaType=pipeline_XLX_SEP_ PragmaContext=_XLX_SEP_ PragmaFunction=MultiChanDataWidthConverter_Batch_XLX_SEP_ PragmaOptions=style=flp II=1_XLX_SEP_ [-Wdump-hls-pragmas]
#pragma HLS pipeline style=flp II=1
        ^
src/streamtools.h:778:9: warning: HLS pragma dump _XLX_SEP_ PragmaIsValid=1_XLX_SEP_ PragmaType=unroll_XLX_SEP_ PragmaContext=_XLX_SEP_ PragmaFunction=MultiChanDataWidthConverter_Batch_XLX_SEP_ PragmaOptions=_XLX_SEP_ [-Wdump-hls-pragmas]
#pragma HLS UNROLL
        ^
src/streamtools.h:794:9: warning: HLS pragma dump _XLX_SEP_ PragmaIsValid=1_XLX_SEP_ PragmaType=pipeline_XLX_SEP_ PragmaContext=_XLX_SEP_ PragmaFunction=MultiChanDataWidthConverter_Batch_XLX_SEP_ PragmaOptions=style=flp II=1_XLX_SEP_ [-Wdump-hls-pragmas]
#pragma HLS pipeline style=flp II=1
        ^
src/streamtools.h:800:9: warning: HLS pragma dump _XLX_SEP_ PragmaIsValid=1_XLX_SEP_ PragmaType=unroll_XLX_SEP_ PragmaContext=_XLX_SEP_ PragmaFunction=MultiChanDataWidthConverter_Batch_XLX_SEP_ PragmaOptions=_XLX_SEP_ [-Wdump-hls-pragmas]
#pragma HLS UNROLL
        ^
src/streamtools.h:812:9: warning: HLS pragma dump _XLX_SEP_ PragmaIsValid=1_XLX_SEP_ PragmaType=pipeline_XLX_SEP_ PragmaContext=_XLX_SEP_ PragmaFunction=MultiChanDataWidthConverter_Batch_XLX_SEP_ PragmaOptions=style=flp II=1_XLX_SEP_ [-Wdump-hls-pragmas]
#pragma HLS pipeline style=flp II=1
        ^
src/streamtools.h:816:9: warning: HLS pragma dump _XLX_SEP_ PragmaIsValid=1_XLX_SEP_ PragmaType=unroll_XLX_SEP_ PragmaContext=_XLX_SEP_ PragmaFunction=MultiChanDataWidthConverter_Batch_XLX_SEP_ PragmaOptions=_XLX_SEP_ [-Wdump-hls-pragmas]
#pragma HLS UNROLL
        ^
src/streamtools.h:852:9: warning: HLS pragma dump _XLX_SEP_ PragmaIsValid=1_XLX_SEP_ PragmaType=pipeline_XLX_SEP_ PragmaContext=_XLX_SEP_ PragmaFunction=FlattenMultiChanData_XLX_SEP_ PragmaOptions=style=flp II=1_XLX_SEP_ [-Wdump-hls-pragmas]
#pragma HLS pipeline style=flp II=1
        ^
src/streamtools.h:856:9: warning: HLS pragma dump _XLX_SEP_ PragmaIsValid=1_XLX_SEP_ PragmaType=unroll_XLX_SEP_ PragmaContext=_XLX_SEP_ PragmaFunction=FlattenMultiChanData_XLX_SEP_ PragmaOptions=_XLX_SEP_ [-Wdump-hls-pragmas]
#pragma HLS UNROLL
        ^
src/streamtools.h:883:9: warning: HLS pragma dump _XLX_SEP_ PragmaIsValid=1_XLX_SEP_ PragmaType=pipeline_XLX_SEP_ PragmaContext=_XLX_SEP_ PragmaFunction=PackMultiChanData_XLX_SEP_ PragmaOptions=style=flp II=1_XLX_SEP_ [-Wdump-hls-pragmas]
#pragma HLS pipeline style=flp II=1
        ^
src/streamtools.h:887:9: warning: HLS pragma dump _XLX_SEP_ PragmaIsValid=1_XLX_SEP_ PragmaType=unroll_XLX_SEP_ PragmaContext=_XLX_SEP_ PragmaFunction=PackMultiChanData_XLX_SEP_ PragmaOptions=_XLX_SEP_ [-Wdump-hls-pragmas]
#pragma HLS UNROLL
        ^
src/streamtools.h:976:9: warning: HLS pragma dump _XLX_SEP_ PragmaIsValid=1_XLX_SEP_ PragmaType=pipeline_XLX_SEP_ PragmaContext=_XLX_SEP_ PragmaFunction=Qdma2Stream_Batch_XLX_SEP_ PragmaOptions=style=flp II=1_XLX_SEP_ [-Wdump-hls-pragmas]
#pragma HLS pipeline style=flp II=1
        ^
src/streamtools.h:999:9: warning: HLS pragma dump _XLX_SEP_ PragmaIsValid=1_XLX_SEP_ PragmaType=pipeline_XLX_SEP_ PragmaContext=_XLX_SEP_ PragmaFunction=Stream2Qdma_Batch_XLX_SEP_ PragmaOptions=style=flp II=1_XLX_SEP_ [-Wdump-hls-pragmas]
#pragma HLS pipeline style=flp II=1
        ^
In file included from src/top.cpp:2:
In file included from src/convlayer.h:56:
src/slidingwindow.h:74:9: warning: HLS pragma dump _XLX_SEP_ PragmaIsValid=1_XLX_SEP_ PragmaType=bind_storage_XLX_SEP_ PragmaContext=_XLX_SEP_ PragmaFunction=memory_resource_XLX_SEP_ PragmaOptions=variable=inputBuf type=RAM_2P_XLX_SEP_ [-Wdump-hls-pragmas]
#pragma HLS BIND_STORAGE variable=inputBuf type=RAM_2P
        ^
src/slidingwindow.h:95:9: warning: HLS pragma dump _XLX_SEP_ PragmaIsValid=1_XLX_SEP_ PragmaType=bind_storage_XLX_SEP_ PragmaContext=_XLX_SEP_ PragmaFunction=memory_resource_XLX_SEP_ PragmaOptions=variable=inputBuf type=RAM_S2P impl=BRAM_XLX_SEP_ [-Wdump-hls-pragmas]
#pragma HLS BIND_STORAGE variable=inputBuf type=RAM_S2P impl=BRAM
        ^
src/slidingwindow.h:116:9: warning: HLS pragma dump _XLX_SEP_ PragmaIsValid=1_XLX_SEP_ PragmaType=bind_storage_XLX_SEP_ PragmaContext=_XLX_SEP_ PragmaFunction=memory_resource_XLX_SEP_ PragmaOptions=variable=inputBuf type=RAM_S2P impl=URAM_XLX_SEP_ [-Wdump-hls-pragmas]
#pragma HLS BIND_STORAGE variable=inputBuf type=RAM_S2P impl=URAM
        ^
src/slidingwindow.h:137:9: warning: HLS pragma dump _XLX_SEP_ PragmaIsValid=1_XLX_SEP_ PragmaType=bind_storage_XLX_SEP_ PragmaContext=_XLX_SEP_ PragmaFunction=memory_resource_XLX_SEP_ PragmaOptions=variable=inputBuf type=RAM_S2P impl=LUTRAM_XLX_SEP_ [-Wdump-hls-pragmas]
#pragma HLS BIND_STORAGE variable=inputBuf type=RAM_S2P impl=LUTRAM
        ^
src/slidingwindow.h:177:9: warning: HLS pragma dump _XLX_SEP_ PragmaIsValid=1_XLX_SEP_ PragmaType=array_partition_XLX_SEP_ PragmaContext=_XLX_SEP_ PragmaFunction=ConvolutionInputGenerator_XLX_SEP_ PragmaOptions=variable=inputBuf complete dim=1_XLX_SEP_ [-Wdump-hls-pragmas]
#pragma HLS ARRAY_PARTITION variable=inputBuf complete dim=1
        ^
src/slidingwindow.h:192:9: warning: HLS pragma dump _XLX_SEP_ PragmaIsValid=1_XLX_SEP_ PragmaType=pipeline_XLX_SEP_ PragmaContext=_XLX_SEP_ PragmaFunction=ConvolutionInputGenerator_XLX_SEP_ PragmaOptions=style=flp II=1_XLX_SEP_ [-Wdump-hls-pragmas]
#pragma HLS pipeline style=flp II=1
        ^
src/slidingwindow.h:243:9: warning: HLS pragma dump _XLX_SEP_ PragmaIsValid=1_XLX_SEP_ PragmaType=dependence_XLX_SEP_ PragmaContext=deprecated_XLX_SEP_ PragmaFunction=ConvolutionInputGenerator_XLX_SEP_ PragmaOptions=variable=inputBuf intra false_XLX_SEP_ [-Wdump-hls-pragmas]
#pragma AP dependence variable=inputBuf intra false
        ^
src/slidingwindow.h:244:9: warning: HLS pragma dump _XLX_SEP_ PragmaIsValid=1_XLX_SEP_ PragmaType=dependence_XLX_SEP_ PragmaContext=deprecated_XLX_SEP_ PragmaFunction=ConvolutionInputGenerator_XLX_SEP_ PragmaOptions=variable=inputBuf inter false_XLX_SEP_ [-Wdump-hls-pragmas]
#pragma AP dependence variable=inputBuf inter false
        ^
src/slidingwindow.h:254:9: warning: HLS pragma dump _XLX_SEP_ PragmaIsValid=1_XLX_SEP_ PragmaType=dependence_XLX_SEP_ PragmaContext=deprecated_XLX_SEP_ PragmaFunction=ConvolutionInputGenerator_XLX_SEP_ PragmaOptions=variable=current_block_write intra false_XLX_SEP_ [-Wdump-hls-pragmas]
#pragma AP dependence variable=current_block_write intra false
        ^
src/slidingwindow.h:308:9: warning: HLS pragma dump _XLX_SEP_ PragmaIsValid=1_XLX_SEP_ PragmaType=dependence_XLX_SEP_ PragmaContext=_XLX_SEP_ PragmaFunction=ConvolutionInputGenerator_MMV_XLX_SEP_ PragmaOptions=variable=inputBuf inter false_XLX_SEP_ [-Wdump-hls-pragmas]
#pragma HLS DEPENDENCE variable=inputBuf inter false
        ^
src/slidingwindow.h:309:9: warning: HLS pragma dump _XLX_SEP_ PragmaIsValid=1_XLX_SEP_ PragmaType=dependence_XLX_SEP_ PragmaContext=_XLX_SEP_ PragmaFunction=ConvolutionInputGenerator_MMV_XLX_SEP_ PragmaOptions=variable=inputBuf intra false_XLX_SEP_ [-Wdump-hls-pragmas]
#pragma HLS DEPENDENCE variable=inputBuf intra false
        ^
src/slidingwindow.h:310:9: warning: HLS pragma dump _XLX_SEP_ PragmaIsValid=1_XLX_SEP_ PragmaType=array_partition_XLX_SEP_ PragmaContext=_XLX_SEP_ PragmaFunction=ConvolutionInputGenerator_MMV_XLX_SEP_ PragmaOptions=variable=inputBuf complete dim=1_XLX_SEP_ [-Wdump-hls-pragmas]
#pragma HLS ARRAY_PARTITION variable=inputBuf complete dim=1
        ^
src/slidingwindow.h:311:9: warning: HLS pragma dump _XLX_SEP_ PragmaIsValid=1_XLX_SEP_ PragmaType=array_partition_XLX_SEP_ PragmaContext=_XLX_SEP_ PragmaFunction=ConvolutionInputGenerator_MMV_XLX_SEP_ PragmaOptions=variable=inputBuf complete dim=2_XLX_SEP_ [-Wdump-hls-pragmas]
#pragma HLS ARRAY_PARTITION variable=inputBuf complete dim=2
        ^
src/slidingwindow.h:326:9: warning: HLS pragma dump _XLX_SEP_ PragmaIsValid=1_XLX_SEP_ PragmaType=pipeline_XLX_SEP_ PragmaContext=_XLX_SEP_ PragmaFunction=ConvolutionInputGenerator_MMV_XLX_SEP_ PragmaOptions=style=flp II=1_XLX_SEP_ [-Wdump-hls-pragmas]
#pragma HLS pipeline style=flp II=1
        ^
src/slidingwindow.h:333:9: warning: HLS pragma dump _XLX_SEP_ PragmaIsValid=1_XLX_SEP_ PragmaType=unroll_XLX_SEP_ PragmaContext=_XLX_SEP_ PragmaFunction=ConvolutionInputGenerator_MMV_XLX_SEP_ PragmaOptions=_XLX_SEP_ [-Wdump-hls-pragmas]
#pragma HLS UNROLL
        ^
src/slidingwindow.h:359:9: warning: HLS pragma dump _XLX_SEP_ PragmaIsValid=1_XLX_SEP_ PragmaType=unroll_XLX_SEP_ PragmaContext=_XLX_SEP_ PragmaFunction=ConvolutionInputGenerator_MMV_XLX_SEP_ PragmaOptions=_XLX_SEP_ [-Wdump-hls-pragmas]
#pragma HLS UNROLL
        ^
src/slidingwindow.h:392:9: warning: HLS pragma dump _XLX_SEP_ PragmaIsValid=1_XLX_SEP_ PragmaType=unroll_XLX_SEP_ PragmaContext=_XLX_SEP_ PragmaFunction=ConvolutionInputGenerator_MMV_XLX_SEP_ PragmaOptions=_XLX_SEP_ [-Wdump-hls-pragmas]
#pragma HLS UNROLL
        ^
src/slidingwindow.h:394:9: warning: HLS pragma dump _XLX_SEP_ PragmaIsValid=1_XLX_SEP_ PragmaType=dependence_XLX_SEP_ PragmaContext=deprecated_XLX_SEP_ PragmaFunction=ConvolutionInputGenerator_MMV_XLX_SEP_ PragmaOptions=variable=inputBuf intra false_XLX_SEP_ [-Wdump-hls-pragmas]
#pragma AP dependence variable=inputBuf intra false
        ^
src/slidingwindow.h:395:9: warning: HLS pragma dump _XLX_SEP_ PragmaIsValid=1_XLX_SEP_ PragmaType=dependence_XLX_SEP_ PragmaContext=deprecated_XLX_SEP_ PragmaFunction=ConvolutionInputGenerator_MMV_XLX_SEP_ PragmaOptions=variable=inputBuf inter false_XLX_SEP_ [-Wdump-hls-pragmas]
#pragma AP dependence variable=inputBuf inter false
        ^
src/slidingwindow.h:406:9: warning: HLS pragma dump _XLX_SEP_ PragmaIsValid=1_XLX_SEP_ PragmaType=dependence_XLX_SEP_ PragmaContext=deprecated_XLX_SEP_ PragmaFunction=ConvolutionInputGenerator_MMV_XLX_SEP_ PragmaOptions=variable=current_block_write intra false_XLX_SEP_ [-Wdump-hls-pragmas]
#pragma AP dependence variable=current_block_write intra false
        ^
src/slidingwindow.h:466:9: warning: HLS pragma dump _XLX_SEP_ PragmaIsValid=1_XLX_SEP_ PragmaType=array_partition_XLX_SEP_ PragmaContext=_XLX_SEP_ PragmaFunction=ConvolutionInputGenerator_kernel_stride_XLX_SEP_ PragmaOptions=variable=inputBuf complete dim=1_XLX_SEP_ [-Wdump-hls-pragmas]
#pragma HLS ARRAY_PARTITION variable=inputBuf complete dim=1
        ^
src/slidingwindow.h:467:9: warning: HLS pragma dump _XLX_SEP_ PragmaIsValid=1_XLX_SEP_ PragmaType=dependence_XLX_SEP_ PragmaContext=_XLX_SEP_ PragmaFunction=ConvolutionInputGenerator_kernel_stride_XLX_SEP_ PragmaOptions=variable=inputBuf inter false_XLX_SEP_ [-Wdump-hls-pragmas]
#pragma HLS DEPENDENCE variable=inputBuf inter false
        ^
src/slidingwindow.h:468:9: warning: HLS pragma dump _XLX_SEP_ PragmaIsValid=1_XLX_SEP_ PragmaType=dependence_XLX_SEP_ PragmaContext=_XLX_SEP_ PragmaFunction=ConvolutionInputGenerator_kernel_stride_XLX_SEP_ PragmaOptions=variable=inputBuf intra false_XLX_SEP_ [-Wdump-hls-pragmas]
#pragma HLS DEPENDENCE variable=inputBuf intra false
        ^
src/slidingwindow.h:476:9: warning: HLS pragma dump _XLX_SEP_ PragmaIsValid=1_XLX_SEP_ PragmaType=dependence_XLX_SEP_ PragmaContext=_XLX_SEP_ PragmaFunction=ConvolutionInputGenerator_kernel_stride_XLX_SEP_ PragmaOptions=variable=current_block_write intra false_XLX_SEP_ [-Wdump-hls-pragmas]
#pragma HLS DEPENDENCE variable=current_block_write intra false
        ^
src/slidingwindow.h:479:9: warning: HLS pragma dump _XLX_SEP_ PragmaIsValid=1_XLX_SEP_ PragmaType=pipeline_XLX_SEP_ PragmaContext=_XLX_SEP_ PragmaFunction=ConvolutionInputGenerator_kernel_stride_XLX_SEP_ PragmaOptions=style=flp II=1_XLX_SEP_ [-Wdump-hls-pragmas]
#pragma HLS pipeline style=flp II=1
        ^
src/slidingwindow.h:544:9: warning: HLS pragma dump _XLX_SEP_ PragmaIsValid=1_XLX_SEP_ PragmaType=dependence_XLX_SEP_ PragmaContext=_XLX_SEP_ PragmaFunction=ConvolutionInputGenerator_kernel_stride_XLX_SEP_ PragmaOptions=variable=inputBuf inter false_XLX_SEP_ [-Wdump-hls-pragmas]
#pragma HLS DEPENDENCE variable=inputBuf inter false
        ^
src/slidingwindow.h:545:9: warning: HLS pragma dump _XLX_SEP_ PragmaIsValid=1_XLX_SEP_ PragmaType=dependence_XLX_SEP_ PragmaContext=_XLX_SEP_ PragmaFunction=ConvolutionInputGenerator_kernel_stride_XLX_SEP_ PragmaOptions=variable=inputBuf intra false_XLX_SEP_ [-Wdump-hls-pragmas]
#pragma HLS DEPENDENCE variable=inputBuf intra false
        ^
src/slidingwindow.h:554:9: warning: HLS pragma dump _XLX_SEP_ PragmaIsValid=1_XLX_SEP_ PragmaType=dependence_XLX_SEP_ PragmaContext=_XLX_SEP_ PragmaFunction=ConvolutionInputGenerator_kernel_stride_XLX_SEP_ PragmaOptions=variable=current_block_write intra false_XLX_SEP_ [-Wdump-hls-pragmas]
#pragma HLS DEPENDENCE variable=current_block_write intra false
        ^
src/slidingwindow.h:610:9: warning: HLS pragma dump _XLX_SEP_ PragmaIsValid=1_XLX_SEP_ PragmaType=dependence_XLX_SEP_ PragmaContext=_XLX_SEP_ PragmaFunction=ConvolutionInputGenerator_kernel_stride_MMV_XLX_SEP_ PragmaOptions=variable=inputBuf inter false_XLX_SEP_ [-Wdump-hls-pragmas]
#pragma HLS DEPENDENCE variable=inputBuf inter false
        ^
src/slidingwindow.h:611:9: warning: HLS pragma dump _XLX_SEP_ PragmaIsValid=1_XLX_SEP_ PragmaType=dependence_XLX_SEP_ PragmaContext=_XLX_SEP_ PragmaFunction=ConvolutionInputGenerator_kernel_stride_MMV_XLX_SEP_ PragmaOptions=variable=inputBuf intra false_XLX_SEP_ [-Wdump-hls-pragmas]
#pragma HLS DEPENDENCE variable=inputBuf intra false
        ^
src/slidingwindow.h:612:9: warning: HLS pragma dump _XLX_SEP_ PragmaIsValid=1_XLX_SEP_ PragmaType=array_partition_XLX_SEP_ PragmaContext=_XLX_SEP_ PragmaFunction=ConvolutionInputGenerator_kernel_stride_MMV_XLX_SEP_ PragmaOptions=variable=inputBuf complete dim=1_XLX_SEP_ [-Wdump-hls-pragmas]
#pragma HLS ARRAY_PARTITION variable=inputBuf complete dim=1
        ^
src/slidingwindow.h:613:9: warning: HLS pragma dump _XLX_SEP_ PragmaIsValid=1_XLX_SEP_ PragmaType=array_partition_XLX_SEP_ PragmaContext=_XLX_SEP_ PragmaFunction=ConvolutionInputGenerator_kernel_stride_MMV_XLX_SEP_ PragmaOptions=variable=inputBuf complete dim=2_XLX_SEP_ [-Wdump-hls-pragmas]
#pragma HLS ARRAY_PARTITION variable=inputBuf complete dim=2
        ^
src/slidingwindow.h:628:9: warning: HLS pragma dump _XLX_SEP_ PragmaIsValid=1_XLX_SEP_ PragmaType=dependence_XLX_SEP_ PragmaContext=_XLX_SEP_ PragmaFunction=ConvolutionInputGenerator_kernel_stride_MMV_XLX_SEP_ PragmaOptions=variable=current_block_write intra false_XLX_SEP_ [-Wdump-hls-pragmas]
#pragma HLS DEPENDENCE variable=current_block_write intra false
        ^
src/slidingwindow.h:631:9: warning: HLS pragma dump _XLX_SEP_ PragmaIsValid=1_XLX_SEP_ PragmaType=pipeline_XLX_SEP_ PragmaContext=_XLX_SEP_ PragmaFunction=ConvolutionInputGenerator_kernel_stride_MMV_XLX_SEP_ PragmaOptions=style=flp II=1_XLX_SEP_ [-Wdump-hls-pragmas]
#pragma HLS pipeline style=flp II=1
        ^
src/slidingwindow.h:638:9: warning: HLS pragma dump _XLX_SEP_ PragmaIsValid=1_XLX_SEP_ PragmaType=unroll_XLX_SEP_ PragmaContext=_XLX_SEP_ PragmaFunction=ConvolutionInputGenerator_kernel_stride_MMV_XLX_SEP_ PragmaOptions=_XLX_SEP_ [-Wdump-hls-pragmas]
#pragma HLS UNROLL
        ^
src/slidingwindow.h:672:9: warning: HLS pragma dump _XLX_SEP_ PragmaIsValid=1_XLX_SEP_ PragmaType=unroll_XLX_SEP_ PragmaContext=_XLX_SEP_ PragmaFunction=ConvolutionInputGenerator_kernel_stride_MMV_XLX_SEP_ PragmaOptions=_XLX_SEP_ [-Wdump-hls-pragmas]
#pragma HLS UNROLL
        ^
src/slidingwindow.h:705:9: warning: HLS pragma dump _XLX_SEP_ PragmaIsValid=1_XLX_SEP_ PragmaType=unroll_XLX_SEP_ PragmaContext=_XLX_SEP_ PragmaFunction=ConvolutionInputGenerator_kernel_stride_MMV_XLX_SEP_ PragmaOptions=_XLX_SEP_ [-Wdump-hls-pragmas]
#pragma HLS UNROLL
        ^
src/slidingwindow.h:716:9: warning: HLS pragma dump _XLX_SEP_ PragmaIsValid=1_XLX_SEP_ PragmaType=dependence_XLX_SEP_ PragmaContext=_XLX_SEP_ PragmaFunction=ConvolutionInputGenerator_kernel_stride_MMV_XLX_SEP_ PragmaOptions=variable=current_block_write intra false_XLX_SEP_ [-Wdump-hls-pragmas]
#pragma HLS DEPENDENCE variable=current_block_write intra false
        ^
src/slidingwindow.h:767:9: warning: HLS pragma dump _XLX_SEP_ PragmaIsValid=1_XLX_SEP_ PragmaType=array_partition_XLX_SEP_ PragmaContext=_XLX_SEP_ PragmaFunction=ConvolutionInputGenerator_dws_XLX_SEP_ PragmaOptions=variable=inputBuf complete dim=1_XLX_SEP_ [-Wdump-hls-pragmas]
#pragma HLS ARRAY_PARTITION variable=inputBuf complete dim=1
        ^
src/slidingwindow.h:782:9: warning: HLS pragma dump _XLX_SEP_ PragmaIsValid=1_XLX_SEP_ PragmaType=pipeline_XLX_SEP_ PragmaContext=_XLX_SEP_ PragmaFunction=ConvolutionInputGenerator_dws_XLX_SEP_ PragmaOptions=style=flp II=1_XLX_SEP_ [-Wdump-hls-pragmas]
#pragma HLS pipeline style=flp II=1
        ^
src/slidingwindow.h:833:9: warning: HLS pragma dump _XLX_SEP_ PragmaIsValid=1_XLX_SEP_ PragmaType=dependence_XLX_SEP_ PragmaContext=deprecated_XLX_SEP_ PragmaFunction=ConvolutionInputGenerator_dws_XLX_SEP_ PragmaOptions=variable=inputBuf intra false_XLX_SEP_ [-Wdump-hls-pragmas]
#pragma AP dependence variable=inputBuf intra false
        ^
src/slidingwindow.h:834:9: warning: HLS pragma dump _XLX_SEP_ PragmaIsValid=1_XLX_SEP_ PragmaType=dependence_XLX_SEP_ PragmaContext=deprecated_XLX_SEP_ PragmaFunction=ConvolutionInputGenerator_dws_XLX_SEP_ PragmaOptions=variable=inputBuf inter false_XLX_SEP_ [-Wdump-hls-pragmas]
#pragma AP dependence variable=inputBuf inter false
        ^
src/slidingwindow.h:844:9: warning: HLS pragma dump _XLX_SEP_ PragmaIsValid=1_XLX_SEP_ PragmaType=dependence_XLX_SEP_ PragmaContext=deprecated_XLX_SEP_ PragmaFunction=ConvolutionInputGenerator_dws_XLX_SEP_ PragmaOptions=variable=current_block_write intra false_XLX_SEP_ [-Wdump-hls-pragmas]
#pragma AP dependence variable=current_block_write intra false
        ^
src/slidingwindow.h:903:9: warning: HLS pragma dump _XLX_SEP_ PragmaIsValid=1_XLX_SEP_ PragmaType=array_partition_XLX_SEP_ PragmaContext=_XLX_SEP_ PragmaFunction=ConvolutionInputGenerator_kernel_stride_dws_XLX_SEP_ PragmaOptions=variable=inputBuf complete dim=1_XLX_SEP_ [-Wdump-hls-pragmas]
#pragma HLS ARRAY_PARTITION variable=inputBuf complete dim=1
        ^
src/slidingwindow.h:904:9: warning: HLS pragma dump _XLX_SEP_ PragmaIsValid=1_XLX_SEP_ PragmaType=dependence_XLX_SEP_ PragmaContext=_XLX_SEP_ PragmaFunction=ConvolutionInputGenerator_kernel_stride_dws_XLX_SEP_ PragmaOptions=variable=inputBuf inter false_XLX_SEP_ [-Wdump-hls-pragmas]
#pragma HLS DEPENDENCE variable=inputBuf inter false
        ^
src/slidingwindow.h:905:9: warning: HLS pragma dump _XLX_SEP_ PragmaIsValid=1_XLX_SEP_ PragmaType=dependence_XLX_SEP_ PragmaContext=_XLX_SEP_ PragmaFunction=ConvolutionInputGenerator_kernel_stride_dws_XLX_SEP_ PragmaOptions=variable=inputBuf intra false_XLX_SEP_ [-Wdump-hls-pragmas]
#pragma HLS DEPENDENCE variable=inputBuf intra false
        ^
src/slidingwindow.h:915:9: warning: HLS pragma dump _XLX_SEP_ PragmaIsValid=1_XLX_SEP_ PragmaType=pipeline_XLX_SEP_ PragmaContext=_XLX_SEP_ PragmaFunction=ConvolutionInputGenerator_kernel_stride_dws_XLX_SEP_ PragmaOptions=style=flp II=1_XLX_SEP_ [-Wdump-hls-pragmas]
#pragma HLS pipeline style=flp II=1
        ^
src/slidingwindow.h:917:9: warning: HLS pragma dump _XLX_SEP_ PragmaIsValid=1_XLX_SEP_ PragmaType=dependence_XLX_SEP_ PragmaContext=_XLX_SEP_ PragmaFunction=ConvolutionInputGenerator_kernel_stride_dws_XLX_SEP_ PragmaOptions=variable=current_block_write intra false_XLX_SEP_ [-Wdump-hls-pragmas]
#pragma HLS DEPENDENCE variable=current_block_write intra false
        ^
src/slidingwindow.h:983:9: warning: HLS pragma dump _XLX_SEP_ PragmaIsValid=1_XLX_SEP_ PragmaType=dependence_XLX_SEP_ PragmaContext=_XLX_SEP_ PragmaFunction=ConvolutionInputGenerator_kernel_stride_dws_XLX_SEP_ PragmaOptions=variable=inputBuf inter false_XLX_SEP_ [-Wdump-hls-pragmas]
#pragma HLS DEPENDENCE variable=inputBuf inter false
        ^
src/slidingwindow.h:984:9: warning: HLS pragma dump _XLX_SEP_ PragmaIsValid=1_XLX_SEP_ PragmaType=dependence_XLX_SEP_ PragmaContext=_XLX_SEP_ PragmaFunction=ConvolutionInputGenerator_kernel_stride_dws_XLX_SEP_ PragmaOptions=variable=inputBuf intra false_XLX_SEP_ [-Wdump-hls-pragmas]
#pragma HLS DEPENDENCE variable=inputBuf intra false
        ^
src/slidingwindow.h:993:9: warning: HLS pragma dump _XLX_SEP_ PragmaIsValid=1_XLX_SEP_ PragmaType=dependence_XLX_SEP_ PragmaContext=_XLX_SEP_ PragmaFunction=ConvolutionInputGenerator_kernel_stride_dws_XLX_SEP_ PragmaOptions=variable=current_block_write intra false_XLX_SEP_ [-Wdump-hls-pragmas]
#pragma HLS DEPENDENCE variable=current_block_write intra false
        ^
src/slidingwindow.h:1048:9: warning: HLS pragma dump _XLX_SEP_ PragmaIsValid=1_XLX_SEP_ PragmaType=dependence_XLX_SEP_ PragmaContext=_XLX_SEP_ PragmaFunction=ConvolutionInputGenerator_dws_MMV_XLX_SEP_ PragmaOptions=variable=inputBuf inter false_XLX_SEP_ [-Wdump-hls-pragmas]
#pragma HLS DEPENDENCE variable=inputBuf inter false
        ^
src/slidingwindow.h:1049:9: warning: HLS pragma dump _XLX_SEP_ PragmaIsValid=1_XLX_SEP_ PragmaType=dependence_XLX_SEP_ PragmaContext=_XLX_SEP_ PragmaFunction=ConvolutionInputGenerator_dws_MMV_XLX_SEP_ PragmaOptions=variable=inputBuf intra false_XLX_SEP_ [-Wdump-hls-pragmas]
#pragma HLS DEPENDENCE variable=inputBuf intra false
        ^
src/slidingwindow.h:1050:9: warning: HLS pragma dump _XLX_SEP_ PragmaIsValid=1_XLX_SEP_ PragmaType=array_partition_XLX_SEP_ PragmaContext=_XLX_SEP_ PragmaFunction=ConvolutionInputGenerator_dws_MMV_XLX_SEP_ PragmaOptions=variable=inputBuf complete dim=1_XLX_SEP_ [-Wdump-hls-pragmas]
#pragma HLS ARRAY_PARTITION variable=inputBuf complete dim=1
        ^
src/slidingwindow.h:1051:9: warning: HLS pragma dump _XLX_SEP_ PragmaIsValid=1_XLX_SEP_ PragmaType=array_partition_XLX_SEP_ PragmaContext=_XLX_SEP_ PragmaFunction=ConvolutionInputGenerator_dws_MMV_XLX_SEP_ PragmaOptions=variable=inputBuf complete dim=2_XLX_SEP_ [-Wdump-hls-pragmas]
#pragma HLS ARRAY_PARTITION variable=inputBuf complete dim=2
        ^
src/slidingwindow.h:1066:9: warning: HLS pragma dump _XLX_SEP_ PragmaIsValid=1_XLX_SEP_ PragmaType=pipeline_XLX_SEP_ PragmaContext=_XLX_SEP_ PragmaFunction=ConvolutionInputGenerator_dws_MMV_XLX_SEP_ PragmaOptions=style=flp II=1_XLX_SEP_ [-Wdump-hls-pragmas]
#pragma HLS pipeline style=flp II=1
        ^
src/slidingwindow.h:1073:9: warning: HLS pragma dump _XLX_SEP_ PragmaIsValid=1_XLX_SEP_ PragmaType=unroll_XLX_SEP_ PragmaContext=_XLX_SEP_ PragmaFunction=ConvolutionInputGenerator_dws_MMV_XLX_SEP_ PragmaOptions=_XLX_SEP_ [-Wdump-hls-pragmas]
#pragma HLS UNROLL
        ^
src/slidingwindow.h:1099:9: warning: HLS pragma dump _XLX_SEP_ PragmaIsValid=1_XLX_SEP_ PragmaType=unroll_XLX_SEP_ PragmaContext=_XLX_SEP_ PragmaFunction=ConvolutionInputGenerator_dws_MMV_XLX_SEP_ PragmaOptions=_XLX_SEP_ [-Wdump-hls-pragmas]
#pragma HLS UNROLL
        ^
src/slidingwindow.h:1132:9: warning: HLS pragma dump _XLX_SEP_ PragmaIsValid=1_XLX_SEP_ PragmaType=unroll_XLX_SEP_ PragmaContext=_XLX_SEP_ PragmaFunction=ConvolutionInputGenerator_dws_MMV_XLX_SEP_ PragmaOptions=_XLX_SEP_ [-Wdump-hls-pragmas]
#pragma HLS UNROLL
        ^
src/slidingwindow.h:1134:9: warning: HLS pragma dump _XLX_SEP_ PragmaIsValid=1_XLX_SEP_ PragmaType=dependence_XLX_SEP_ PragmaContext=deprecated_XLX_SEP_ PragmaFunction=ConvolutionInputGenerator_dws_MMV_XLX_SEP_ PragmaOptions=variable=inputBuf intra false_XLX_SEP_ [-Wdump-hls-pragmas]
#pragma AP dependence variable=inputBuf intra false
        ^
src/slidingwindow.h:1135:9: warning: HLS pragma dump _XLX_SEP_ PragmaIsValid=1_XLX_SEP_ PragmaType=dependence_XLX_SEP_ PragmaContext=deprecated_XLX_SEP_ PragmaFunction=ConvolutionInputGenerator_dws_MMV_XLX_SEP_ PragmaOptions=variable=inputBuf inter false_XLX_SEP_ [-Wdump-hls-pragmas]
#pragma AP dependence variable=inputBuf inter false
        ^
src/slidingwindow.h:1146:9: warning: HLS pragma dump _XLX_SEP_ PragmaIsValid=1_XLX_SEP_ PragmaType=dependence_XLX_SEP_ PragmaContext=deprecated_XLX_SEP_ PragmaFunction=ConvolutionInputGenerator_dws_MMV_XLX_SEP_ PragmaOptions=variable=current_block_write intra false_XLX_SEP_ [-Wdump-hls-pragmas]
#pragma AP dependence variable=current_block_write intra false
        ^
src/slidingwindow.h:1191:9: warning: HLS pragma dump _XLX_SEP_ PragmaIsValid=1_XLX_SEP_ PragmaType=performance_XLX_SEP_ PragmaContext=_XLX_SEP_ PragmaFunction=ConvolutionInputGenerator_2D_kernel1_XLX_SEP_ PragmaOptions=target_ti=IFMDim*IFMDim*IFMChannels/SIMD_XLX_SEP_ [-Wdump-hls-pragmas]
#pragma HLS performance target_ti=IFMDim*IFMDim*IFMChannels/SIMD
        ^
src/slidingwindow.h:1198:9: warning: HLS pragma dump _XLX_SEP_ PragmaIsValid=1_XLX_SEP_ PragmaType=pipeline_XLX_SEP_ PragmaContext=_XLX_SEP_ PragmaFunction=ConvolutionInputGenerator_2D_kernel1_XLX_SEP_ PragmaOptions=style=flp II=IFMChannels/SIMD_XLX_SEP_ [-Wdump-hls-pragmas]
#pragma HLS pipeline style=flp II=IFMChannels/SIMD
        ^
src/slidingwindow.h:1245:9: warning: HLS pragma dump _XLX_SEP_ PragmaIsValid=1_XLX_SEP_ PragmaType=pipeline_XLX_SEP_ PragmaContext=_XLX_SEP_ PragmaFunction=ConvolutionInputGenerator_1D_kernel1_XLX_SEP_ PragmaOptions=style=flp II=1_XLX_SEP_ [-Wdump-hls-pragmas]
#pragma HLS pipeline style=flp II=1
        ^
src/slidingwindow.h:1300:9: warning: HLS pragma dump _XLX_SEP_ PragmaIsValid=1_XLX_SEP_ PragmaType=array_partition_XLX_SEP_ PragmaContext=_XLX_SEP_ PragmaFunction=ConvolutionInputGenerator_NonSquare_XLX_SEP_ PragmaOptions=variable=inputBuf complete dim=1_XLX_SEP_ [-Wdump-hls-pragmas]
#pragma HLS ARRAY_PARTITION variable=inputBuf complete dim=1
        ^
src/slidingwindow.h:1315:9: warning: HLS pragma dump _XLX_SEP_ PragmaIsValid=1_XLX_SEP_ PragmaType=pipeline_XLX_SEP_ PragmaContext=_XLX_SEP_ PragmaFunction=ConvolutionInputGenerator_NonSquare_XLX_SEP_ PragmaOptions=style=flp II=1_XLX_SEP_ [-Wdump-hls-pragmas]
#pragma HLS pipeline style=flp II=1
        ^
src/slidingwindow.h:1366:9: warning: HLS pragma dump _XLX_SEP_ PragmaIsValid=1_XLX_SEP_ PragmaType=dependence_XLX_SEP_ PragmaContext=deprecated_XLX_SEP_ PragmaFunction=ConvolutionInputGenerator_NonSquare_XLX_SEP_ PragmaOptions=variable=inputBuf intra false_XLX_SEP_ [-Wdump-hls-pragmas]
#pragma AP dependence variable=inputBuf intra false
        ^
src/slidingwindow.h:1367:9: warning: HLS pragma dump _XLX_SEP_ PragmaIsValid=1_XLX_SEP_ PragmaType=dependence_XLX_SEP_ PragmaContext=deprecated_XLX_SEP_ PragmaFunction=ConvolutionInputGenerator_NonSquare_XLX_SEP_ PragmaOptions=variable=inputBuf inter false_XLX_SEP_ [-Wdump-hls-pragmas]
#pragma AP dependence variable=inputBuf inter false
        ^
src/slidingwindow.h:1377:9: warning: HLS pragma dump _XLX_SEP_ PragmaIsValid=1_XLX_SEP_ PragmaType=dependence_XLX_SEP_ PragmaContext=deprecated_XLX_SEP_ PragmaFunction=ConvolutionInputGenerator_NonSquare_XLX_SEP_ PragmaOptions=variable=current_block_write intra false_XLX_SEP_ [-Wdump-hls-pragmas]
#pragma AP dependence variable=current_block_write intra false
        ^
src/slidingwindow.h:1434:9: warning: HLS pragma dump _XLX_SEP_ PragmaIsValid=1_XLX_SEP_ PragmaType=array_partition_XLX_SEP_ PragmaContext=_XLX_SEP_ PragmaFunction=ConvolutionInputGenerator_NonSquare_dws_XLX_SEP_ PragmaOptions=variable=inputBuf complete dim=1_XLX_SEP_ [-Wdump-hls-pragmas]
#pragma HLS ARRAY_PARTITION variable=inputBuf complete dim=1
        ^
src/slidingwindow.h:1449:9: warning: HLS pragma dump _XLX_SEP_ PragmaIsValid=1_XLX_SEP_ PragmaType=pipeline_XLX_SEP_ PragmaContext=_XLX_SEP_ PragmaFunction=ConvolutionInputGenerator_NonSquare_dws_XLX_SEP_ PragmaOptions=style=flp II=1_XLX_SEP_ [-Wdump-hls-pragmas]
#pragma HLS pipeline style=flp II=1
        ^
src/slidingwindow.h:1500:9: warning: HLS pragma dump _XLX_SEP_ PragmaIsValid=1_XLX_SEP_ PragmaType=dependence_XLX_SEP_ PragmaContext=deprecated_XLX_SEP_ PragmaFunction=ConvolutionInputGenerator_NonSquare_dws_XLX_SEP_ PragmaOptions=variable=inputBuf intra false_XLX_SEP_ [-Wdump-hls-pragmas]
#pragma AP dependence variable=inputBuf intra false
        ^
src/slidingwindow.h:1501:9: warning: HLS pragma dump _XLX_SEP_ PragmaIsValid=1_XLX_SEP_ PragmaType=dependence_XLX_SEP_ PragmaContext=deprecated_XLX_SEP_ PragmaFunction=ConvolutionInputGenerator_NonSquare_dws_XLX_SEP_ PragmaOptions=variable=inputBuf inter false_XLX_SEP_ [-Wdump-hls-pragmas]
#pragma AP dependence variable=inputBuf inter false
        ^
src/slidingwindow.h:1511:9: warning: HLS pragma dump _XLX_SEP_ PragmaIsValid=1_XLX_SEP_ PragmaType=dependence_XLX_SEP_ PragmaContext=deprecated_XLX_SEP_ PragmaFunction=ConvolutionInputGenerator_NonSquare_dws_XLX_SEP_ PragmaOptions=variable=current_block_write intra false_XLX_SEP_ [-Wdump-hls-pragmas]
#pragma AP dependence variable=current_block_write intra false
        ^
src/slidingwindow.h:1575:9: warning: HLS pragma dump _XLX_SEP_ PragmaIsValid=1_XLX_SEP_ PragmaType=array_partition_XLX_SEP_ PragmaContext=_XLX_SEP_ PragmaFunction=ConvolutionInputGenerator_NonSquare_Dilated_XLX_SEP_ PragmaOptions=variable=inputBuf complete dim=1_XLX_SEP_ [-Wdump-hls-pragmas]
#pragma HLS ARRAY_PARTITION variable=inputBuf complete dim=1
        ^
src/slidingwindow.h:1590:9: warning: HLS pragma dump _XLX_SEP_ PragmaIsValid=1_XLX_SEP_ PragmaType=pipeline_XLX_SEP_ PragmaContext=_XLX_SEP_ PragmaFunction=ConvolutionInputGenerator_NonSquare_Dilated_XLX_SEP_ PragmaOptions=style=flp II=1_XLX_SEP_ [-Wdump-hls-pragmas]
#pragma HLS pipeline style=flp II=1
        ^
src/slidingwindow.h:1642:9: warning: HLS pragma dump _XLX_SEP_ PragmaIsValid=1_XLX_SEP_ PragmaType=dependence_XLX_SEP_ PragmaContext=deprecated_XLX_SEP_ PragmaFunction=ConvolutionInputGenerator_NonSquare_Dilated_XLX_SEP_ PragmaOptions=variable=inputBuf intra false_XLX_SEP_ [-Wdump-hls-pragmas]
#pragma AP dependence variable=inputBuf intra false
        ^
src/slidingwindow.h:1643:9: warning: HLS pragma dump _XLX_SEP_ PragmaIsValid=1_XLX_SEP_ PragmaType=dependence_XLX_SEP_ PragmaContext=deprecated_XLX_SEP_ PragmaFunction=ConvolutionInputGenerator_NonSquare_Dilated_XLX_SEP_ PragmaOptions=variable=inputBuf inter false_XLX_SEP_ [-Wdump-hls-pragmas]
#pragma AP dependence variable=inputBuf inter false
        ^
src/slidingwindow.h:1653:9: warning: HLS pragma dump _XLX_SEP_ PragmaIsValid=1_XLX_SEP_ PragmaType=dependence_XLX_SEP_ PragmaContext=deprecated_XLX_SEP_ PragmaFunction=ConvolutionInputGenerator_NonSquare_Dilated_XLX_SEP_ PragmaOptions=variable=current_block_write intra false_XLX_SEP_ [-Wdump-hls-pragmas]
#pragma AP dependence variable=current_block_write intra false
        ^
src/slidingwindow.h:1710:9: warning: HLS pragma dump _XLX_SEP_ PragmaIsValid=1_XLX_SEP_ PragmaType=array_partition_XLX_SEP_ PragmaContext=_XLX_SEP_ PragmaFunction=ConvolutionInputGenerator_1D_parallel_XLX_SEP_ PragmaOptions=variable=inputBuf complete_XLX_SEP_ [-Wdump-hls-pragmas]
#pragma HLS ARRAY_PARTITION variable=inputBuf complete
        ^
src/slidingwindow.h:1718:9: warning: HLS pragma dump _XLX_SEP_ PragmaIsValid=1_XLX_SEP_ PragmaType=pipeline_XLX_SEP_ PragmaContext=_XLX_SEP_ PragmaFunction=ConvolutionInputGenerator_1D_parallel_XLX_SEP_ PragmaOptions=style=flp II=1_XLX_SEP_ [-Wdump-hls-pragmas]
#pragma HLS pipeline style=flp II=1
        ^
src/slidingwindow.h:1739:9: warning: HLS pragma dump _XLX_SEP_ PragmaIsValid=1_XLX_SEP_ PragmaType=unroll_XLX_SEP_ PragmaContext=_XLX_SEP_ PragmaFunction=ConvolutionInputGenerator_1D_parallel_XLX_SEP_ PragmaOptions=_XLX_SEP_ [-Wdump-hls-pragmas]
#pragma HLS UNROLL
        ^
src/slidingwindow.h:1760:9: warning: HLS pragma dump _XLX_SEP_ PragmaIsValid=1_XLX_SEP_ PragmaType=dependence_XLX_SEP_ PragmaContext=deprecated_XLX_SEP_ PragmaFunction=ConvolutionInputGenerator_1D_parallel_XLX_SEP_ PragmaOptions=variable=inputBuf intra false_XLX_SEP_ [-Wdump-hls-pragmas]
#pragma AP dependence variable=inputBuf intra false
        ^
src/slidingwindow.h:1761:9: warning: HLS pragma dump _XLX_SEP_ PragmaIsValid=1_XLX_SEP_ PragmaType=dependence_XLX_SEP_ PragmaContext=deprecated_XLX_SEP_ PragmaFunction=ConvolutionInputGenerator_1D_parallel_XLX_SEP_ PragmaOptions=variable=inputBuf inter false_XLX_SEP_ [-Wdump-hls-pragmas]
#pragma AP dependence variable=inputBuf inter false
        ^
src/slidingwindow.h:1768:9: warning: HLS pragma dump _XLX_SEP_ PragmaIsValid=1_XLX_SEP_ PragmaType=dependence_XLX_SEP_ PragmaContext=deprecated_XLX_SEP_ PragmaFunction=ConvolutionInputGenerator_1D_parallel_XLX_SEP_ PragmaOptions=variable=current_block_write intra false_XLX_SEP_ [-Wdump-hls-pragmas]
#pragma AP dependence variable=current_block_write intra false
        ^
src/slidingwindow.h:1824:9: warning: HLS pragma dump _XLX_SEP_ PragmaIsValid=1_XLX_SEP_ PragmaType=pipeline_XLX_SEP_ PragmaContext=_XLX_SEP_ PragmaFunction=ConvolutionInputGenerator_1D_dws_naive_XLX_SEP_ PragmaOptions=style=flp II=1_XLX_SEP_ [-Wdump-hls-pragmas]
#pragma HLS pipeline style=flp II=1
        ^
src/slidingwindow.h:1908:9: warning: HLS pragma dump _XLX_SEP_ PragmaIsValid=1_XLX_SEP_ PragmaType=pipeline_XLX_SEP_ PragmaContext=_XLX_SEP_ PragmaFunction=ConvolutionInputGenerator_1D_XLX_SEP_ PragmaOptions=style=flp II=1_XLX_SEP_ [-Wdump-hls-pragmas]
#pragma HLS pipeline style=flp II=1
        ^
src/slidingwindow.h:1984:9: warning: HLS pragma dump _XLX_SEP_ PragmaIsValid=1_XLX_SEP_ PragmaType=pipeline_XLX_SEP_ PragmaContext=_XLX_SEP_ PragmaFunction=ConvolutionInputGenerator_1D_dws_XLX_SEP_ PragmaOptions=style=flp II=1_XLX_SEP_ [-Wdump-hls-pragmas]
#pragma HLS pipeline style=flp II=1
        ^
src/slidingwindow.h:2063:9: warning: HLS pragma dump _XLX_SEP_ PragmaIsValid=1_XLX_SEP_ PragmaType=pipeline_XLX_SEP_ PragmaContext=_XLX_SEP_ PragmaFunction=ConvolutionInputGenerator_1D_dws_stride_XLX_SEP_ PragmaOptions=style=flp II=1_XLX_SEP_ [-Wdump-hls-pragmas]
#pragma HLS pipeline style=flp II=1
        ^
In file included from src/top.cpp:2:
In file included from src/convlayer.h:57:
In file included from src/mvau.hpp:56:
src/mac.hpp:89:9: warning: HLS pragma dump _XLX_SEP_ PragmaIsValid=1_XLX_SEP_ PragmaType=inline_XLX_SEP_ PragmaContext=_XLX_SEP_ PragmaFunction=mul_XLX_SEP_ PragmaOptions=_XLX_SEP_ [-Wdump-hls-pragmas]
#pragma HLS inline
        ^
src/mac.hpp:114:9: warning: HLS pragma dump _XLX_SEP_ PragmaIsValid=1_XLX_SEP_ PragmaType=inline_XLX_SEP_ PragmaContext=_XLX_SEP_ PragmaFunction=mul_XLX_SEP_ PragmaOptions=_XLX_SEP_ [-Wdump-hls-pragmas]
#pragma HLS inline
        ^
src/mac.hpp:116:9: warning: HLS pragma dump _XLX_SEP_ PragmaIsValid=1_XLX_SEP_ PragmaType=bind_op_XLX_SEP_ PragmaContext=_XLX_SEP_ PragmaFunction=mul_XLX_SEP_ PragmaOptions=variable=res op=mul impl=fabric_XLX_SEP_ [-Wdump-hls-pragmas]
#pragma HLS BIND_OP variable=res op=mul impl=fabric
        ^
src/mac.hpp:140:9: warning: HLS pragma dump _XLX_SEP_ PragmaIsValid=1_XLX_SEP_ PragmaType=inline_XLX_SEP_ PragmaContext=_XLX_SEP_ PragmaFunction=mul_XLX_SEP_ PragmaOptions=_XLX_SEP_ [-Wdump-hls-pragmas]
#pragma HLS inline
        ^
src/mac.hpp:142:9: warning: HLS pragma dump _XLX_SEP_ PragmaIsValid=1_XLX_SEP_ PragmaType=bind_op_XLX_SEP_ PragmaContext=_XLX_SEP_ PragmaFunction=mul_XLX_SEP_ PragmaOptions=variable=res op=mul impl=dsp_XLX_SEP_ [-Wdump-hls-pragmas]
#pragma HLS BIND_OP variable=res op=mul impl=dsp
        ^
src/mac.hpp:171:9: warning: HLS pragma dump _XLX_SEP_ PragmaIsValid=1_XLX_SEP_ PragmaType=inline_XLX_SEP_ PragmaContext=_XLX_SEP_ PragmaFunction=mac_XLX_SEP_ PragmaOptions=_XLX_SEP_ [-Wdump-hls-pragmas]
#pragma HLS inline
        ^
src/mac.hpp:174:9: warning: HLS pragma dump _XLX_SEP_ PragmaIsValid=1_XLX_SEP_ PragmaType=unroll_XLX_SEP_ PragmaContext=_XLX_SEP_ PragmaFunction=mac_XLX_SEP_ PragmaOptions=_XLX_SEP_ [-Wdump-hls-pragmas]
#pragma HLS unroll
        ^
src/mac.hpp:198:9: warning: HLS pragma dump _XLX_SEP_ PragmaIsValid=1_XLX_SEP_ PragmaType=inline_XLX_SEP_ PragmaContext=_XLX_SEP_ PragmaFunction=mac_XLX_SEP_ PragmaOptions=_XLX_SEP_ [-Wdump-hls-pragmas]
#pragma HLS inline
        ^
src/mac.hpp:201:9: warning: HLS pragma dump _XLX_SEP_ PragmaIsValid=1_XLX_SEP_ PragmaType=unroll_XLX_SEP_ PragmaContext=_XLX_SEP_ PragmaFunction=mac_XLX_SEP_ PragmaOptions=_XLX_SEP_ [-Wdump-hls-pragmas]
#pragma HLS unroll
        ^
src/mac.hpp:208:9: warning: HLS pragma dump _XLX_SEP_ PragmaIsValid=1_XLX_SEP_ PragmaType=inline_XLX_SEP_ PragmaContext=_XLX_SEP_ PragmaFunction=mac_XLX_SEP_ PragmaOptions=_XLX_SEP_ [-Wdump-hls-pragmas]
#pragma HLS inline
        ^
In file included from src/top.cpp:2:
In file included from src/convlayer.h:57:
In file included from src/mvau.hpp:57:
src/interpret.hpp:62:9: warning: HLS pragma dump _XLX_SEP_ PragmaIsValid=1_XLX_SEP_ PragmaType=inline_XLX_SEP_ PragmaContext=_XLX_SEP_ PragmaFunction=XnorMul_XLX_SEP_ PragmaOptions=_XLX_SEP_ [-Wdump-hls-pragmas]
#pragma HLS inline
        ^
src/interpret.hpp:67:9: warning: HLS pragma dump _XLX_SEP_ PragmaIsValid=1_XLX_SEP_ PragmaType=inline_XLX_SEP_ PragmaContext=_XLX_SEP_ PragmaFunction=operator*_XLX_SEP_ PragmaOptions=_XLX_SEP_ [-Wdump-hls-pragmas]
#pragma HLS inline
        ^
src/interpret.hpp:72:9: warning: HLS pragma dump _XLX_SEP_ PragmaIsValid=1_XLX_SEP_ PragmaType=inline_XLX_SEP_ PragmaContext=_XLX_SEP_ PragmaFunction=operator*_XLX_SEP_ PragmaOptions=_XLX_SEP_ [-Wdump-hls-pragmas]
#pragma HLS inline
        ^
src/interpret.hpp:80:9: warning: HLS pragma dump _XLX_SEP_ PragmaIsValid=1_XLX_SEP_ PragmaType=inline_XLX_SEP_ PragmaContext=_XLX_SEP_ PragmaFunction=Binary_XLX_SEP_ PragmaOptions=_XLX_SEP_ [-Wdump-hls-pragmas]
#pragma HLS inline
        ^
src/interpret.hpp:89:9: warning: HLS pragma dump _XLX_SEP_ PragmaIsValid=1_XLX_SEP_ PragmaType=inline_XLX_SEP_ PragmaContext=_XLX_SEP_ PragmaFunction=operator*_XLX_SEP_ PragmaOptions=_XLX_SEP_ [-Wdump-hls-pragmas]
#pragma HLS inline
        ^
src/interpret.hpp:97:9: warning: HLS pragma dump _XLX_SEP_ PragmaIsValid=1_XLX_SEP_ PragmaType=inline_XLX_SEP_ PragmaContext=_XLX_SEP_ PragmaFunction=operator*_XLX_SEP_ PragmaOptions=_XLX_SEP_ [-Wdump-hls-pragmas]
#pragma HLS inline
        ^
src/interpret.hpp:102:9: warning: HLS pragma dump _XLX_SEP_ PragmaIsValid=1_XLX_SEP_ PragmaType=inline_XLX_SEP_ PragmaContext=_XLX_SEP_ PragmaFunction=operator*_XLX_SEP_ PragmaOptions=_XLX_SEP_ [-Wdump-hls-pragmas]
#pragma HLS inline
        ^
src/interpret.hpp:116:9: warning: HLS pragma dump _XLX_SEP_ PragmaIsValid=1_XLX_SEP_ PragmaType=inline_XLX_SEP_ PragmaContext=_XLX_SEP_ PragmaFunction=operator()_XLX_SEP_ PragmaOptions=_XLX_SEP_ [-Wdump-hls-pragmas]
#pragma HLS inline
        ^
src/interpret.hpp:122:9: warning: HLS pragma dump _XLX_SEP_ PragmaIsValid=1_XLX_SEP_ PragmaType=inline_XLX_SEP_ PragmaContext=_XLX_SEP_ PragmaFunction=operator()_XLX_SEP_ PragmaOptions=_XLX_SEP_ [-Wdump-hls-pragmas]
#pragma HLS inline
        ^
src/interpret.hpp:138:9: warning: HLS pragma dump _XLX_SEP_ PragmaIsValid=1_XLX_SEP_ PragmaType=inline_XLX_SEP_ PragmaContext=_XLX_SEP_ PragmaFunction=Container<TV>_XLX_SEP_ PragmaOptions=_XLX_SEP_ [-Wdump-hls-pragmas]
#pragma HLS inline
        ^
src/interpret.hpp:143:9: warning: HLS pragma dump _XLX_SEP_ PragmaIsValid=1_XLX_SEP_ PragmaType=inline_XLX_SEP_ PragmaContext=_XLX_SEP_ PragmaFunction=operator[]_XLX_SEP_ PragmaOptions=_XLX_SEP_ [-Wdump-hls-pragmas]
#pragma HLS inline
        ^
src/interpret.hpp:147:9: warning: HLS pragma dump _XLX_SEP_ PragmaIsValid=1_XLX_SEP_ PragmaType=inline_XLX_SEP_ PragmaContext=_XLX_SEP_ PragmaFunction=operator[]_XLX_SEP_ PragmaOptions=_XLX_SEP_ [-Wdump-hls-pragmas]
#pragma HLS inline
        ^
src/interpret.hpp:151:9: warning: HLS pragma dump _XLX_SEP_ PragmaIsValid=1_XLX_SEP_ PragmaType=inline_XLX_SEP_ PragmaContext=_XLX_SEP_ PragmaFunction=operator()_XLX_SEP_ PragmaOptions=_XLX_SEP_ [-Wdump-hls-pragmas]
#pragma HLS inline
        ^
src/interpret.hpp:155:9: warning: HLS pragma dump _XLX_SEP_ PragmaIsValid=1_XLX_SEP_ PragmaType=inline_XLX_SEP_ PragmaContext=_XLX_SEP_ PragmaFunction=operator const type-parameter-1-0 &_XLX_SEP_ PragmaOptions=_XLX_SEP_ [-Wdump-hls-pragmas]
#pragma HLS inline
        ^
src/interpret.hpp:163:9: warning: HLS pragma dump _XLX_SEP_ PragmaIsValid=1_XLX_SEP_ PragmaType=inline_XLX_SEP_ PragmaContext=_XLX_SEP_ PragmaFunction=operator()_XLX_SEP_ PragmaOptions=_XLX_SEP_ [-Wdump-hls-pragmas]
#pragma HLS inline
        ^
src/interpret.hpp:168:9: warning: HLS pragma dump _XLX_SEP_ PragmaIsValid=1_XLX_SEP_ PragmaType=inline_XLX_SEP_ PragmaContext=_XLX_SEP_ PragmaFunction=operator()_XLX_SEP_ PragmaOptions=_XLX_SEP_ [-Wdump-hls-pragmas]
#pragma HLS inline
        ^
src/interpret.hpp:173:9: warning: HLS pragma dump _XLX_SEP_ PragmaIsValid=1_XLX_SEP_ PragmaType=inline_XLX_SEP_ PragmaContext=_XLX_SEP_ PragmaFunction=operator()_XLX_SEP_ PragmaOptions=_XLX_SEP_ [-Wdump-hls-pragmas]
#pragma HLS inline
        ^
src/interpret.hpp:204:9: warning: HLS pragma dump _XLX_SEP_ PragmaIsValid=1_XLX_SEP_ PragmaType=inline_XLX_SEP_ PragmaContext=_XLX_SEP_ PragmaFunction=Container<TV>_XLX_SEP_ PragmaOptions=_XLX_SEP_ [-Wdump-hls-pragmas]
#pragma HLS inline
        ^
src/interpret.hpp:207:9: warning: HLS pragma dump _XLX_SEP_ PragmaIsValid=1_XLX_SEP_ PragmaType=inline_XLX_SEP_ PragmaContext=_XLX_SEP_ PragmaFunction=Container<TV>_XLX_SEP_ PragmaOptions=_XLX_SEP_ [-Wdump-hls-pragmas]
#pragma HLS inline
        ^
src/interpret.hpp:211:9: warning: HLS pragma dump _XLX_SEP_ PragmaIsValid=1_XLX_SEP_ PragmaType=inline_XLX_SEP_ PragmaContext=_XLX_SEP_ PragmaFunction=operator()_XLX_SEP_ PragmaOptions=_XLX_SEP_ [-Wdump-hls-pragmas]
#pragma HLS inline
        ^
src/interpret.hpp:215:9: warning: HLS pragma dump _XLX_SEP_ PragmaIsValid=1_XLX_SEP_ PragmaType=inline_XLX_SEP_ PragmaContext=_XLX_SEP_ PragmaFunction=operator()_XLX_SEP_ PragmaOptions=_XLX_SEP_ [-Wdump-hls-pragmas]
#pragma HLS inline
        ^
src/interpret.hpp:220:9: warning: HLS pragma dump _XLX_SEP_ PragmaIsValid=1_XLX_SEP_ PragmaType=inline_XLX_SEP_ PragmaContext=_XLX_SEP_ PragmaFunction=operator[]_XLX_SEP_ PragmaOptions=_XLX_SEP_ [-Wdump-hls-pragmas]
#pragma HLS inline
        ^
src/interpret.hpp:224:9: warning: HLS pragma dump _XLX_SEP_ PragmaIsValid=1_XLX_SEP_ PragmaType=inline_XLX_SEP_ PragmaContext=_XLX_SEP_ PragmaFunction=operator const type-parameter-1-0 &_XLX_SEP_ PragmaOptions=_XLX_SEP_ [-Wdump-hls-pragmas]
#pragma HLS inline
        ^
src/interpret.hpp:232:9: warning: HLS pragma dump _XLX_SEP_ PragmaIsValid=1_XLX_SEP_ PragmaType=inline_XLX_SEP_ PragmaContext=_XLX_SEP_ PragmaFunction=operator()_XLX_SEP_ PragmaOptions=_XLX_SEP_ [-Wdump-hls-pragmas]
#pragma HLS inline
        ^
src/interpret.hpp:237:9: warning: HLS pragma dump _XLX_SEP_ PragmaIsValid=1_XLX_SEP_ PragmaType=inline_XLX_SEP_ PragmaContext=_XLX_SEP_ PragmaFunction=operator()_XLX_SEP_ PragmaOptions=_XLX_SEP_ [-Wdump-hls-pragmas]
#pragma HLS inline
        ^
src/interpret.hpp:242:9: warning: HLS pragma dump _XLX_SEP_ PragmaIsValid=1_XLX_SEP_ PragmaType=inline_XLX_SEP_ PragmaContext=_XLX_SEP_ PragmaFunction=operator()_XLX_SEP_ PragmaOptions=_XLX_SEP_ [-Wdump-hls-pragmas]
#pragma HLS inline
        ^
src/interpret.hpp:261:9: warning: HLS pragma dump _XLX_SEP_ PragmaIsValid=1_XLX_SEP_ PragmaType=inline_XLX_SEP_ PragmaContext=_XLX_SEP_ PragmaFunction=Container<TV>_XLX_SEP_ PragmaOptions=_XLX_SEP_ [-Wdump-hls-pragmas]
#pragma HLS inline
        ^
src/interpret.hpp:264:9: warning: HLS pragma dump _XLX_SEP_ PragmaIsValid=1_XLX_SEP_ PragmaType=inline_XLX_SEP_ PragmaContext=_XLX_SEP_ PragmaFunction=Container<TV>_XLX_SEP_ PragmaOptions=_XLX_SEP_ [-Wdump-hls-pragmas]
#pragma HLS inline
        ^
src/interpret.hpp:267:9: warning: HLS pragma dump _XLX_SEP_ PragmaIsValid=1_XLX_SEP_ PragmaType=inline_XLX_SEP_ PragmaContext=_XLX_SEP_ PragmaFunction=Container<TV>_XLX_SEP_ PragmaOptions=_XLX_SEP_ [-Wdump-hls-pragmas]
#pragma HLS inline
        ^
src/interpret.hpp:271:9: warning: HLS pragma dump _XLX_SEP_ PragmaIsValid=1_XLX_SEP_ PragmaType=inline_XLX_SEP_ PragmaContext=_XLX_SEP_ PragmaFunction=operator const type-parameter-1-0 &_XLX_SEP_ PragmaOptions=_XLX_SEP_ [-Wdump-hls-pragmas]
#pragma HLS inline
        ^
src/interpret.hpp:275:9: warning: HLS pragma dump _XLX_SEP_ PragmaIsValid=1_XLX_SEP_ PragmaType=inline_XLX_SEP_ PragmaContext=_XLX_SEP_ PragmaFunction=operator()_XLX_SEP_ PragmaOptions=_XLX_SEP_ [-Wdump-hls-pragmas]
#pragma HLS inline
        ^
src/interpret.hpp:279:9: warning: HLS pragma dump _XLX_SEP_ PragmaIsValid=1_XLX_SEP_ PragmaType=inline_XLX_SEP_ PragmaContext=_XLX_SEP_ PragmaFunction=operator()_XLX_SEP_ PragmaOptions=_XLX_SEP_ [-Wdump-hls-pragmas]
#pragma HLS inline
        ^
src/interpret.hpp:284:9: warning: HLS pragma dump _XLX_SEP_ PragmaIsValid=1_XLX_SEP_ PragmaType=inline_XLX_SEP_ PragmaContext=_XLX_SEP_ PragmaFunction=operator[]_XLX_SEP_ PragmaOptions=_XLX_SEP_ [-Wdump-hls-pragmas]
#pragma HLS inline
        ^
src/interpret.hpp:292:9: warning: HLS pragma dump _XLX_SEP_ PragmaIsValid=1_XLX_SEP_ PragmaType=inline_XLX_SEP_ PragmaContext=_XLX_SEP_ PragmaFunction=operator()_XLX_SEP_ PragmaOptions=_XLX_SEP_ [-Wdump-hls-pragmas]
#pragma HLS inline
        ^
src/interpret.hpp:297:9: warning: HLS pragma dump _XLX_SEP_ PragmaIsValid=1_XLX_SEP_ PragmaType=inline_XLX_SEP_ PragmaContext=_XLX_SEP_ PragmaFunction=operator()_XLX_SEP_ PragmaOptions=_XLX_SEP_ [-Wdump-hls-pragmas]
#pragma HLS inline
        ^
src/interpret.hpp:302:9: warning: HLS pragma dump _XLX_SEP_ PragmaIsValid=1_XLX_SEP_ PragmaType=inline_XLX_SEP_ PragmaContext=_XLX_SEP_ PragmaFunction=operator()_XLX_SEP_ PragmaOptions=_XLX_SEP_ [-Wdump-hls-pragmas]
#pragma HLS inline
        ^
In file included from src/top.cpp:2:
In file included from src/convlayer.h:57:
In file included from src/mvau.hpp:58:
src/weights.hpp:83:9: warning: HLS pragma dump _XLX_SEP_ PragmaIsValid=1_XLX_SEP_ PragmaType=inline_XLX_SEP_ PragmaContext=_XLX_SEP_ PragmaFunction=TileIndex_XLX_SEP_ PragmaOptions=_XLX_SEP_ [-Wdump-hls-pragmas]
#pragma HLS inline
        ^
src/weights.hpp:88:9: warning: HLS pragma dump _XLX_SEP_ PragmaIsValid=1_XLX_SEP_ PragmaType=inline_XLX_SEP_ PragmaContext=_XLX_SEP_ PragmaFunction=operator[]_XLX_SEP_ PragmaOptions=_XLX_SEP_ [-Wdump-hls-pragmas]
#pragma HLS inline
        ^
src/weights.hpp:95:9: warning: HLS pragma dump _XLX_SEP_ PragmaIsValid=1_XLX_SEP_ PragmaType=inline_XLX_SEP_ PragmaContext=_XLX_SEP_ PragmaFunction=weights_XLX_SEP_ PragmaOptions=_XLX_SEP_ [-Wdump-hls-pragmas]
#pragma HLS inline
        ^
src/weights.hpp:127:9: warning: HLS pragma dump _XLX_SEP_ PragmaIsValid=1_XLX_SEP_ PragmaType=inline_XLX_SEP_ PragmaContext=_XLX_SEP_ PragmaFunction=TileIndex_XLX_SEP_ PragmaOptions=_XLX_SEP_ [-Wdump-hls-pragmas]
#pragma HLS inline
        ^
src/weights.hpp:132:9: warning: HLS pragma dump _XLX_SEP_ PragmaIsValid=1_XLX_SEP_ PragmaType=inline_XLX_SEP_ PragmaContext=_XLX_SEP_ PragmaFunction=operator[]_XLX_SEP_ PragmaOptions=_XLX_SEP_ [-Wdump-hls-pragmas]
#pragma HLS inline
        ^
src/weights.hpp:135:9: warning: HLS pragma dump _XLX_SEP_ PragmaIsValid=1_XLX_SEP_ PragmaType=unroll_XLX_SEP_ PragmaContext=_XLX_SEP_ PragmaFunction=operator[]_XLX_SEP_ PragmaOptions=_XLX_SEP_ [-Wdump-hls-pragmas]
#pragma HLS unroll
        ^
src/weights.hpp:145:9: warning: HLS pragma dump _XLX_SEP_ PragmaIsValid=1_XLX_SEP_ PragmaType=inline_XLX_SEP_ PragmaContext=_XLX_SEP_ PragmaFunction=weights_XLX_SEP_ PragmaOptions=_XLX_SEP_ [-Wdump-hls-pragmas]
#pragma HLS inline
        ^
src/weights.hpp:157:9: warning: HLS pragma dump _XLX_SEP_ PragmaIsValid=1_XLX_SEP_ PragmaType=inline_XLX_SEP_ PragmaContext=_XLX_SEP_ PragmaFunction=operator[]_XLX_SEP_ PragmaOptions=_XLX_SEP_ [-Wdump-hls-pragmas]
#pragma HLS inline
        ^
src/weights.hpp:160:9: warning: HLS pragma dump _XLX_SEP_ PragmaIsValid=1_XLX_SEP_ PragmaType=unroll_XLX_SEP_ PragmaContext=_XLX_SEP_ PragmaFunction=operator[]_XLX_SEP_ PragmaOptions=_XLX_SEP_ [-Wdump-hls-pragmas]
#pragma HLS unroll
        ^
In file included from src/top.cpp:2:
In file included from src/convlayer.h:57:
src/mvau.hpp:111:9: warning: HLS pragma dump _XLX_SEP_ PragmaIsValid=1_XLX_SEP_ PragmaType=array_partition_XLX_SEP_ PragmaContext=_XLX_SEP_ PragmaFunction=Matrix_Vector_Activate_Batch_XLX_SEP_ PragmaOptions=variable=inputBuf complete dim=0_XLX_SEP_ [-Wdump-hls-pragmas]
#pragma HLS ARRAY_PARTITION variable=inputBuf complete dim=0
        ^
src/mvau.hpp:115:9: warning: HLS pragma dump _XLX_SEP_ PragmaIsValid=1_XLX_SEP_ PragmaType=array_partition_XLX_SEP_ PragmaContext=_XLX_SEP_ PragmaFunction=Matrix_Vector_Activate_Batch_XLX_SEP_ PragmaOptions=variable=accu complete dim=0_XLX_SEP_ [-Wdump-hls-pragmas]
#pragma HLS ARRAY_PARTITION variable=accu complete dim=0
        ^
src/mvau.hpp:125:9: warning: HLS pragma dump _XLX_SEP_ PragmaIsValid=1_XLX_SEP_ PragmaType=pipeline_XLX_SEP_ PragmaContext=_XLX_SEP_ PragmaFunction=Matrix_Vector_Activate_Batch_XLX_SEP_ PragmaOptions=style=flp II=1_XLX_SEP_ [-Wdump-hls-pragmas]
#pragma HLS pipeline style=flp II=1
        ^
src/mvau.hpp:141:9: warning: HLS pragma dump _XLX_SEP_ PragmaIsValid=1_XLX_SEP_ PragmaType=unroll_XLX_SEP_ PragmaContext=_XLX_SEP_ PragmaFunction=Matrix_Vector_Activate_Batch_XLX_SEP_ PragmaOptions=_XLX_SEP_ [-Wdump-hls-pragmas]
#pragma HLS UNROLL
        ^
src/mvau.hpp:143:9: warning: HLS pragma dump _XLX_SEP_ PragmaIsValid=1_XLX_SEP_ PragmaType=unroll_XLX_SEP_ PragmaContext=_XLX_SEP_ PragmaFunction=Matrix_Vector_Activate_Batch_XLX_SEP_ PragmaOptions=_XLX_SEP_ [-Wdump-hls-pragmas]
#pragma HLS UNROLL
        ^
src/mvau.hpp:152:9: warning: HLS pragma dump _XLX_SEP_ PragmaIsValid=1_XLX_SEP_ PragmaType=unroll_XLX_SEP_ PragmaContext=_XLX_SEP_ PragmaFunction=Matrix_Vector_Activate_Batch_XLX_SEP_ PragmaOptions=_XLX_SEP_ [-Wdump-hls-pragmas]
#pragma HLS UNROLL
        ^
src/mvau.hpp:166:9: warning: HLS pragma dump _XLX_SEP_ PragmaIsValid=1_XLX_SEP_ PragmaType=unroll_XLX_SEP_ PragmaContext=_XLX_SEP_ PragmaFunction=Matrix_Vector_Activate_Batch_XLX_SEP_ PragmaOptions=_XLX_SEP_ [-Wdump-hls-pragmas]
#pragma HLS UNROLL
        ^
src/mvau.hpp:168:9: warning: HLS pragma dump _XLX_SEP_ PragmaIsValid=1_XLX_SEP_ PragmaType=unroll_XLX_SEP_ PragmaContext=_XLX_SEP_ PragmaFunction=Matrix_Vector_Activate_Batch_XLX_SEP_ PragmaOptions=_XLX_SEP_ [-Wdump-hls-pragmas]
#pragma HLS UNROLL
        ^
src/mvau.hpp:233:9: warning: HLS pragma dump _XLX_SEP_ PragmaIsValid=1_XLX_SEP_ PragmaType=array_partition_XLX_SEP_ PragmaContext=_XLX_SEP_ PragmaFunction=Matrix_Vector_Activate_Stream_Batch_XLX_SEP_ PragmaOptions=variable=inputBuf complete dim=1_XLX_SEP_ [-Wdump-hls-pragmas]
#pragma HLS ARRAY_PARTITION variable=inputBuf complete dim=1
        ^
src/mvau.hpp:236:9: warning: HLS pragma dump _XLX_SEP_ PragmaIsValid=1_XLX_SEP_ PragmaType=array_partition_XLX_SEP_ PragmaContext=_XLX_SEP_ PragmaFunction=Matrix_Vector_Activate_Stream_Batch_XLX_SEP_ PragmaOptions=variable=accu complete dim=0_XLX_SEP_ [-Wdump-hls-pragmas]
#pragma HLS ARRAY_PARTITION variable=accu complete dim=0
        ^
src/mvau.hpp:239:9: warning: HLS pragma dump _XLX_SEP_ PragmaIsValid=1_XLX_SEP_ PragmaType=array_partition_XLX_SEP_ PragmaContext=_XLX_SEP_ PragmaFunction=Matrix_Vector_Activate_Stream_Batch_XLX_SEP_ PragmaOptions=variable=w.m_weights complete dim=0_XLX_SEP_ [-Wdump-hls-pragmas]
#pragma HLS ARRAY_PARTITION variable=w.m_weights complete dim=0
        ^
src/mvau.hpp:251:9: warning: HLS pragma dump _XLX_SEP_ PragmaIsValid=1_XLX_SEP_ PragmaType=pipeline_XLX_SEP_ PragmaContext=_XLX_SEP_ PragmaFunction=Matrix_Vector_Activate_Stream_Batch_XLX_SEP_ PragmaOptions=style=flp II=1_XLX_SEP_ [-Wdump-hls-pragmas]
#pragma HLS pipeline style=flp II=1
        ^
src/mvau.hpp:268:9: warning: HLS pragma dump _XLX_SEP_ PragmaIsValid=1_XLX_SEP_ PragmaType=unroll_XLX_SEP_ PragmaContext=_XLX_SEP_ PragmaFunction=Matrix_Vector_Activate_Stream_Batch_XLX_SEP_ PragmaOptions=_XLX_SEP_ [-Wdump-hls-pragmas]
#pragma HLS UNROLL
        ^
src/mvau.hpp:275:9: warning: HLS pragma dump _XLX_SEP_ PragmaIsValid=1_XLX_SEP_ PragmaType=unroll_XLX_SEP_ PragmaContext=_XLX_SEP_ PragmaFunction=Matrix_Vector_Activate_Stream_Batch_XLX_SEP_ PragmaOptions=_XLX_SEP_ [-Wdump-hls-pragmas]
#pragma HLS UNROLL
        ^
src/mvau.hpp:282:9: warning: HLS pragma dump _XLX_SEP_ PragmaIsValid=1_XLX_SEP_ PragmaType=unroll_XLX_SEP_ PragmaContext=_XLX_SEP_ PragmaFunction=Matrix_Vector_Activate_Stream_Batch_XLX_SEP_ PragmaOptions=_XLX_SEP_ [-Wdump-hls-pragmas]
#pragma HLS UNROLL
        ^
src/mvau.hpp:295:9: warning: HLS pragma dump _XLX_SEP_ PragmaIsValid=1_XLX_SEP_ PragmaType=unroll_XLX_SEP_ PragmaContext=_XLX_SEP_ PragmaFunction=Matrix_Vector_Activate_Stream_Batch_XLX_SEP_ PragmaOptions=_XLX_SEP_ [-Wdump-hls-pragmas]
#pragma HLS UNROLL
        ^
In file included from src/top.cpp:2:
In file included from src/convlayer.h:58:
src/tmrcheck.hpp:82:9: warning: HLS pragma dump _XLX_SEP_ PragmaIsValid=1_XLX_SEP_ PragmaType=array_partition_XLX_SEP_ PragmaContext=_XLX_SEP_ PragmaFunction=TMRCheck_XLX_SEP_ PragmaOptions=variable=red_ch_index complete dim=0_XLX_SEP_ [-Wdump-hls-pragmas]
#pragma HLS ARRAY_PARTITION variable=red_ch_index complete dim=0
        ^
src/tmrcheck.hpp:91:9: warning: HLS pragma dump _XLX_SEP_ PragmaIsValid=1_XLX_SEP_ PragmaType=pipeline_XLX_SEP_ PragmaContext=_XLX_SEP_ PragmaFunction=TMRCheck_XLX_SEP_ PragmaOptions=style=flp II=1_XLX_SEP_ [-Wdump-hls-pragmas]
#pragma HLS pipeline style=flp II=1
        ^
src/tmrcheck.hpp:99:9: warning: HLS pragma dump _XLX_SEP_ PragmaIsValid=1_XLX_SEP_ PragmaType=array_partition_XLX_SEP_ PragmaContext=_XLX_SEP_ PragmaFunction=TMRCheck_XLX_SEP_ PragmaOptions=variable=numerrors complete dim=0_XLX_SEP_ [-Wdump-hls-pragmas]
#pragma HLS ARRAY_PARTITION variable=numerrors complete dim=0
        ^
src/tmrcheck.hpp:103:9: warning: HLS pragma dump _XLX_SEP_ PragmaIsValid=1_XLX_SEP_ PragmaType=unroll_XLX_SEP_ PragmaContext=_XLX_SEP_ PragmaFunction=TMRCheck_XLX_SEP_ PragmaOptions=_XLX_SEP_ [-Wdump-hls-pragmas]
#pragma HLS UNROLL
        ^
src/tmrcheck.hpp:129:9: warning: HLS pragma dump _XLX_SEP_ PragmaIsValid=1_XLX_SEP_ PragmaType=array_partition_XLX_SEP_ PragmaContext=_XLX_SEP_ PragmaFunction=TMRCheck_XLX_SEP_ PragmaOptions=variable=compute complete dim=0_XLX_SEP_ [-Wdump-hls-pragmas]
#pragma HLS ARRAY_PARTITION variable=compute complete dim=0
        ^
src/tmrcheck.hpp:132:9: warning: HLS pragma dump _XLX_SEP_ PragmaIsValid=1_XLX_SEP_ PragmaType=unroll_XLX_SEP_ PragmaContext=_XLX_SEP_ PragmaFunction=TMRCheck_XLX_SEP_ PragmaOptions=_XLX_SEP_ [-Wdump-hls-pragmas]
#pragma HLS UNROLL
        ^
In file included from src/top.cpp:2:
src/convlayer.h:113:9: warning: HLS pragma dump _XLX_SEP_ PragmaIsValid=1_XLX_SEP_ PragmaType=inline_XLX_SEP_ PragmaContext=_XLX_SEP_ PragmaFunction=ConvLayer_Batch_XLX_SEP_ PragmaOptions=_XLX_SEP_ [-Wdump-hls-pragmas]
#pragma HLS INLINE
        ^
src/convlayer.h:198:9: warning: HLS pragma dump _XLX_SEP_ PragmaIsValid=1_XLX_SEP_ PragmaType=inline_XLX_SEP_ PragmaContext=_XLX_SEP_ PragmaFunction=ConvLayer_Batch_TMR_XLX_SEP_ PragmaOptions=_XLX_SEP_ [-Wdump-hls-pragmas]
#pragma HLS INLINE
        ^
src/convlayer.h:284:9: warning: HLS pragma dump _XLX_SEP_ PragmaIsValid=1_XLX_SEP_ PragmaType=inline_XLX_SEP_ PragmaContext=_XLX_SEP_ PragmaFunction=ConvLayer_Batch_MMV_XLX_SEP_ PragmaOptions=_XLX_SEP_ [-Wdump-hls-pragmas]
#pragma HLS INLINE
        ^
/home/changhong/prj/finn/script/LSTM_HLS/hlsprj/clstm/clstm/clstm/csynth.tcl:30:9: warning: HLS pragma dump _XLX_SEP_ PragmaIsValid=1_XLX_SEP_ PragmaType=top_XLX_SEP_ PragmaContext=directive_XLX_SEP_ PragmaFunction=top_XLX_SEP_ PragmaOptions=name=top_XLX_SEP_ [-Wdump-hls-pragmas]
#pragma HLSDIRECTIVE TOP name=top
        ^
233 warnings generated.
