/home/changhong/prj/finn_dev/finn/script/LSTM_HLS/hlsprj/clstm/clstm/clstm/.autopilot/db/top.pp.0.cpp:2220:7: warning: Added loop label VITIS_LOOP_1211_1:   [xilinx-label-all-loops]
      for (i = 0; i < __N - 1; ++i) {
      ^~~
      VITIS_LOOP_1211_1: 
/home/changhong/prj/finn_dev/finn/script/LSTM_HLS/hlsprj/clstm/clstm/clstm/.autopilot/db/top.pp.0.cpp:2220:7: note: FIX-IT applied suggested code changes
/home/changhong/prj/finn_dev/finn/script/LSTM_HLS/hlsprj/clstm/clstm/clstm/.autopilot/db/top.pp.0.cpp:3194:5: warning: Added loop label VITIS_LOOP_676_1:   [xilinx-label-all-loops]
    for (unsigned i = low; i != high; ++i) {
    ^~~
    VITIS_LOOP_676_1: 
/home/changhong/prj/finn_dev/finn/script/LSTM_HLS/hlsprj/clstm/clstm/clstm/.autopilot/db/top.pp.0.cpp:3194:5: note: FIX-IT applied suggested code changes
/home/changhong/prj/finn_dev/finn/script/LSTM_HLS/hlsprj/clstm/clstm/clstm/.autopilot/db/top.pp.0.cpp:3208:5: warning: Added loop label VITIS_LOOP_690_1:   [xilinx-label-all-loops]
    for (unsigned i = low; i != high; ++i) {
    ^~~
    VITIS_LOOP_690_1: 
/home/changhong/prj/finn_dev/finn/script/LSTM_HLS/hlsprj/clstm/clstm/clstm/.autopilot/db/top.pp.0.cpp:3208:5: note: FIX-IT applied suggested code changes
/home/changhong/prj/finn_dev/finn/script/LSTM_HLS/hlsprj/clstm/clstm/clstm/.autopilot/db/top.pp.0.cpp:3222:5: warning: Added loop label VITIS_LOOP_704_1:   [xilinx-label-all-loops]
    for (unsigned i = low; i != high; ++i) {
    ^~~
    VITIS_LOOP_704_1: 
/home/changhong/prj/finn_dev/finn/script/LSTM_HLS/hlsprj/clstm/clstm/clstm/.autopilot/db/top.pp.0.cpp:3222:5: note: FIX-IT applied suggested code changes
/home/changhong/prj/finn_dev/finn/script/LSTM_HLS/hlsprj/clstm/clstm/clstm/.autopilot/db/top.pp.0.cpp:4833:7: warning: Added loop label VITIS_LOOP_1245_1:   [xilinx-label-all-loops]
      for (i = 0; i < __N - 1; ++i) {
      ^~~
      VITIS_LOOP_1245_1: 
/home/changhong/prj/finn_dev/finn/script/LSTM_HLS/hlsprj/clstm/clstm/clstm/.autopilot/db/top.pp.0.cpp:4833:7: note: FIX-IT applied suggested code changes
/home/changhong/prj/finn_dev/finn/script/LSTM_HLS/hlsprj/clstm/clstm/clstm/.autopilot/db/top.pp.0.cpp:7191:3: warning: Added loop label VITIS_LOOP_77_1:   [xilinx-label-all-loops]
  for (unsigned int i = 0; i < NumTotal; i++) {
  ^~~
  VITIS_LOOP_77_1: 
/home/changhong/prj/finn_dev/finn/script/LSTM_HLS/hlsprj/clstm/clstm/clstm/.autopilot/db/top.pp.0.cpp:7191:3: note: FIX-IT applied suggested code changes
/home/changhong/prj/finn_dev/finn/script/LSTM_HLS/hlsprj/clstm/clstm/clstm/.autopilot/db/top.pp.0.cpp:7207:3: warning: Added loop label VITIS_LOOP_109_1:   [xilinx-label-all-loops]
  for (unsigned int rep = 0; rep < numReps; rep++) {
  ^~~
  VITIS_LOOP_109_1: 
/home/changhong/prj/finn_dev/finn/script/LSTM_HLS/hlsprj/clstm/clstm/clstm/.autopilot/db/top.pp.0.cpp:7207:3: note: FIX-IT applied suggested code changes
/home/changhong/prj/finn_dev/finn/script/LSTM_HLS/hlsprj/clstm/clstm/clstm/.autopilot/db/top.pp.0.cpp:7239:2: warning: Added loop label VITIS_LOOP_159_1:   [xilinx-label-all-loops]
 for(unsigned int y = 0; y<OutputDim; y++){
 ^~~
 VITIS_LOOP_159_1: 
/home/changhong/prj/finn_dev/finn/script/LSTM_HLS/hlsprj/clstm/clstm/clstm/.autopilot/db/top.pp.0.cpp:7239:2: note: FIX-IT applied suggested code changes
/home/changhong/prj/finn_dev/finn/script/LSTM_HLS/hlsprj/clstm/clstm/clstm/.autopilot/db/top.pp.0.cpp:7240:3: warning: Added loop label VITIS_LOOP_160_2:   [xilinx-label-all-loops]
  for(unsigned int x=0; x < OutputDim; x++){
  ^~~
  VITIS_LOOP_160_2: 
/home/changhong/prj/finn_dev/finn/script/LSTM_HLS/hlsprj/clstm/clstm/clstm/.autopilot/db/top.pp.0.cpp:7240:3: note: FIX-IT applied suggested code changes
/home/changhong/prj/finn_dev/finn/script/LSTM_HLS/hlsprj/clstm/clstm/clstm/.autopilot/db/top.pp.0.cpp:7271:2: warning: Added loop label VITIS_LOOP_210_1:   [xilinx-label-all-loops]
 for (unsigned int rep = 0; rep < numReps; rep++) {
 ^~~
 VITIS_LOOP_210_1: 
/home/changhong/prj/finn_dev/finn/script/LSTM_HLS/hlsprj/clstm/clstm/clstm/.autopilot/db/top.pp.0.cpp:7271:2: note: FIX-IT applied suggested code changes
/home/changhong/prj/finn_dev/finn/script/LSTM_HLS/hlsprj/clstm/clstm/clstm/.autopilot/db/top.pp.0.cpp:7279:3: warning: Added loop label VITIS_LOOP_234_1:   [xilinx-label-all-loops]
  for(unsigned int i = 0; i < numReps; i++) {
  ^~~
  VITIS_LOOP_234_1: 
/home/changhong/prj/finn_dev/finn/script/LSTM_HLS/hlsprj/clstm/clstm/clstm/.autopilot/db/top.pp.0.cpp:7279:3: note: FIX-IT applied suggested code changes
/home/changhong/prj/finn_dev/finn/script/LSTM_HLS/hlsprj/clstm/clstm/clstm/.autopilot/db/top.pp.0.cpp:7303:2: warning: Added loop label VITIS_LOOP_278_1:   [xilinx-label-all-loops]
 for(unsigned y = 0; y < OutputDim_y; y++) {
 ^~~
 VITIS_LOOP_278_1: 
/home/changhong/prj/finn_dev/finn/script/LSTM_HLS/hlsprj/clstm/clstm/clstm/.autopilot/db/top.pp.0.cpp:7303:2: note: FIX-IT applied suggested code changes
/home/changhong/prj/finn_dev/finn/script/LSTM_HLS/hlsprj/clstm/clstm/clstm/.autopilot/db/top.pp.0.cpp:7304:3: warning: Added loop label VITIS_LOOP_279_2:   [xilinx-label-all-loops]
  for(unsigned x = 0; x < OutputDim_x; x++) {
  ^~~
  VITIS_LOOP_279_2: 
/home/changhong/prj/finn_dev/finn/script/LSTM_HLS/hlsprj/clstm/clstm/clstm/.autopilot/db/top.pp.0.cpp:7304:3: note: FIX-IT applied suggested code changes
/home/changhong/prj/finn_dev/finn/script/LSTM_HLS/hlsprj/clstm/clstm/clstm/.autopilot/db/top.pp.0.cpp:7305:4: warning: Added loop label VITIS_LOOP_280_3:   [xilinx-label-all-loops]
   for(unsigned sf = 0; sf < Folding; sf++) {
   ^~~
   VITIS_LOOP_280_3: 
/home/changhong/prj/finn_dev/finn/script/LSTM_HLS/hlsprj/clstm/clstm/clstm/.autopilot/db/top.pp.0.cpp:7305:4: note: FIX-IT applied suggested code changes
/home/changhong/prj/finn_dev/finn/script/LSTM_HLS/hlsprj/clstm/clstm/clstm/.autopilot/db/top.pp.0.cpp:7338:2: warning: Added loop label VITIS_LOOP_334_1:   [xilinx-label-all-loops]
 for (unsigned int rep = 0; rep < numReps; rep++) {
 ^~~
 VITIS_LOOP_334_1: 
/home/changhong/prj/finn_dev/finn/script/LSTM_HLS/hlsprj/clstm/clstm/clstm/.autopilot/db/top.pp.0.cpp:7338:2: note: FIX-IT applied suggested code changes
/home/changhong/prj/finn_dev/finn/script/LSTM_HLS/hlsprj/clstm/clstm/clstm/.autopilot/db/top.pp.0.cpp:7382:2: warning: Added loop label VITIS_LOOP_416_1:   [xilinx-label-all-loops]
 for (unsigned int rep = 0; rep < numReps; rep++) {
 ^~~
 VITIS_LOOP_416_1: 
/home/changhong/prj/finn_dev/finn/script/LSTM_HLS/hlsprj/clstm/clstm/clstm/.autopilot/db/top.pp.0.cpp:7382:2: note: FIX-IT applied suggested code changes
/home/changhong/prj/finn_dev/finn/script/LSTM_HLS/hlsprj/clstm/clstm/clstm/.autopilot/db/top.pp.0.cpp:7401:5: warning: Added loop label VITIS_LOOP_451_1:   [xilinx-label-all-loops]
    for (unsigned int t = 0; t < totalIters; t++) {
    ^~~
    VITIS_LOOP_451_1: 
/home/changhong/prj/finn_dev/finn/script/LSTM_HLS/hlsprj/clstm/clstm/clstm/.autopilot/db/top.pp.0.cpp:7401:5: note: FIX-IT applied suggested code changes
/home/changhong/prj/finn_dev/finn/script/LSTM_HLS/hlsprj/clstm/clstm/clstm/.autopilot/db/top.pp.0.cpp:7421:5: warning: Added loop label VITIS_LOOP_471_2:   [xilinx-label-all-loops]
    for (unsigned int i = 0; i < NumInWords * numReps; i++) {
    ^~~
    VITIS_LOOP_471_2: 
/home/changhong/prj/finn_dev/finn/script/LSTM_HLS/hlsprj/clstm/clstm/clstm/.autopilot/db/top.pp.0.cpp:7421:5: note: FIX-IT applied suggested code changes
/home/changhong/prj/finn_dev/finn/script/LSTM_HLS/hlsprj/clstm/clstm/clstm/.autopilot/db/top.pp.0.cpp:7432:5: warning: Added loop label VITIS_LOOP_482_3:   [xilinx-label-all-loops]
    for (unsigned int t = 0; t < totalIters; t++) {
    ^~~
    VITIS_LOOP_482_3: 
/home/changhong/prj/finn_dev/finn/script/LSTM_HLS/hlsprj/clstm/clstm/clstm/.autopilot/db/top.pp.0.cpp:7432:5: note: FIX-IT applied suggested code changes
/home/changhong/prj/finn_dev/finn/script/LSTM_HLS/hlsprj/clstm/clstm/clstm/.autopilot/db/top.pp.0.cpp:7472:7: warning: Added loop label VITIS_LOOP_536_1:   [xilinx-label-all-loops]
      for (; offset <= (InWidth-OutWidth) ; offset+=OutWidth){
      ^~~
      VITIS_LOOP_536_1: 
/home/changhong/prj/finn_dev/finn/script/LSTM_HLS/hlsprj/clstm/clstm/clstm/.autopilot/db/top.pp.0.cpp:7472:7: note: FIX-IT applied suggested code changes
/home/changhong/prj/finn_dev/finn/script/LSTM_HLS/hlsprj/clstm/clstm/clstm/.autopilot/db/top.pp.0.cpp:7490:7: warning: Added loop label VITIS_LOOP_554_2:   [xilinx-label-all-loops]
      for (; offset <= (OutWidth-InWidth); offset+=InWidth){
      ^~~
      VITIS_LOOP_554_2: 
/home/changhong/prj/finn_dev/finn/script/LSTM_HLS/hlsprj/clstm/clstm/clstm/.autopilot/db/top.pp.0.cpp:7490:7: note: FIX-IT applied suggested code changes
/home/changhong/prj/finn_dev/finn/script/LSTM_HLS/hlsprj/clstm/clstm/clstm/.autopilot/db/top.pp.0.cpp:7513:2: warning: Added loop label VITIS_LOOP_591_1:   [xilinx-label-all-loops]
 for (unsigned int i = 0; i < NumTotal; i++) {
 ^~~
 VITIS_LOOP_591_1: 
/home/changhong/prj/finn_dev/finn/script/LSTM_HLS/hlsprj/clstm/clstm/clstm/.autopilot/db/top.pp.0.cpp:7513:2: note: FIX-IT applied suggested code changes
/home/changhong/prj/finn_dev/finn/script/LSTM_HLS/hlsprj/clstm/clstm/clstm/.autopilot/db/top.pp.0.cpp:7527:2: warning: Added loop label VITIS_LOOP_619_1:   [xilinx-label-all-loops]
 for (unsigned int image = 0; image < numReps; image++) {
 ^~~
 VITIS_LOOP_619_1: 
/home/changhong/prj/finn_dev/finn/script/LSTM_HLS/hlsprj/clstm/clstm/clstm/.autopilot/db/top.pp.0.cpp:7527:2: note: FIX-IT applied suggested code changes
/home/changhong/prj/finn_dev/finn/script/LSTM_HLS/hlsprj/clstm/clstm/clstm/.autopilot/db/top.pp.0.cpp:7541:3: warning: Added loop label VITIS_LOOP_649_1:   [xilinx-label-all-loops]
  for (unsigned int i = 0; i < NumTotal; i++) {
  ^~~
  VITIS_LOOP_649_1: 
/home/changhong/prj/finn_dev/finn/script/LSTM_HLS/hlsprj/clstm/clstm/clstm/.autopilot/db/top.pp.0.cpp:7541:3: note: FIX-IT applied suggested code changes
/home/changhong/prj/finn_dev/finn/script/LSTM_HLS/hlsprj/clstm/clstm/clstm/.autopilot/db/top.pp.0.cpp:7546:5: warning: Added loop label VITIS_LOOP_654_2:   [xilinx-label-all-loops]
    for (unsigned int j = 0; j < NumChannels; j++) {
    ^~~
    VITIS_LOOP_654_2: 
/home/changhong/prj/finn_dev/finn/script/LSTM_HLS/hlsprj/clstm/clstm/clstm/.autopilot/db/top.pp.0.cpp:7546:5: note: FIX-IT applied suggested code changes
/home/changhong/prj/finn_dev/finn/script/LSTM_HLS/hlsprj/clstm/clstm/clstm/.autopilot/db/top.pp.0.cpp:7565:3: warning: Added loop label VITIS_LOOP_692_1:   [xilinx-label-all-loops]
  for (unsigned int image = 0; image < numReps; image++) {
  ^~~
  VITIS_LOOP_692_1: 
/home/changhong/prj/finn_dev/finn/script/LSTM_HLS/hlsprj/clstm/clstm/clstm/.autopilot/db/top.pp.0.cpp:7565:3: note: FIX-IT applied suggested code changes
/home/changhong/prj/finn_dev/finn/script/LSTM_HLS/hlsprj/clstm/clstm/clstm/.autopilot/db/top.pp.0.cpp:7606:3: warning: Added loop label VITIS_LOOP_770_1:   [xilinx-label-all-loops]
  for (unsigned int t = 0; t < totalIters; t++) {
  ^~~
  VITIS_LOOP_770_1: 
/home/changhong/prj/finn_dev/finn/script/LSTM_HLS/hlsprj/clstm/clstm/clstm/.autopilot/db/top.pp.0.cpp:7606:3: note: FIX-IT applied suggested code changes
/home/changhong/prj/finn_dev/finn/script/LSTM_HLS/hlsprj/clstm/clstm/clstm/.autopilot/db/top.pp.0.cpp:7613:4: warning: Added loop label VITIS_LOOP_777_2:   [xilinx-label-all-loops]
   for(unsigned int v = 0; v < NumVecs; v++) {
   ^~~
   VITIS_LOOP_777_2: 
/home/changhong/prj/finn_dev/finn/script/LSTM_HLS/hlsprj/clstm/clstm/clstm/.autopilot/db/top.pp.0.cpp:7613:4: note: FIX-IT applied suggested code changes
/home/changhong/prj/finn_dev/finn/script/LSTM_HLS/hlsprj/clstm/clstm/clstm/.autopilot/db/top.pp.0.cpp:7629:3: warning: Added loop label VITIS_LOOP_793_3:   [xilinx-label-all-loops]
  for (unsigned int i = 0; i < NumInWords * numReps; i++) {
  ^~~
  VITIS_LOOP_793_3: 
/home/changhong/prj/finn_dev/finn/script/LSTM_HLS/hlsprj/clstm/clstm/clstm/.autopilot/db/top.pp.0.cpp:7629:3: note: FIX-IT applied suggested code changes
/home/changhong/prj/finn_dev/finn/script/LSTM_HLS/hlsprj/clstm/clstm/clstm/.autopilot/db/top.pp.0.cpp:7635:4: warning: Added loop label VITIS_LOOP_799_4:   [xilinx-label-all-loops]
   for(unsigned int v=0; v < NumVecs; v++) {
   ^~~
   VITIS_LOOP_799_4: 
/home/changhong/prj/finn_dev/finn/script/LSTM_HLS/hlsprj/clstm/clstm/clstm/.autopilot/db/top.pp.0.cpp:7635:4: note: FIX-IT applied suggested code changes
/home/changhong/prj/finn_dev/finn/script/LSTM_HLS/hlsprj/clstm/clstm/clstm/.autopilot/db/top.pp.0.cpp:7647:3: warning: Added loop label VITIS_LOOP_811_5:   [xilinx-label-all-loops]
  for (unsigned int t = 0; t < totalIters; t++) {
  ^~~
  VITIS_LOOP_811_5: 
/home/changhong/prj/finn_dev/finn/script/LSTM_HLS/hlsprj/clstm/clstm/clstm/.autopilot/db/top.pp.0.cpp:7647:3: note: FIX-IT applied suggested code changes
/home/changhong/prj/finn_dev/finn/script/LSTM_HLS/hlsprj/clstm/clstm/clstm/.autopilot/db/top.pp.0.cpp:7651:4: warning: Added loop label VITIS_LOOP_815_6:   [xilinx-label-all-loops]
   for(unsigned int v = 0; v < NumVecs; v++) {
   ^~~
   VITIS_LOOP_815_6: 
/home/changhong/prj/finn_dev/finn/script/LSTM_HLS/hlsprj/clstm/clstm/clstm/.autopilot/db/top.pp.0.cpp:7651:4: note: FIX-IT applied suggested code changes
/home/changhong/prj/finn_dev/finn/script/LSTM_HLS/hlsprj/clstm/clstm/clstm/.autopilot/db/top.pp.0.cpp:7673:2: warning: Added loop label VITIS_LOOP_851_1:   [xilinx-label-all-loops]
 for(unsigned int r = 0; r < numReps; r++) {
 ^~~
 VITIS_LOOP_851_1: 
/home/changhong/prj/finn_dev/finn/script/LSTM_HLS/hlsprj/clstm/clstm/clstm/.autopilot/db/top.pp.0.cpp:7673:2: note: FIX-IT applied suggested code changes
/home/changhong/prj/finn_dev/finn/script/LSTM_HLS/hlsprj/clstm/clstm/clstm/.autopilot/db/top.pp.0.cpp:7677:3: warning: Added loop label VITIS_LOOP_855_2:   [xilinx-label-all-loops]
  for(unsigned int v = 0; v < NumChannels; v++) {
  ^~~
  VITIS_LOOP_855_2: 
/home/changhong/prj/finn_dev/finn/script/LSTM_HLS/hlsprj/clstm/clstm/clstm/.autopilot/db/top.pp.0.cpp:7677:3: note: FIX-IT applied suggested code changes
/home/changhong/prj/finn_dev/finn/script/LSTM_HLS/hlsprj/clstm/clstm/clstm/.autopilot/db/top.pp.0.cpp:7691:2: warning: Added loop label VITIS_LOOP_882_1:   [xilinx-label-all-loops]
 for(unsigned int r = 0; r < numReps; r++) {
 ^~~
 VITIS_LOOP_882_1: 
/home/changhong/prj/finn_dev/finn/script/LSTM_HLS/hlsprj/clstm/clstm/clstm/.autopilot/db/top.pp.0.cpp:7691:2: note: FIX-IT applied suggested code changes
/home/changhong/prj/finn_dev/finn/script/LSTM_HLS/hlsprj/clstm/clstm/clstm/.autopilot/db/top.pp.0.cpp:7695:3: warning: Added loop label VITIS_LOOP_886_2:   [xilinx-label-all-loops]
  for(unsigned int v = 0; v < NumChannels; v++) {
  ^~~
  VITIS_LOOP_886_2: 
/home/changhong/prj/finn_dev/finn/script/LSTM_HLS/hlsprj/clstm/clstm/clstm/.autopilot/db/top.pp.0.cpp:7695:3: note: FIX-IT applied suggested code changes
/home/changhong/prj/finn_dev/finn/script/LSTM_HLS/hlsprj/clstm/clstm/clstm/.autopilot/db/top.pp.0.cpp:7770:2: warning: Added loop label VITIS_LOOP_974_1:   [xilinx-label-all-loops]
 for (unsigned int image = 0; image < numReps; image++) {
 ^~~
 VITIS_LOOP_974_1: 
/home/changhong/prj/finn_dev/finn/script/LSTM_HLS/hlsprj/clstm/clstm/clstm/.autopilot/db/top.pp.0.cpp:7770:2: note: FIX-IT applied suggested code changes
/home/changhong/prj/finn_dev/finn/script/LSTM_HLS/hlsprj/clstm/clstm/clstm/.autopilot/db/top.pp.0.cpp:7771:3: warning: Added loop label VITIS_LOOP_975_2:   [xilinx-label-all-loops]
  for (unsigned int word = 0; word < NumTotal; word++) {
  ^~~
  VITIS_LOOP_975_2: 
/home/changhong/prj/finn_dev/finn/script/LSTM_HLS/hlsprj/clstm/clstm/clstm/.autopilot/db/top.pp.0.cpp:7771:3: note: FIX-IT applied suggested code changes
/home/changhong/prj/finn_dev/finn/script/LSTM_HLS/hlsprj/clstm/clstm/clstm/.autopilot/db/top.pp.0.cpp:7780:2: warning: Added loop label VITIS_LOOP_997_1:   [xilinx-label-all-loops]
 for (unsigned int image = 0; image < numReps; image++) {
 ^~~
 VITIS_LOOP_997_1: 
/home/changhong/prj/finn_dev/finn/script/LSTM_HLS/hlsprj/clstm/clstm/clstm/.autopilot/db/top.pp.0.cpp:7780:2: note: FIX-IT applied suggested code changes
/home/changhong/prj/finn_dev/finn/script/LSTM_HLS/hlsprj/clstm/clstm/clstm/.autopilot/db/top.pp.0.cpp:7781:3: warning: Added loop label VITIS_LOOP_998_2:   [xilinx-label-all-loops]
  for (unsigned int word = 0; word < NumTotal; word++) {
  ^~~
  VITIS_LOOP_998_2: 
/home/changhong/prj/finn_dev/finn/script/LSTM_HLS/hlsprj/clstm/clstm/clstm/.autopilot/db/top.pp.0.cpp:7781:3: note: FIX-IT applied suggested code changes
/home/changhong/prj/finn_dev/finn/script/LSTM_HLS/hlsprj/clstm/clstm/clstm/.autopilot/db/top.pp.0.cpp:44817:3: warning: Added loop label VITIS_LOOP_93_1:   [xilinx-label-all-loops]
  while(!log.empty()){
  ^~~~~
  VITIS_LOOP_93_1: 
/home/changhong/prj/finn_dev/finn/script/LSTM_HLS/hlsprj/clstm/clstm/clstm/.autopilot/db/top.pp.0.cpp:44817:3: note: FIX-IT applied suggested code changes
/home/changhong/prj/finn_dev/finn/script/LSTM_HLS/hlsprj/clstm/clstm/clstm/.autopilot/db/top.pp.0.cpp:44823:3: warning: Added loop label VITIS_LOOP_99_2:   [xilinx-label-all-loops]
  while(!tmp_stream.empty()){
  ^~~~~
  VITIS_LOOP_99_2: 
/home/changhong/prj/finn_dev/finn/script/LSTM_HLS/hlsprj/clstm/clstm/clstm/.autopilot/db/top.pp.0.cpp:44823:3: note: FIX-IT applied suggested code changes
/home/changhong/prj/finn_dev/finn/script/LSTM_HLS/hlsprj/clstm/clstm/clstm/.autopilot/db/top.pp.0.cpp:44834:49: error: Invalid Directive: for current device, RAM_2P +  is invalid combination for BIND_STORAGE's option 'type + impl' [clang-diagnostic-error]
#pragma HLS BIND_STORAGE variable=inputBuf type=RAM_2P
                                                ^
/home/changhong/prj/finn_dev/finn/script/LSTM_HLS/hlsprj/clstm/clstm/clstm/.autopilot/db/top.pp.0.cpp:44839:49: error: Invalid Directive: for current device, RAM_S2P + BRAM is invalid combination for BIND_STORAGE's option 'type + impl' [clang-diagnostic-error]
#pragma HLS BIND_STORAGE variable=inputBuf type=RAM_S2P impl=BRAM
                                                ^
/home/changhong/prj/finn_dev/finn/script/LSTM_HLS/hlsprj/clstm/clstm/clstm/.autopilot/db/top.pp.0.cpp:44844:49: error: Invalid Directive: for current device, RAM_S2P + URAM is invalid combination for BIND_STORAGE's option 'type + impl' [clang-diagnostic-error]
#pragma HLS BIND_STORAGE variable=inputBuf type=RAM_S2P impl=URAM
                                                ^
/home/changhong/prj/finn_dev/finn/script/LSTM_HLS/hlsprj/clstm/clstm/clstm/.autopilot/db/top.pp.0.cpp:44849:49: error: Invalid Directive: for current device, RAM_S2P + LUTRAM is invalid combination for BIND_STORAGE's option 'type + impl' [clang-diagnostic-error]
#pragma HLS BIND_STORAGE variable=inputBuf type=RAM_S2P impl=LUTRAM
                                                ^
/home/changhong/prj/finn_dev/finn/script/LSTM_HLS/hlsprj/clstm/clstm/clstm/.autopilot/db/top.pp.0.cpp:44883:3: warning: Added loop label VITIS_LOOP_190_1:   [xilinx-label-all-loops]
  for (unsigned int count_image = 0; count_image < numReps; count_image++) {
  ^~~
  VITIS_LOOP_190_1: 
/home/changhong/prj/finn_dev/finn/script/LSTM_HLS/hlsprj/clstm/clstm/clstm/.autopilot/db/top.pp.0.cpp:44883:3: note: FIX-IT applied suggested code changes
/home/changhong/prj/finn_dev/finn/script/LSTM_HLS/hlsprj/clstm/clstm/clstm/.autopilot/db/top.pp.0.cpp:44884:5: warning: Added loop label VITIS_LOOP_191_2:   [xilinx-label-all-loops]
    for (unsigned int i = 0; i < baseIter; i++) {
    ^~~
    VITIS_LOOP_191_2: 
/home/changhong/prj/finn_dev/finn/script/LSTM_HLS/hlsprj/clstm/clstm/clstm/.autopilot/db/top.pp.0.cpp:44884:5: note: FIX-IT applied suggested code changes
/home/changhong/prj/finn_dev/finn/script/LSTM_HLS/hlsprj/clstm/clstm/clstm/.autopilot/db/top.pp.0.cpp:44997:2: warning: Added loop label VITIS_LOOP_324_1:   [xilinx-label-all-loops]
 for (unsigned int count_image = 0; count_image < numReps; count_image++) {
 ^~~
 VITIS_LOOP_324_1: 
/home/changhong/prj/finn_dev/finn/script/LSTM_HLS/hlsprj/clstm/clstm/clstm/.autopilot/db/top.pp.0.cpp:44997:2: note: FIX-IT applied suggested code changes
/home/changhong/prj/finn_dev/finn/script/LSTM_HLS/hlsprj/clstm/clstm/clstm/.autopilot/db/top.pp.0.cpp:44998:3: warning: Added loop label VITIS_LOOP_325_2:   [xilinx-label-all-loops]
  for (unsigned int i = 0; i < baseIter; i++) {
  ^~~
  VITIS_LOOP_325_2: 
/home/changhong/prj/finn_dev/finn/script/LSTM_HLS/hlsprj/clstm/clstm/clstm/.autopilot/db/top.pp.0.cpp:44998:3: note: FIX-IT applied suggested code changes
/home/changhong/prj/finn_dev/finn/script/LSTM_HLS/hlsprj/clstm/clstm/clstm/.autopilot/db/top.pp.0.cpp:45004:5: warning: Added loop label VITIS_LOOP_331_3:   [xilinx-label-all-loops]
    for(unsigned int v = 0; v < MMV; v++)
    ^~~
    VITIS_LOOP_331_3: 
/home/changhong/prj/finn_dev/finn/script/LSTM_HLS/hlsprj/clstm/clstm/clstm/.autopilot/db/top.pp.0.cpp:45004:5: note: FIX-IT applied suggested code changes
/home/changhong/prj/finn_dev/finn/script/LSTM_HLS/hlsprj/clstm/clstm/clstm/.autopilot/db/top.pp.0.cpp:45031:6: warning: Added loop label VITIS_LOOP_358_4:   [xilinx-label-all-loops]
     for(unsigned int v = 0; v < MMV; v++) {
     ^~~
     VITIS_LOOP_358_4: 
/home/changhong/prj/finn_dev/finn/script/LSTM_HLS/hlsprj/clstm/clstm/clstm/.autopilot/db/top.pp.0.cpp:45031:6: note: FIX-IT applied suggested code changes
/home/changhong/prj/finn_dev/finn/script/LSTM_HLS/hlsprj/clstm/clstm/clstm/.autopilot/db/top.pp.0.cpp:45064:6: warning: Added loop label VITIS_LOOP_391_5:   [xilinx-label-all-loops]
     for(unsigned int v = 0; v < MMV; v++) {
     ^~~
     VITIS_LOOP_391_5: 
/home/changhong/prj/finn_dev/finn/script/LSTM_HLS/hlsprj/clstm/clstm/clstm/.autopilot/db/top.pp.0.cpp:45064:6: note: FIX-IT applied suggested code changes
/home/changhong/prj/finn_dev/finn/script/LSTM_HLS/hlsprj/clstm/clstm/clstm/.autopilot/db/top.pp.0.cpp:45125:1: warning: Added loop label VITIS_LOOP_473_1:   [xilinx-label-all-loops]
for (unsigned int count_image = 0; count_image < numReps; count_image++) {
^~~
VITIS_LOOP_473_1: 
/home/changhong/prj/finn_dev/finn/script/LSTM_HLS/hlsprj/clstm/clstm/clstm/.autopilot/db/top.pp.0.cpp:45125:1: note: FIX-IT applied suggested code changes
/home/changhong/prj/finn_dev/finn/script/LSTM_HLS/hlsprj/clstm/clstm/clstm/.autopilot/db/top.pp.0.cpp:45130:3: warning: Added loop label VITIS_LOOP_478_2:   [xilinx-label-all-loops]
  for (unsigned int i = 0; i < baseIter; i++) {
  ^~~
  VITIS_LOOP_478_2: 
/home/changhong/prj/finn_dev/finn/script/LSTM_HLS/hlsprj/clstm/clstm/clstm/.autopilot/db/top.pp.0.cpp:45130:3: note: FIX-IT applied suggested code changes
/home/changhong/prj/finn_dev/finn/script/LSTM_HLS/hlsprj/clstm/clstm/clstm/.autopilot/db/top.pp.0.cpp:45256:1: warning: Added loop label VITIS_LOOP_625_1:   [xilinx-label-all-loops]
for (unsigned int count_image = 0; count_image < numReps; count_image++) {
^~~
VITIS_LOOP_625_1: 
/home/changhong/prj/finn_dev/finn/script/LSTM_HLS/hlsprj/clstm/clstm/clstm/.autopilot/db/top.pp.0.cpp:45256:1: note: FIX-IT applied suggested code changes
/home/changhong/prj/finn_dev/finn/script/LSTM_HLS/hlsprj/clstm/clstm/clstm/.autopilot/db/top.pp.0.cpp:45261:3: warning: Added loop label VITIS_LOOP_630_2:   [xilinx-label-all-loops]
  for (unsigned int i = 0; i < baseIter; i++) {
  ^~~
  VITIS_LOOP_630_2: 
/home/changhong/prj/finn_dev/finn/script/LSTM_HLS/hlsprj/clstm/clstm/clstm/.autopilot/db/top.pp.0.cpp:45261:3: note: FIX-IT applied suggested code changes
/home/changhong/prj/finn_dev/finn/script/LSTM_HLS/hlsprj/clstm/clstm/clstm/.autopilot/db/top.pp.0.cpp:45267:5: warning: Added loop label VITIS_LOOP_636_3:   [xilinx-label-all-loops]
    for(unsigned int v = 0; v < MMV; v++)
    ^~~
    VITIS_LOOP_636_3: 
/home/changhong/prj/finn_dev/finn/script/LSTM_HLS/hlsprj/clstm/clstm/clstm/.autopilot/db/top.pp.0.cpp:45267:5: note: FIX-IT applied suggested code changes
/home/changhong/prj/finn_dev/finn/script/LSTM_HLS/hlsprj/clstm/clstm/clstm/.autopilot/db/top.pp.0.cpp:45302:4: warning: Added loop label VITIS_LOOP_671_4:   [xilinx-label-all-loops]
   for(unsigned int v = 0; v < MMV; v++) {
   ^~~
   VITIS_LOOP_671_4: 
/home/changhong/prj/finn_dev/finn/script/LSTM_HLS/hlsprj/clstm/clstm/clstm/.autopilot/db/top.pp.0.cpp:45302:4: note: FIX-IT applied suggested code changes
/home/changhong/prj/finn_dev/finn/script/LSTM_HLS/hlsprj/clstm/clstm/clstm/.autopilot/db/top.pp.0.cpp:45335:5: warning: Added loop label VITIS_LOOP_704_5:   [xilinx-label-all-loops]
    for(unsigned int v = 0; v < MMV; v++) {
    ^~~
    VITIS_LOOP_704_5: 
/home/changhong/prj/finn_dev/finn/script/LSTM_HLS/hlsprj/clstm/clstm/clstm/.autopilot/db/top.pp.0.cpp:45335:5: note: FIX-IT applied suggested code changes
/home/changhong/prj/finn_dev/finn/script/LSTM_HLS/hlsprj/clstm/clstm/clstm/.autopilot/db/top.pp.0.cpp:45391:3: warning: Added loop label VITIS_LOOP_780_1:   [xilinx-label-all-loops]
  for (unsigned int count_image = 0; count_image < numReps; count_image++) {
  ^~~
  VITIS_LOOP_780_1: 
/home/changhong/prj/finn_dev/finn/script/LSTM_HLS/hlsprj/clstm/clstm/clstm/.autopilot/db/top.pp.0.cpp:45391:3: note: FIX-IT applied suggested code changes
/home/changhong/prj/finn_dev/finn/script/LSTM_HLS/hlsprj/clstm/clstm/clstm/.autopilot/db/top.pp.0.cpp:45392:5: warning: Added loop label VITIS_LOOP_781_2:   [xilinx-label-all-loops]
    for (unsigned int i = 0; i < baseIter; i++) {
    ^~~
    VITIS_LOOP_781_2: 
/home/changhong/prj/finn_dev/finn/script/LSTM_HLS/hlsprj/clstm/clstm/clstm/.autopilot/db/top.pp.0.cpp:45392:5: note: FIX-IT applied suggested code changes
/home/changhong/prj/finn_dev/finn/script/LSTM_HLS/hlsprj/clstm/clstm/clstm/.autopilot/db/top.pp.0.cpp:45500:3: warning: Added loop label VITIS_LOOP_910_1:   [xilinx-label-all-loops]
  for (unsigned int count_image = 0; count_image < numReps; count_image++) {
  ^~~
  VITIS_LOOP_910_1: 
/home/changhong/prj/finn_dev/finn/script/LSTM_HLS/hlsprj/clstm/clstm/clstm/.autopilot/db/top.pp.0.cpp:45500:3: note: FIX-IT applied suggested code changes
/home/changhong/prj/finn_dev/finn/script/LSTM_HLS/hlsprj/clstm/clstm/clstm/.autopilot/db/top.pp.0.cpp:45504:7: warning: Added loop label VITIS_LOOP_914_2:   [xilinx-label-all-loops]
      for (unsigned int i = 0; i < baseIter; i++) {
      ^~~
      VITIS_LOOP_914_2: 
/home/changhong/prj/finn_dev/finn/script/LSTM_HLS/hlsprj/clstm/clstm/clstm/.autopilot/db/top.pp.0.cpp:45504:7: note: FIX-IT applied suggested code changes
/home/changhong/prj/finn_dev/finn/script/LSTM_HLS/hlsprj/clstm/clstm/clstm/.autopilot/db/top.pp.0.cpp:45633:2: warning: Added loop label VITIS_LOOP_1064_1:   [xilinx-label-all-loops]
 for (unsigned int count_image = 0; count_image < numReps; count_image++) {
 ^~~
 VITIS_LOOP_1064_1: 
/home/changhong/prj/finn_dev/finn/script/LSTM_HLS/hlsprj/clstm/clstm/clstm/.autopilot/db/top.pp.0.cpp:45633:2: note: FIX-IT applied suggested code changes
/home/changhong/prj/finn_dev/finn/script/LSTM_HLS/hlsprj/clstm/clstm/clstm/.autopilot/db/top.pp.0.cpp:45634:3: warning: Added loop label VITIS_LOOP_1065_2:   [xilinx-label-all-loops]
  for (unsigned int i = 0; i < baseIter; i++) {
  ^~~
  VITIS_LOOP_1065_2: 
/home/changhong/prj/finn_dev/finn/script/LSTM_HLS/hlsprj/clstm/clstm/clstm/.autopilot/db/top.pp.0.cpp:45634:3: note: FIX-IT applied suggested code changes
/home/changhong/prj/finn_dev/finn/script/LSTM_HLS/hlsprj/clstm/clstm/clstm/.autopilot/db/top.pp.0.cpp:45640:5: warning: Added loop label VITIS_LOOP_1071_3:   [xilinx-label-all-loops]
    for(unsigned int v = 0; v < MMV; v++)
    ^~~
    VITIS_LOOP_1071_3: 
/home/changhong/prj/finn_dev/finn/script/LSTM_HLS/hlsprj/clstm/clstm/clstm/.autopilot/db/top.pp.0.cpp:45640:5: note: FIX-IT applied suggested code changes
/home/changhong/prj/finn_dev/finn/script/LSTM_HLS/hlsprj/clstm/clstm/clstm/.autopilot/db/top.pp.0.cpp:45667:6: warning: Added loop label VITIS_LOOP_1098_4:   [xilinx-label-all-loops]
     for(unsigned int v = 0; v < MMV; v++) {
     ^~~
     VITIS_LOOP_1098_4: 
/home/changhong/prj/finn_dev/finn/script/LSTM_HLS/hlsprj/clstm/clstm/clstm/.autopilot/db/top.pp.0.cpp:45667:6: note: FIX-IT applied suggested code changes
/home/changhong/prj/finn_dev/finn/script/LSTM_HLS/hlsprj/clstm/clstm/clstm/.autopilot/db/top.pp.0.cpp:45700:6: warning: Added loop label VITIS_LOOP_1131_5:   [xilinx-label-all-loops]
     for(unsigned int v = 0; v < MMV; v++) {
     ^~~
     VITIS_LOOP_1131_5: 
/home/changhong/prj/finn_dev/finn/script/LSTM_HLS/hlsprj/clstm/clstm/clstm/.autopilot/db/top.pp.0.cpp:45700:6: note: FIX-IT applied suggested code changes
/home/changhong/prj/finn_dev/finn/script/LSTM_HLS/hlsprj/clstm/clstm/clstm/.autopilot/db/top.pp.0.cpp:45742:2: warning: Added loop label VITIS_LOOP_1190_1:   [xilinx-label-all-loops]
 for (unsigned int im=0; im<numReps; im++) {
 ^~~
 VITIS_LOOP_1190_1: 
/home/changhong/prj/finn_dev/finn/script/LSTM_HLS/hlsprj/clstm/clstm/clstm/.autopilot/db/top.pp.0.cpp:45742:2: note: FIX-IT applied suggested code changes
/home/changhong/prj/finn_dev/finn/script/LSTM_HLS/hlsprj/clstm/clstm/clstm/.autopilot/db/top.pp.0.cpp:45745:3: warning: Added loop label VITIS_LOOP_1193_2:   [xilinx-label-all-loops]
  for (unsigned int y = 0; y < IFMDim; y++) {
  ^~~
  VITIS_LOOP_1193_2: 
/home/changhong/prj/finn_dev/finn/script/LSTM_HLS/hlsprj/clstm/clstm/clstm/.autopilot/db/top.pp.0.cpp:45745:3: note: FIX-IT applied suggested code changes
/home/changhong/prj/finn_dev/finn/script/LSTM_HLS/hlsprj/clstm/clstm/clstm/.autopilot/db/top.pp.0.cpp:45749:4: warning: Added loop label VITIS_LOOP_1197_3:   [xilinx-label-all-loops]
   for (unsigned int x = 0; x < IFMDim; x++) {
   ^~~
   VITIS_LOOP_1197_3: 
/home/changhong/prj/finn_dev/finn/script/LSTM_HLS/hlsprj/clstm/clstm/clstm/.autopilot/db/top.pp.0.cpp:45749:4: note: FIX-IT applied suggested code changes
/home/changhong/prj/finn_dev/finn/script/LSTM_HLS/hlsprj/clstm/clstm/clstm/.autopilot/db/top.pp.0.cpp:45753:5: warning: Added loop label VITIS_LOOP_1201_4:   [xilinx-label-all-loops]
    for (unsigned int count_simd = 0; count_simd < MULTIPLYING_FACTOR; count_simd++) {
    ^~~
    VITIS_LOOP_1201_4: 
/home/changhong/prj/finn_dev/finn/script/LSTM_HLS/hlsprj/clstm/clstm/clstm/.autopilot/db/top.pp.0.cpp:45753:5: note: FIX-IT applied suggested code changes
/home/changhong/prj/finn_dev/finn/script/LSTM_HLS/hlsprj/clstm/clstm/clstm/.autopilot/db/top.pp.0.cpp:45776:2: warning: Added loop label VITIS_LOOP_1239_1:   [xilinx-label-all-loops]
 for (unsigned int im=0; im<numReps; im++) {
 ^~~
 VITIS_LOOP_1239_1: 
/home/changhong/prj/finn_dev/finn/script/LSTM_HLS/hlsprj/clstm/clstm/clstm/.autopilot/db/top.pp.0.cpp:45776:2: note: FIX-IT applied suggested code changes
/home/changhong/prj/finn_dev/finn/script/LSTM_HLS/hlsprj/clstm/clstm/clstm/.autopilot/db/top.pp.0.cpp:45778:3: warning: Added loop label VITIS_LOOP_1241_2:   [xilinx-label-all-loops]
  for (unsigned int x = 0; x < IFMDim; x++) {
  ^~~
  VITIS_LOOP_1241_2: 
/home/changhong/prj/finn_dev/finn/script/LSTM_HLS/hlsprj/clstm/clstm/clstm/.autopilot/db/top.pp.0.cpp:45778:3: note: FIX-IT applied suggested code changes
/home/changhong/prj/finn_dev/finn/script/LSTM_HLS/hlsprj/clstm/clstm/clstm/.autopilot/db/top.pp.0.cpp:45781:4: warning: Added loop label VITIS_LOOP_1244_3:   [xilinx-label-all-loops]
   for (unsigned int count_simd = 0; count_simd < IFMChannels/SIMD; count_simd++) {
   ^~~
   VITIS_LOOP_1244_3: 
/home/changhong/prj/finn_dev/finn/script/LSTM_HLS/hlsprj/clstm/clstm/clstm/.autopilot/db/top.pp.0.cpp:45781:4: note: FIX-IT applied suggested code changes
/home/changhong/prj/finn_dev/finn/script/LSTM_HLS/hlsprj/clstm/clstm/clstm/.autopilot/db/top.pp.0.cpp:45827:3: warning: Added loop label VITIS_LOOP_1313_1:   [xilinx-label-all-loops]
  for (unsigned int count_image = 0; count_image < numReps; count_image++) {
  ^~~
  VITIS_LOOP_1313_1: 
/home/changhong/prj/finn_dev/finn/script/LSTM_HLS/hlsprj/clstm/clstm/clstm/.autopilot/db/top.pp.0.cpp:45827:3: note: FIX-IT applied suggested code changes
/home/changhong/prj/finn_dev/finn/script/LSTM_HLS/hlsprj/clstm/clstm/clstm/.autopilot/db/top.pp.0.cpp:45828:5: warning: Added loop label VITIS_LOOP_1314_2:   [xilinx-label-all-loops]
    for (unsigned int i = 0; i < baseIter; i++) {
    ^~~
    VITIS_LOOP_1314_2: 
/home/changhong/prj/finn_dev/finn/script/LSTM_HLS/hlsprj/clstm/clstm/clstm/.autopilot/db/top.pp.0.cpp:45828:5: note: FIX-IT applied suggested code changes
/home/changhong/prj/finn_dev/finn/script/LSTM_HLS/hlsprj/clstm/clstm/clstm/.autopilot/db/top.pp.0.cpp:45939:3: warning: Added loop label VITIS_LOOP_1447_1:   [xilinx-label-all-loops]
  for (unsigned int count_image = 0; count_image < numReps; count_image++) {
  ^~~
  VITIS_LOOP_1447_1: 
/home/changhong/prj/finn_dev/finn/script/LSTM_HLS/hlsprj/clstm/clstm/clstm/.autopilot/db/top.pp.0.cpp:45939:3: note: FIX-IT applied suggested code changes
/home/changhong/prj/finn_dev/finn/script/LSTM_HLS/hlsprj/clstm/clstm/clstm/.autopilot/db/top.pp.0.cpp:45940:5: warning: Added loop label VITIS_LOOP_1448_2:   [xilinx-label-all-loops]
    for (unsigned int i = 0; i < baseIter; i++) {
    ^~~
    VITIS_LOOP_1448_2: 
/home/changhong/prj/finn_dev/finn/script/LSTM_HLS/hlsprj/clstm/clstm/clstm/.autopilot/db/top.pp.0.cpp:45940:5: note: FIX-IT applied suggested code changes
/home/changhong/prj/finn_dev/finn/script/LSTM_HLS/hlsprj/clstm/clstm/clstm/.autopilot/db/top.pp.0.cpp:46055:3: warning: Added loop label VITIS_LOOP_1588_1:   [xilinx-label-all-loops]
  for (unsigned int count_image = 0; count_image < numReps; count_image++) {
  ^~~
  VITIS_LOOP_1588_1: 
/home/changhong/prj/finn_dev/finn/script/LSTM_HLS/hlsprj/clstm/clstm/clstm/.autopilot/db/top.pp.0.cpp:46055:3: note: FIX-IT applied suggested code changes
/home/changhong/prj/finn_dev/finn/script/LSTM_HLS/hlsprj/clstm/clstm/clstm/.autopilot/db/top.pp.0.cpp:46056:5: warning: Added loop label VITIS_LOOP_1589_2:   [xilinx-label-all-loops]
    for (unsigned int i = 0; i < baseIter; i++) {
    ^~~
    VITIS_LOOP_1589_2: 
/home/changhong/prj/finn_dev/finn/script/LSTM_HLS/hlsprj/clstm/clstm/clstm/.autopilot/db/top.pp.0.cpp:46056:5: note: FIX-IT applied suggested code changes
/home/changhong/prj/finn_dev/finn/script/LSTM_HLS/hlsprj/clstm/clstm/clstm/.autopilot/db/top.pp.0.cpp:46162:3: warning: Added loop label VITIS_LOOP_1716_1:   [xilinx-label-all-loops]
  for (unsigned int count_image = 0; count_image < numReps; count_image++) {
  ^~~
  VITIS_LOOP_1716_1: 
/home/changhong/prj/finn_dev/finn/script/LSTM_HLS/hlsprj/clstm/clstm/clstm/.autopilot/db/top.pp.0.cpp:46162:3: note: FIX-IT applied suggested code changes
/home/changhong/prj/finn_dev/finn/script/LSTM_HLS/hlsprj/clstm/clstm/clstm/.autopilot/db/top.pp.0.cpp:46163:5: warning: Added loop label VITIS_LOOP_1717_2:   [xilinx-label-all-loops]
    for (unsigned int i = 0; i < baseIter; i++) {
    ^~~
    VITIS_LOOP_1717_2: 
/home/changhong/prj/finn_dev/finn/script/LSTM_HLS/hlsprj/clstm/clstm/clstm/.autopilot/db/top.pp.0.cpp:46163:5: note: FIX-IT applied suggested code changes
/home/changhong/prj/finn_dev/finn/script/LSTM_HLS/hlsprj/clstm/clstm/clstm/.autopilot/db/top.pp.0.cpp:46183:9: warning: Added loop label VITIS_LOOP_1737_3:   [xilinx-label-all-loops]
        for(int k_y=0; k_y<ConvKernelDim; k_y++)
        ^~~
        VITIS_LOOP_1737_3: 
/home/changhong/prj/finn_dev/finn/script/LSTM_HLS/hlsprj/clstm/clstm/clstm/.autopilot/db/top.pp.0.cpp:46183:9: note: FIX-IT applied suggested code changes
/home/changhong/prj/finn_dev/finn/script/LSTM_HLS/hlsprj/clstm/clstm/clstm/.autopilot/db/top.pp.0.cpp:46249:3: warning: Added loop label VITIS_LOOP_1822_1:   [xilinx-label-all-loops]
  for (unsigned int count_image = 0; count_image < numReps; count_image++) {
  ^~~
  VITIS_LOOP_1822_1: 
/home/changhong/prj/finn_dev/finn/script/LSTM_HLS/hlsprj/clstm/clstm/clstm/.autopilot/db/top.pp.0.cpp:46249:3: note: FIX-IT applied suggested code changes
/home/changhong/prj/finn_dev/finn/script/LSTM_HLS/hlsprj/clstm/clstm/clstm/.autopilot/db/top.pp.0.cpp:46250:5: warning: Added loop label VITIS_LOOP_1823_2:   [xilinx-label-all-loops]
    for (unsigned int i = 0; i < baseIter; i++) {
    ^~~
    VITIS_LOOP_1823_2: 
/home/changhong/prj/finn_dev/finn/script/LSTM_HLS/hlsprj/clstm/clstm/clstm/.autopilot/db/top.pp.0.cpp:46250:5: note: FIX-IT applied suggested code changes
/home/changhong/prj/finn_dev/finn/script/LSTM_HLS/hlsprj/clstm/clstm/clstm/.autopilot/db/top.pp.0.cpp:46310:2: warning: Added loop label VITIS_LOOP_1901_1:   [xilinx-label-all-loops]
 for(unsigned count_image = 0; count_image < numReps; count_image++) {
 ^~~
 VITIS_LOOP_1901_1: 
/home/changhong/prj/finn_dev/finn/script/LSTM_HLS/hlsprj/clstm/clstm/clstm/.autopilot/db/top.pp.0.cpp:46310:2: note: FIX-IT applied suggested code changes
/home/changhong/prj/finn_dev/finn/script/LSTM_HLS/hlsprj/clstm/clstm/clstm/.autopilot/db/top.pp.0.cpp:46316:3: warning: Added loop label VITIS_LOOP_1907_2:   [xilinx-label-all-loops]
  for(unsigned i = 0; i < 1+OUTPUT_SIZE; i++) {
  ^~~
  VITIS_LOOP_1907_2: 
/home/changhong/prj/finn_dev/finn/script/LSTM_HLS/hlsprj/clstm/clstm/clstm/.autopilot/db/top.pp.0.cpp:46316:3: note: FIX-IT applied suggested code changes
/home/changhong/prj/finn_dev/finn/script/LSTM_HLS/hlsprj/clstm/clstm/clstm/.autopilot/db/top.pp.0.cpp:46369:2: warning: Added loop label VITIS_LOOP_1977_1:   [xilinx-label-all-loops]
 for(unsigned count_image = 0; count_image < numReps; count_image++) {
 ^~~
 VITIS_LOOP_1977_1: 
/home/changhong/prj/finn_dev/finn/script/LSTM_HLS/hlsprj/clstm/clstm/clstm/.autopilot/db/top.pp.0.cpp:46369:2: note: FIX-IT applied suggested code changes
/home/changhong/prj/finn_dev/finn/script/LSTM_HLS/hlsprj/clstm/clstm/clstm/.autopilot/db/top.pp.0.cpp:46375:3: warning: Added loop label VITIS_LOOP_1983_2:   [xilinx-label-all-loops]
  for(unsigned i = 0; i < 1 + READ_CYCLES + OUTPUT_SIZE; i++) {
  ^~~
  VITIS_LOOP_1983_2: 
/home/changhong/prj/finn_dev/finn/script/LSTM_HLS/hlsprj/clstm/clstm/clstm/.autopilot/db/top.pp.0.cpp:46375:3: note: FIX-IT applied suggested code changes
/home/changhong/prj/finn_dev/finn/script/LSTM_HLS/hlsprj/clstm/clstm/clstm/.autopilot/db/top.pp.0.cpp:46429:2: warning: Added loop label VITIS_LOOP_2055_1:   [xilinx-label-all-loops]
 for(unsigned count_image = 0; count_image < numReps; count_image++) {
 ^~~
 VITIS_LOOP_2055_1: 
/home/changhong/prj/finn_dev/finn/script/LSTM_HLS/hlsprj/clstm/clstm/clstm/.autopilot/db/top.pp.0.cpp:46429:2: note: FIX-IT applied suggested code changes
/home/changhong/prj/finn_dev/finn/script/LSTM_HLS/hlsprj/clstm/clstm/clstm/.autopilot/db/top.pp.0.cpp:46436:3: warning: Added loop label VITIS_LOOP_2062_2:   [xilinx-label-all-loops]
  for(unsigned i = 0; i < 1 + READ_CYCLES + OUTPUT_SIZE; i++) {
  ^~~
  VITIS_LOOP_2062_2: 
/home/changhong/prj/finn_dev/finn/script/LSTM_HLS/hlsprj/clstm/clstm/clstm/.autopilot/db/top.pp.0.cpp:46436:3: note: FIX-IT applied suggested code changes
/home/changhong/prj/finn_dev/finn/script/LSTM_HLS/hlsprj/clstm/clstm/clstm/.autopilot/db/top.pp.0.cpp:46483:9: error: Invalid Directive: for current device, mul + fabric is invalid combination for bind_op [clang-diagnostic-error]
#pragma HLS BIND_OP variable=res op=mul impl=fabric
        ^
/home/changhong/prj/finn_dev/finn/script/LSTM_HLS/hlsprj/clstm/clstm/clstm/.autopilot/db/top.pp.0.cpp:46491:9: error: Invalid Directive: for current device, mul + dsp is invalid combination for bind_op [clang-diagnostic-error]
#pragma HLS BIND_OP variable=res op=mul impl=dsp
        ^
/home/changhong/prj/finn_dev/finn/script/LSTM_HLS/hlsprj/clstm/clstm/clstm/.autopilot/db/top.pp.0.cpp:46499:3: warning: Added loop label VITIS_LOOP_173_1:   [xilinx-label-all-loops]
  for(unsigned i = 0; i < N; i++) {
  ^~~
  VITIS_LOOP_173_1: 
/home/changhong/prj/finn_dev/finn/script/LSTM_HLS/hlsprj/clstm/clstm/clstm/.autopilot/db/top.pp.0.cpp:46499:3: note: FIX-IT applied suggested code changes
/home/changhong/prj/finn_dev/finn/script/LSTM_HLS/hlsprj/clstm/clstm/clstm/.autopilot/db/top.pp.0.cpp:46510:3: warning: Added loop label VITIS_LOOP_200_1:   [xilinx-label-all-loops]
  for(unsigned i = 0; i < N; i++) {
  ^~~
  VITIS_LOOP_200_1: 
/home/changhong/prj/finn_dev/finn/script/LSTM_HLS/hlsprj/clstm/clstm/clstm/.autopilot/db/top.pp.0.cpp:46510:3: note: FIX-IT applied suggested code changes
/home/changhong/prj/finn_dev/finn/script/LSTM_HLS/hlsprj/clstm/clstm/clstm/.autopilot/db/top.pp.0.cpp:47158:4: warning: Added loop label VITIS_LOOP_134_1:   [xilinx-label-all-loops]
   for(unsigned int i=0; i<SIMD; i++) {
   ^~~
   VITIS_LOOP_134_1: 
/home/changhong/prj/finn_dev/finn/script/LSTM_HLS/hlsprj/clstm/clstm/clstm/.autopilot/db/top.pp.0.cpp:47158:4: note: FIX-IT applied suggested code changes
/home/changhong/prj/finn_dev/finn/script/LSTM_HLS/hlsprj/clstm/clstm/clstm/.autopilot/db/top.pp.0.cpp:47183:5: warning: Added loop label VITIS_LOOP_159_1:   [xilinx-label-all-loops]
    for(unsigned int i=0; i<SIMD; i++) {
    ^~~
    VITIS_LOOP_159_1: 
/home/changhong/prj/finn_dev/finn/script/LSTM_HLS/hlsprj/clstm/clstm/clstm/.autopilot/db/top.pp.0.cpp:47183:5: note: FIX-IT applied suggested code changes
/home/changhong/prj/finn_dev/finn/script/LSTM_HLS/hlsprj/clstm/clstm/clstm/.autopilot/db/top.pp.0.cpp:47228:3: warning: Added loop label VITIS_LOOP_124_1:   [xilinx-label-all-loops]
  for(unsigned i = 0; i < reps * TOTAL_FOLD; i++) {
  ^~~
  VITIS_LOOP_124_1: 
/home/changhong/prj/finn_dev/finn/script/LSTM_HLS/hlsprj/clstm/clstm/clstm/.autopilot/db/top.pp.0.cpp:47228:3: note: FIX-IT applied suggested code changes
/home/changhong/prj/finn_dev/finn/script/LSTM_HLS/hlsprj/clstm/clstm/clstm/.autopilot/db/top.pp.0.cpp:47244:7: warning: Added loop label VITIS_LOOP_140_2:   [xilinx-label-all-loops]
      for(unsigned pe = 0; pe < PE; pe++) {
      ^~~
      VITIS_LOOP_140_2: 
/home/changhong/prj/finn_dev/finn/script/LSTM_HLS/hlsprj/clstm/clstm/clstm/.autopilot/db/top.pp.0.cpp:47244:7: note: FIX-IT applied suggested code changes
/home/changhong/prj/finn_dev/finn/script/LSTM_HLS/hlsprj/clstm/clstm/clstm/.autopilot/db/top.pp.0.cpp:47246:2: warning: Added loop label VITIS_LOOP_142_3:   [xilinx-label-all-loops]
 for(unsigned mmv = 0; mmv < MMV; mmv++) {
 ^~~
 VITIS_LOOP_142_3: 
/home/changhong/prj/finn_dev/finn/script/LSTM_HLS/hlsprj/clstm/clstm/clstm/.autopilot/db/top.pp.0.cpp:47246:2: note: FIX-IT applied suggested code changes
/home/changhong/prj/finn_dev/finn/script/LSTM_HLS/hlsprj/clstm/clstm/clstm/.autopilot/db/top.pp.0.cpp:47255:5: warning: Added loop label VITIS_LOOP_151_4:   [xilinx-label-all-loops]
    for(unsigned pe = 0; pe < PE; pe++) {
    ^~~
    VITIS_LOOP_151_4: 
/home/changhong/prj/finn_dev/finn/script/LSTM_HLS/hlsprj/clstm/clstm/clstm/.autopilot/db/top.pp.0.cpp:47255:5: note: FIX-IT applied suggested code changes
/home/changhong/prj/finn_dev/finn/script/LSTM_HLS/hlsprj/clstm/clstm/clstm/.autopilot/db/top.pp.0.cpp:47258:7: warning: Added loop label VITIS_LOOP_154_5:   [xilinx-label-all-loops]
      for (unsigned mmv = 0; mmv < MMV; mmv++){
      ^~~
      VITIS_LOOP_154_5: 
/home/changhong/prj/finn_dev/finn/script/LSTM_HLS/hlsprj/clstm/clstm/clstm/.autopilot/db/top.pp.0.cpp:47258:7: note: FIX-IT applied suggested code changes
/home/changhong/prj/finn_dev/finn/script/LSTM_HLS/hlsprj/clstm/clstm/clstm/.autopilot/db/top.pp.0.cpp:47269:7: warning: Added loop label VITIS_LOOP_165_6:   [xilinx-label-all-loops]
      for (unsigned pe = 0; pe < PE; pe++) {
      ^~~
      VITIS_LOOP_165_6: 
/home/changhong/prj/finn_dev/finn/script/LSTM_HLS/hlsprj/clstm/clstm/clstm/.autopilot/db/top.pp.0.cpp:47269:7: note: FIX-IT applied suggested code changes
/home/changhong/prj/finn_dev/finn/script/LSTM_HLS/hlsprj/clstm/clstm/clstm/.autopilot/db/top.pp.0.cpp:47271:2: warning: Added loop label VITIS_LOOP_167_7:   [xilinx-label-all-loops]
 for (unsigned mmv = 0; mmv < MMV; mmv++){
 ^~~
 VITIS_LOOP_167_7: 
/home/changhong/prj/finn_dev/finn/script/LSTM_HLS/hlsprj/clstm/clstm/clstm/.autopilot/db/top.pp.0.cpp:47271:2: note: FIX-IT applied suggested code changes
/home/changhong/prj/finn_dev/finn/script/LSTM_HLS/hlsprj/clstm/clstm/clstm/.autopilot/db/top.pp.0.cpp:47326:3: warning: Added loop label VITIS_LOOP_250_1:   [xilinx-label-all-loops]
  for(unsigned i = 0; i < reps * TOTAL_FOLD; i++) {
  ^~~
  VITIS_LOOP_250_1: 
/home/changhong/prj/finn_dev/finn/script/LSTM_HLS/hlsprj/clstm/clstm/clstm/.autopilot/db/top.pp.0.cpp:47326:3: note: FIX-IT applied suggested code changes
/home/changhong/prj/finn_dev/finn/script/LSTM_HLS/hlsprj/clstm/clstm/clstm/.autopilot/db/top.pp.0.cpp:47343:5: warning: Added loop label VITIS_LOOP_267_2:   [xilinx-label-all-loops]
    for (unsigned pe = 0; pe < PE; pe++) {
    ^~~
    VITIS_LOOP_267_2: 
/home/changhong/prj/finn_dev/finn/script/LSTM_HLS/hlsprj/clstm/clstm/clstm/.autopilot/db/top.pp.0.cpp:47343:5: note: FIX-IT applied suggested code changes
/home/changhong/prj/finn_dev/finn/script/LSTM_HLS/hlsprj/clstm/clstm/clstm/.autopilot/db/top.pp.0.cpp:47350:7: warning: Added loop label VITIS_LOOP_274_3:   [xilinx-label-all-loops]
      for(unsigned pe = 0; pe < PE; pe++) {
      ^~~
      VITIS_LOOP_274_3: 
/home/changhong/prj/finn_dev/finn/script/LSTM_HLS/hlsprj/clstm/clstm/clstm/.autopilot/db/top.pp.0.cpp:47350:7: note: FIX-IT applied suggested code changes
/home/changhong/prj/finn_dev/finn/script/LSTM_HLS/hlsprj/clstm/clstm/clstm/.autopilot/db/top.pp.0.cpp:47357:5: warning: Added loop label VITIS_LOOP_281_4:   [xilinx-label-all-loops]
    for(unsigned pe = 0; pe < PE; pe++) {
    ^~~
    VITIS_LOOP_281_4: 
/home/changhong/prj/finn_dev/finn/script/LSTM_HLS/hlsprj/clstm/clstm/clstm/.autopilot/db/top.pp.0.cpp:47357:5: note: FIX-IT applied suggested code changes
/home/changhong/prj/finn_dev/finn/script/LSTM_HLS/hlsprj/clstm/clstm/clstm/.autopilot/db/top.pp.0.cpp:47370:7: warning: Added loop label VITIS_LOOP_294_5:   [xilinx-label-all-loops]
      for (unsigned pe = 0; pe < PE; pe++) {
      ^~~
      VITIS_LOOP_294_5: 
/home/changhong/prj/finn_dev/finn/script/LSTM_HLS/hlsprj/clstm/clstm/clstm/.autopilot/db/top.pp.0.cpp:47370:7: note: FIX-IT applied suggested code changes
/home/changhong/prj/finn_dev/finn/script/LSTM_HLS/hlsprj/clstm/clstm/clstm/.autopilot/db/top.pp.0.cpp:47409:5: warning: Added loop label VITIS_LOOP_90_1:   [xilinx-label-all-loops]
    for(unsigned int pos = 0; pos < (OFMDim * OFMDim); pos++){
    ^~~
    VITIS_LOOP_90_1: 
/home/changhong/prj/finn_dev/finn/script/LSTM_HLS/hlsprj/clstm/clstm/clstm/.autopilot/db/top.pp.0.cpp:47409:5: note: FIX-IT applied suggested code changes
/home/changhong/prj/finn_dev/finn/script/LSTM_HLS/hlsprj/clstm/clstm/clstm/.autopilot/db/top.pp.0.cpp:47421:2: warning: Added loop label VITIS_LOOP_102_2:   [xilinx-label-all-loops]
 for(unsigned int i = 0; i < NUM_RED; i++){
 ^~~
 VITIS_LOOP_102_2: 
/home/changhong/prj/finn_dev/finn/script/LSTM_HLS/hlsprj/clstm/clstm/clstm/.autopilot/db/top.pp.0.cpp:47421:2: note: FIX-IT applied suggested code changes
/home/changhong/prj/finn_dev/finn/script/LSTM_HLS/hlsprj/clstm/clstm/clstm/.autopilot/db/top.pp.0.cpp:47429:13: warning: Added loop label VITIS_LOOP_110_3:   [xilinx-label-all-loops]
            for(unsigned int y = 0; y < REDF; y++){
            ^~~
            VITIS_LOOP_110_3: 
/home/changhong/prj/finn_dev/finn/script/LSTM_HLS/hlsprj/clstm/clstm/clstm/.autopilot/db/top.pp.0.cpp:47429:13: note: FIX-IT applied suggested code changes
/home/changhong/prj/finn_dev/finn/script/LSTM_HLS/hlsprj/clstm/clstm/clstm/.autopilot/db/top.pp.0.cpp:47430:17: warning: Added loop label VITIS_LOOP_111_4:   [xilinx-label-all-loops]
                for(unsigned int x = y+1; x < REDF; x++){
                ^~~
                VITIS_LOOP_111_4: 
/home/changhong/prj/finn_dev/finn/script/LSTM_HLS/hlsprj/clstm/clstm/clstm/.autopilot/db/top.pp.0.cpp:47430:17: note: FIX-IT applied suggested code changes
/home/changhong/prj/finn_dev/finn/script/LSTM_HLS/hlsprj/clstm/clstm/clstm/.autopilot/db/top.pp.0.cpp:47450:2: warning: Added loop label VITIS_LOOP_131_5:   [xilinx-label-all-loops]
 for(unsigned int k = 0; k < OFMChannels; k++){
 ^~~
 VITIS_LOOP_131_5: 
/home/changhong/prj/finn_dev/finn/script/LSTM_HLS/hlsprj/clstm/clstm/clstm/.autopilot/db/top.pp.0.cpp:47450:2: note: FIX-IT applied suggested code changes
/home/changhong/prj/finn_dev/finn/script/LSTM_HLS/hlsprj/clstm/clstm/clstm/.autopilot/db/top.pp.0.cpp:47454:13: warning: Added loop label VITIS_LOOP_135_6:   [xilinx-label-all-loops]
            for(unsigned int i = 0; i < NUM_RED; i++){
            ^~~
            VITIS_LOOP_135_6: 
/home/changhong/prj/finn_dev/finn/script/LSTM_HLS/hlsprj/clstm/clstm/clstm/.autopilot/db/top.pp.0.cpp:47454:13: note: FIX-IT applied suggested code changes
/home/changhong/prj/finn_dev/finn/script/LSTM_HLS/hlsprj/clstm/clstm/clstm/.autopilot/db/top.pp.0.cpp:47495:5: warning: Added loop label VITIS_LOOP_199_1:   [xilinx-label-all-loops]
    for (unsigned int rep = 0; rep < numReps; rep++) {
    ^~~
    VITIS_LOOP_199_1: 
/home/changhong/prj/finn_dev/finn/script/LSTM_HLS/hlsprj/clstm/clstm/clstm/.autopilot/db/top.pp.0.cpp:47495:5: note: FIX-IT applied suggested code changes
/home/changhong/prj/finn_dev/finn/script/LSTM_HLS/hlsprj/clstm/clstm/clstm/.autopilot/db/top.pp.0.cpp:47614:2: warning: Added loop label VITIS_LOOP_203_1:   [xilinx-label-all-loops]
 for (unsigned ofm = 0; ofm < OFMChannels; ofm++) {
 ^~~
 VITIS_LOOP_203_1: 
/home/changhong/prj/finn_dev/finn/script/LSTM_HLS/hlsprj/clstm/clstm/clstm/.autopilot/db/top.pp.0.cpp:47614:2: note: FIX-IT applied suggested code changes
/home/changhong/prj/finn_dev/finn/script/LSTM_HLS/hlsprj/clstm/clstm/clstm/.autopilot/db/top.pp.0.cpp:47615:13: warning: Added loop label VITIS_LOOP_204_2:   [xilinx-label-all-loops]
            for (unsigned idx = 0; idx < ConvKernelDim * ConvKernelDim * IFMChannels; idx++) {
            ^~~
            VITIS_LOOP_204_2: 
/home/changhong/prj/finn_dev/finn/script/LSTM_HLS/hlsprj/clstm/clstm/clstm/.autopilot/db/top.pp.0.cpp:47615:13: note: FIX-IT applied suggested code changes
/home/changhong/prj/finn_dev/finn/script/LSTM_HLS/hlsprj/clstm/clstm/clstm/.autopilot/db/top.pp.0.cpp:47626:2: warning: Added loop label VITIS_LOOP_215_1:   [xilinx-label-all-loops]
 for (unsigned ofm = 0; ofm < OFMChannels; ofm++) {
 ^~~
 VITIS_LOOP_215_1: 
/home/changhong/prj/finn_dev/finn/script/LSTM_HLS/hlsprj/clstm/clstm/clstm/.autopilot/db/top.pp.0.cpp:47626:2: note: FIX-IT applied suggested code changes
/home/changhong/prj/finn_dev/finn/script/LSTM_HLS/hlsprj/clstm/clstm/clstm/.autopilot/db/top.pp.0.cpp:47627:13: warning: Added loop label VITIS_LOOP_216_2:   [xilinx-label-all-loops]
            for (unsigned idx = 0; idx < ConvKernelDim * ConvKernelDim * IFMChannels; idx++) {
            ^~~
            VITIS_LOOP_216_2: 
/home/changhong/prj/finn_dev/finn/script/LSTM_HLS/hlsprj/clstm/clstm/clstm/.autopilot/db/top.pp.0.cpp:47627:13: note: FIX-IT applied suggested code changes
/home/changhong/prj/finn_dev/finn/script/LSTM_HLS/hlsprj/clstm/clstm/clstm/.autopilot/db/top.pp.0.cpp:47638:2: warning: Added loop label VITIS_LOOP_227_1:   [xilinx-label-all-loops]
 for (unsigned ofm = 0; ofm < OFMChannels; ofm++) {
 ^~~
 VITIS_LOOP_227_1: 
/home/changhong/prj/finn_dev/finn/script/LSTM_HLS/hlsprj/clstm/clstm/clstm/.autopilot/db/top.pp.0.cpp:47638:2: note: FIX-IT applied suggested code changes
/home/changhong/prj/finn_dev/finn/script/LSTM_HLS/hlsprj/clstm/clstm/clstm/.autopilot/db/top.pp.0.cpp:47639:13: warning: Added loop label VITIS_LOOP_228_2:   [xilinx-label-all-loops]
            for (unsigned idx = 0; idx < ConvKernelDim * ConvKernelDim * IFMChannels; idx++) {
            ^~~
            VITIS_LOOP_228_2: 
/home/changhong/prj/finn_dev/finn/script/LSTM_HLS/hlsprj/clstm/clstm/clstm/.autopilot/db/top.pp.0.cpp:47639:13: note: FIX-IT applied suggested code changes
/home/changhong/prj/finn_dev/finn/script/LSTM_HLS/hlsprj/clstm/clstm/clstm/.autopilot/db/top.pp.0.cpp:47661:2: warning: Added loop label VITIS_LOOP_250_1:   [xilinx-label-all-loops]
 for (unsigned ofm = 0; ofm < OFMChannels; ofm++) {
 ^~~
 VITIS_LOOP_250_1: 
/home/changhong/prj/finn_dev/finn/script/LSTM_HLS/hlsprj/clstm/clstm/clstm/.autopilot/db/top.pp.0.cpp:47661:2: note: FIX-IT applied suggested code changes
/home/changhong/prj/finn_dev/finn/script/LSTM_HLS/hlsprj/clstm/clstm/clstm/.autopilot/db/top.pp.0.cpp:47662:13: warning: Added loop label VITIS_LOOP_251_2:   [xilinx-label-all-loops]
            for (unsigned idx = 0; idx < ConvKernelDim * ConvKernelDim * IFMChannels; idx++) {
            ^~~
            VITIS_LOOP_251_2: 
/home/changhong/prj/finn_dev/finn/script/LSTM_HLS/hlsprj/clstm/clstm/clstm/.autopilot/db/top.pp.0.cpp:47662:13: note: FIX-IT applied suggested code changes
/home/changhong/prj/finn_dev/finn/script/LSTM_HLS/hlsprj/clstm/clstm/clstm/.autopilot/db/top.pp.0.cpp:47674:9: warning: Added loop label VITIS_LOOP_263_1:   [xilinx-label-all-loops]
        for (unsigned ofm = 0; ofm < OFMChannels; ofm++) {
        ^~~
        VITIS_LOOP_263_1: 
/home/changhong/prj/finn_dev/finn/script/LSTM_HLS/hlsprj/clstm/clstm/clstm/.autopilot/db/top.pp.0.cpp:47674:9: note: FIX-IT applied suggested code changes
/home/changhong/prj/finn_dev/finn/script/LSTM_HLS/hlsprj/clstm/clstm/clstm/.autopilot/db/top.pp.0.cpp:47675:13: warning: Added loop label VITIS_LOOP_264_2:   [xilinx-label-all-loops]
            for (unsigned ifm = 0; ifm < IFMChannels; ifm++) {
            ^~~
            VITIS_LOOP_264_2: 
/home/changhong/prj/finn_dev/finn/script/LSTM_HLS/hlsprj/clstm/clstm/clstm/.autopilot/db/top.pp.0.cpp:47675:13: note: FIX-IT applied suggested code changes
/home/changhong/prj/finn_dev/finn/script/LSTM_HLS/hlsprj/clstm/clstm/clstm/.autopilot/db/top.pp.0.cpp:47676:17: warning: Added loop label VITIS_LOOP_265_3:   [xilinx-label-all-loops]
                for (unsigned kh = 0; kh < ConvKernelDim; kh++) {
                ^~~
                VITIS_LOOP_265_3: 
/home/changhong/prj/finn_dev/finn/script/LSTM_HLS/hlsprj/clstm/clstm/clstm/.autopilot/db/top.pp.0.cpp:47676:17: note: FIX-IT applied suggested code changes
/home/changhong/prj/finn_dev/finn/script/LSTM_HLS/hlsprj/clstm/clstm/clstm/.autopilot/db/top.pp.0.cpp:47677:21: warning: Added loop label VITIS_LOOP_266_4:   [xilinx-label-all-loops]
                    for (unsigned kw = 0; kw < KW; kw++) {
                    ^~~
                    VITIS_LOOP_266_4: 
/home/changhong/prj/finn_dev/finn/script/LSTM_HLS/hlsprj/clstm/clstm/clstm/.autopilot/db/top.pp.0.cpp:47677:21: note: FIX-IT applied suggested code changes
/home/changhong/prj/finn_dev/finn/script/LSTM_HLS/hlsprj/clstm/clstm/clstm/.autopilot/db/top.pp.0.cpp:47684:21: warning: Added loop label VITIS_LOOP_273_5:   [xilinx-label-all-loops]
                    for (unsigned kw = KW; kw < ConvKernelDim; kw++) {
                    ^~~
                    VITIS_LOOP_273_5: 
/home/changhong/prj/finn_dev/finn/script/LSTM_HLS/hlsprj/clstm/clstm/clstm/.autopilot/db/top.pp.0.cpp:47684:21: note: FIX-IT applied suggested code changes
/home/changhong/prj/finn_dev/finn/script/LSTM_HLS/hlsprj/clstm/clstm/clstm/.autopilot/db/top.pp.0.cpp:47707:2: warning: Added loop label VITIS_LOOP_296_1:   [xilinx-label-all-loops]
 for (unsigned ofm = 0; ofm < OFMChannels; ofm++) {
 ^~~
 VITIS_LOOP_296_1: 
/home/changhong/prj/finn_dev/finn/script/LSTM_HLS/hlsprj/clstm/clstm/clstm/.autopilot/db/top.pp.0.cpp:47707:2: note: FIX-IT applied suggested code changes
