Wed Oct  8 18:53:48 2025: Running xcd server. This server was built by gradle.
Wed Oct  8 18:53:48 2025: Server was asked to start on port: '45039'
Wed Oct  8 18:53:48 2025: Server is using token UUID: '7c59d2e0-6532-4854-b628-e7e6f4073039'
Wed Oct  8 18:53:48 2025: SESSION_MGR: creating session with session uuid: '6d04a3e9-ade5-4ab9-8d63-1f78fcd2ec76' and name 'default'
Wed Oct  8 18:53:48 2025: Attempting to start server on port '45039'
Wed Oct  8 18:53:48 2025: XCD main fifo: created main fifo '/tmp/xcdmain7c59d2e0-6532-4854-b628-e7e6f4073039', fd read = 13
Wed Oct  8 18:53:48 2025: Running Dispatch Server
Wed Oct  8 18:53:48 2025: Version 2.2.0
Wed Oct  8 18:53:57 2025: Dispatch Server: Accepted socket connection from client
Wed Oct  8 18:53:57 2025: Starting Socket connection
Wed Oct  8 18:53:57 2025: EXCHANGE_TOKEN received, server token: 7c59d2e0-6532-4854-b628-e7e6f4073039, passed token: 7c59d2e0-6532-4854-b628-e7e6f4073039
Wed Oct  8 18:53:57 2025: SESSION_MGR: creating session with session uuid: 'b8cd4743-222a-4990-9838-dd69e4424347' and name 'vitis_hls'
Wed Oct  8 18:53:57 2025: KERNEL_SVC: creating session with uuid: 'b8cd4743-222a-4990-9838-dd69e4424347' and name 'vitis_hls'
Wed Oct  8 18:53:57 2025: GUIDANCE_SMGR: creating guidance session with uuid: 'b8cd4743-222a-4990-9838-dd69e4424347' and name 'vitis_hls'
Wed Oct  8 18:54:02 2025: STOP_SERVER received, server token: 7c59d2e0-6532-4854-b628-e7e6f4073039, passed token: 7c59d2e0-6532-4854-b628-e7e6f4073039
Wed Oct  8 18:54:02 2025: Socket received request to stop server.
Wed Oct  8 18:54:02 2025: Dispatch Server: do_await_stop
Wed Oct  8 18:54:02 2025: Dispatch Server: stopping mainFifo_
Wed Oct  8 18:54:02 2025: XCD main fifo: Stopping
Wed Oct  8 18:54:02 2025: XCD main fifo: do_read error code: Operation canceled
Wed Oct  8 18:54:02 2025: XCD main fifo: bytes_transferred: 0
Wed Oct  8 18:54:02 2025: SERVER: destructor for server bound to port 45039
Wed Oct  8 18:54:02 2025: XCD main fifo: Good unlink of /tmp/xcdmain7c59d2e0-6532-4854-b628-e7e6f4073039
Wed Oct  8 18:54:02 2025: Server exiting with status 0.
Wed Oct  8 18:54:02 2025: Closing log file.
Wed Oct  8 18:54:32 2025: Running xcd server. This server was built by gradle.
Wed Oct  8 18:54:32 2025: Server was asked to start on port: '40901'
Wed Oct  8 18:54:32 2025: Server is using token UUID: '6d870638-1af8-4d30-af47-be8164be0bcd'
Wed Oct  8 18:54:32 2025: SESSION_MGR: creating session with session uuid: '6d04a3e9-ade5-4ab9-8d63-1f78fcd2ec76' and name 'default'
Wed Oct  8 18:54:32 2025: Attempting to start server on port '40901'
Wed Oct  8 18:54:32 2025: XCD main fifo: created main fifo '/tmp/xcdmain6d870638-1af8-4d30-af47-be8164be0bcd', fd read = 13
Wed Oct  8 18:54:32 2025: Running Dispatch Server
Wed Oct  8 18:54:32 2025: Version 2.2.0
Wed Oct  8 18:54:42 2025: Dispatch Server: Accepted socket connection from client
Wed Oct  8 18:54:42 2025: Starting Socket connection
Wed Oct  8 18:54:42 2025: EXCHANGE_TOKEN received, server token: 6d870638-1af8-4d30-af47-be8164be0bcd, passed token: 6d870638-1af8-4d30-af47-be8164be0bcd
Wed Oct  8 18:54:42 2025: SESSION_MGR: creating session with session uuid: '6f41d286-542d-4d6a-8ad9-cb3025742edf' and name 'vitis_hls'
Wed Oct  8 18:54:42 2025: KERNEL_SVC: creating session with uuid: '6f41d286-542d-4d6a-8ad9-cb3025742edf' and name 'vitis_hls'
Wed Oct  8 18:54:42 2025: GUIDANCE_SMGR: creating guidance session with uuid: '6f41d286-542d-4d6a-8ad9-cb3025742edf' and name 'vitis_hls'
Wed Oct  8 18:54:42 2025: STOP_SERVER received, server token: 6d870638-1af8-4d30-af47-be8164be0bcd, passed token: 6d870638-1af8-4d30-af47-be8164be0bcd
Wed Oct  8 18:54:42 2025: Socket received request to stop server.
Wed Oct  8 18:54:42 2025: Dispatch Server: do_await_stop
Wed Oct  8 18:54:42 2025: Dispatch Server: stopping mainFifo_
Wed Oct  8 18:54:42 2025: XCD main fifo: Stopping
Wed Oct  8 18:54:42 2025: XCD main fifo: do_read error code: Operation canceled
Wed Oct  8 18:54:42 2025: XCD main fifo: bytes_transferred: 0
Wed Oct  8 18:54:42 2025: SERVER: destructor for server bound to port 40901
Wed Oct  8 18:54:42 2025: XCD main fifo: Good unlink of /tmp/xcdmain6d870638-1af8-4d30-af47-be8164be0bcd
Wed Oct  8 18:54:42 2025: Server exiting with status 0.
Wed Oct  8 18:54:42 2025: Closing log file.
