INFO-FLOW: Workspace /tmp/finn_dev_root/code_gen_ipgen_MVAU_hls_1_s2v7bp4p/project_MVAU_hls_1/sol1 opened at Wed Oct 22 12:30:01 +0000 2025
Execute     send_msg_by_id INFO @200-1505@%s%s default  vivado 
INFO: [HLS 200-1505] Using default flow_target 'vivado'
Execute     send_msg_by_id INFO @200-435@%s%s 'open_solution -flow_target vivado' config_interface -m_axi_latency=0 
INFO: [HLS 200-435] Setting 'open_solution -flow_target vivado' configuration: config_interface -m_axi_latency=0
Execute     config_interface -m_axi_latency=0 
Execute   set_part xczu7ev-ffvc1156-2-e 
INFO: [HLS 200-1510] Running: set_part xczu7ev-ffvc1156-2-e 
Execute     create_platform xczu7ev-ffvc1156-2-e -board  
DBG:HLSDevice: Trying to load device library: /tools/Xilinx/Vitis_HLS/2022.2/lib/lnx64.o/libxv_hlsvwrap.so
DBG:HLSDevice: first parts/arch.xml in RDI_DATADIR: /tools/Xilinx/Vivado/2022.2/data/parts/arch.xml
DBG:HLSDevice: init success
INFO: [HLS 200-1611] Setting target device to 'xczu7ev-ffvc1156-2-e'
Command     create_platform done; 1.22 sec.
Execute     source /tools/Xilinx/Vitis_HLS/2022.2/common/technology/xilinx/common/xilinx.gen 
Execute       source /tools/Xilinx/Vitis_HLS/2022.2/common/technology/xilinx/interface/plb46.gen 
Execute       source /tools/Xilinx/Vitis_HLS/2022.2/common/technology/xilinx/interface/axi4.gen 
Execute       source /tools/Xilinx/Vitis_HLS/2022.2/common/technology/xilinx/interface/nativeAXI4.gen 
Execute         source /tools/Xilinx/Vitis_HLS/2022.2/common/technology/xilinx/interface/saxilite.gen 
Execute       source /tools/Xilinx/Vitis_HLS/2022.2/common/technology/xilinx/scripts/xilinxcoregen.gen 
Execute       source /tools/Xilinx/Vitis_HLS/2022.2/common/technology/xilinx/interface/XilEDKCoreGen.gen 
Execute       source /tools/Xilinx/Vitis_HLS/2022.2/common/technology/xilinx/ip/xfft.gen 
Execute       source /tools/Xilinx/Vitis_HLS/2022.2/common/technology/xilinx/ip/xfir.gen 
Execute       source /tools/Xilinx/Vitis_HLS/2022.2/common/technology/xilinx/ip/util.gen 
Execute       source /tools/Xilinx/Vitis_HLS/2022.2/common/technology/xilinx/ip/dds_compiler.gen 
Execute       source /tools/Xilinx/Vitis_HLS/2022.2/common/technology/xilinx/DSP48/dsp48.gen 
Execute     ap_part_info -name xczu7ev-ffvc1156-2-e -data info 
Execute     config_compile -quiet -complex-mul-dsp=0 
Command   set_part done; 1.28 sec.
Execute   config_compile -disable_unroll_code_size_check -pipeline_style flp 
INFO: [HLS 200-1510] Running: config_compile -disable_unroll_code_size_check -pipeline_style flp 
WARNING: [XFORM 203-506] Disable code size check when do loop unroll.
WARNING: [HLS 200-643] The 'config_compile -disable_unroll_code_size_check' hidden command is deprecated and will be removed in a future release.
Execute   config_interface -m_axi_addr64 
INFO: [HLS 200-1510] Running: config_interface -m_axi_addr64 
Execute   config_rtl -module_auto_prefix 
INFO: [HLS 200-1510] Running: config_rtl -module_auto_prefix 
Execute   config_rtl -deadlock_detection none 
INFO: [HLS 200-1510] Running: config_rtl -deadlock_detection none 
Execute   create_clock -period 10.0 -name default 
INFO: [HLS 200-1510] Running: create_clock -period 10.0 -name default 
Execute     ap_set_clock -name default -period 10 -default=false 
INFO: [SYN 201-201] Setting up clock 'default' with a period of 10ns.
Execute   csynth_design 
INFO: [HLS 200-1510] Running: csynth_design 
Execute     elaborate -effort=medium -skip_syncheck=0 -keep_printf=0 -skip_cdt=0 -skip_transform=0 -ng=0 -g=0 -opt_fp=0 -from_csynth_design=1 
INFO: [HLS 200-111] Finished File checks and directory preparation: CPU user time: 0 seconds. CPU system time: 0.01 seconds. Elapsed time: 10.03 seconds; current allocated memory: 1.069 GB.
INFO: [HLS 200-10] Analyzing design file '/tmp/finn_dev_root/code_gen_ipgen_MVAU_hls_1_s2v7bp4p/top_MVAU_hls_1.cpp' ... 
INFO-FLOW: Compiling one TU...
INFO-FLOW: Handling /tmp/finn_dev_root/code_gen_ipgen_MVAU_hls_1_s2v7bp4p/top_MVAU_hls_1.cpp as C++
Execute       ap_part_info -name xczu7ev-ffvc1156-2-e -data info 
INFO-FLOW: Running: GCC PP 39
INFO-FLOW: Source preprocessing
Execute       ap_eval exec -ignorestderr /tools/Xilinx/Vitis_HLS/2022.2/lnx64/tools/clang-3.9-csynth/bin/clang /tmp/finn_dev_root/code_gen_ipgen_MVAU_hls_1_s2v7bp4p/top_MVAU_hls_1.cpp -foptimization-record-file=/tmp/finn_dev_root/code_gen_ipgen_MVAU_hls_1_s2v7bp4p/project_MVAU_hls_1/sol1/.autopilot/db/top_MVAU_hls_1.cpp.clang.diag.yml -mllvm -pass-remarks-missed=reflow|pasta|unroll -mllvm -pass-remarks=reflow|pasta|unroll|inline -fno-limit-debug-info -gcc-toolchain /tools/Xilinx/Vitis_HLS/2022.2/tps/lnx64/gcc-8.3.0 -fhls -fno-exceptions -E -std=c++14 -I/home/changhong/prj/finn/deps/finn-hlslib -I/home/changhong/prj/finn/custom_hls -fno-math-errno -c -emit-llvm -mllvm -disable-llvm-optzns -Werror=implicit-function-declaration -Werror=implicit-hls-streams -Werror=return-type -Wpragmas -Wunused-parameter -Wdump-hls-pragmas -Wno-error=dump-hls-pragmas -fno-threadsafe-statics -fno-use-cxa-atexit -target fpga64-xilinx-linux-gnu -fno-threadsafe-statics -fno-use-cxa-atexit -D__VITIS_HLS__ -DAESL_SYN -D__SYNTHESIS__ -D__HLS_SYN__ -I /tools/Xilinx/Vitis_HLS/2022.2/common/technology/autopilot -I /tools/Xilinx/Vitis_HLS/2022.2/common/technology/autopilot/ap_sysc -include etc/autopilot_ssdm_op.h -D__DSP48E2__ -I /usr/include/x86_64-linux-gnu -o /tmp/finn_dev_root/code_gen_ipgen_MVAU_hls_1_s2v7bp4p/project_MVAU_hls_1/sol1/.autopilot/db/top_MVAU_hls_1.pp.0.cpp -hls-platform-db-name=/tools/Xilinx/Vitis_HLS/2022.2/common/technology/xilinx/common/platform.db -hls-platform-name=zynquplus_medium -device-resource-info=BRAM_624.000000_DSP_1728.000000_FF_460800.000000_LUT_230400.000000_SLICE_28800.000000_URAM_96.000000 -device-name-info=xczu7ev-ffvc1156-2-e > /tmp/finn_dev_root/code_gen_ipgen_MVAU_hls_1_s2v7bp4p/project_MVAU_hls_1/sol1/.autopilot/db/top_MVAU_hls_1.cpp.clang.out.log 2> /tmp/finn_dev_root/code_gen_ipgen_MVAU_hls_1_s2v7bp4p/project_MVAU_hls_1/sol1/.autopilot/db/top_MVAU_hls_1.cpp.clang.err.log 
Command       ap_eval done; 0.11 sec.
INFO-FLOW: Done: GCC PP 39 time: 0.1 seconds per iteration
Execute       set_directive_top MVAU_hls_1 -name=MVAU_hls_1 
Execute       source /tools/Xilinx/Vitis_HLS/2022.2/tps/tcl/tcllib1.11.1/yaml/huddle.tcl 
Execute       source /tools/Xilinx/Vitis_HLS/2022.2/tps/tcl/tcllib1.11.1/yaml/json2huddle.tcl 
INFO-FLOW: Source syntax check for synthesis
Execute       ap_eval exec -ignorestderr /tools/Xilinx/Vitis_HLS/2022.2/lnx64/tools/clang-3.9-csynth/bin/clang -foptimization-record-file=/tmp/finn_dev_root/code_gen_ipgen_MVAU_hls_1_s2v7bp4p/project_MVAU_hls_1/sol1/.autopilot/db/clang.diag.yml -mllvm -pass-remarks-missed=reflow|pasta|unroll -mllvm -pass-remarks=reflow|pasta|unroll|inline -fsyntax-only -fhls -target fpga64-xilinx-linux-gnu /tmp/finn_dev_root/code_gen_ipgen_MVAU_hls_1_s2v7bp4p/project_MVAU_hls_1/sol1/.autopilot/db/top_MVAU_hls_1.pp.0.cpp -hls-platform-db-name=/tools/Xilinx/Vitis_HLS/2022.2/common/technology/xilinx/common/platform.db -hls-platform-name=zynquplus_medium -device-resource-info=BRAM_624.000000_DSP_1728.000000_FF_460800.000000_LUT_230400.000000_SLICE_28800.000000_URAM_96.000000 -device-name-info=xczu7ev-ffvc1156-2-e > /tmp/finn_dev_root/code_gen_ipgen_MVAU_hls_1_s2v7bp4p/project_MVAU_hls_1/sol1/.autopilot/db/clang.out.log 2> /tmp/finn_dev_root/code_gen_ipgen_MVAU_hls_1_s2v7bp4p/project_MVAU_hls_1/sol1/.autopilot/db/clang.err.log 
Command       ap_eval done; 0.35 sec.
Execute       clang_tidy xilinx-systemc-detector -desc systemc-detector /tmp/finn_dev_root/code_gen_ipgen_MVAU_hls_1_s2v7bp4p/project_MVAU_hls_1/sol1/.autopilot/db/top_MVAU_hls_1.pp.0.cpp std=c++14 -target fpga  -directive=/tmp/finn_dev_root/code_gen_ipgen_MVAU_hls_1_s2v7bp4p/project_MVAU_hls_1/sol1/.autopilot/db/.systemc_flag 
INFO-FLOW: exec /tools/Xilinx/Vitis_HLS/2022.2/lnx64/tools/clang-3.9-csynth/bin/clang-tidy -header-filter=.* --checks=-*,xilinx-systemc-detector -import-directive=/tmp/finn_dev_root/code_gen_ipgen_MVAU_hls_1_s2v7bp4p/project_MVAU_hls_1/sol1/.autopilot/db/.systemc_flag -fix-errors /tmp/finn_dev_root/code_gen_ipgen_MVAU_hls_1_s2v7bp4p/project_MVAU_hls_1/sol1/.autopilot/db/top_MVAU_hls_1.pp.0.cpp -- -std=c++14 -target fpga -fhls -ferror-limit=0
Command       clang_tidy done; 0.33 sec.
INFO-FLOW: Running: clang-tidy CDT preprocess 39
Execute       clang_tidy xilinx-directive2pragma -desc directive2pragma /tmp/finn_dev_root/code_gen_ipgen_MVAU_hls_1_s2v7bp4p/project_MVAU_hls_1/sol1/.autopilot/db/top_MVAU_hls_1.pp.0.cpp std=c++14 -target fpga  -directive=/tmp/finn_dev_root/code_gen_ipgen_MVAU_hls_1_s2v7bp4p/project_MVAU_hls_1/sol1/.autopilot/db/all.directive.json 
INFO-FLOW: exec /tools/Xilinx/Vitis_HLS/2022.2/lnx64/tools/clang-3.9-csynth/bin/clang-tidy -header-filter=.* --checks=-*,xilinx-directive2pragma -import-directive=/tmp/finn_dev_root/code_gen_ipgen_MVAU_hls_1_s2v7bp4p/project_MVAU_hls_1/sol1/.autopilot/db/all.directive.json -fix-errors /tmp/finn_dev_root/code_gen_ipgen_MVAU_hls_1_s2v7bp4p/project_MVAU_hls_1/sol1/.autopilot/db/top_MVAU_hls_1.pp.0.cpp -- -std=c++14 -target fpga -fhls -ferror-limit=0
Command       clang_tidy done; 0.59 sec.
Execute       clang_tidy xilinx-remove-assert -desc remove-assert /tmp/finn_dev_root/code_gen_ipgen_MVAU_hls_1_s2v7bp4p/project_MVAU_hls_1/sol1/.autopilot/db/top_MVAU_hls_1.pp.0.cpp std=c++14 -target fpga  
INFO-FLOW: exec /tools/Xilinx/Vitis_HLS/2022.2/lnx64/tools/clang-3.9-csynth/bin/clang-tidy -header-filter=.* --checks=-*,xilinx-remove-assert -fix-errors /tmp/finn_dev_root/code_gen_ipgen_MVAU_hls_1_s2v7bp4p/project_MVAU_hls_1/sol1/.autopilot/db/top_MVAU_hls_1.pp.0.cpp -- -std=c++14 -target fpga -fhls -ferror-limit=0
Command       clang_tidy done; 0.32 sec.
INFO-FLOW: Done: clang-tidy CDT preprocess 39 time: 0.9 seconds per iteration
INFO-FLOW: Calling xilinx-label-all-loops ... 
INFO-FLOW: Calling xilinx-aggregate-on-hls-vector ... 
Execute       clang_tidy -errorcheck -desc loop-label xilinx-label-all-loops,xilinx-aggregate-on-hls-vector,,xilinx-warn-mayneed-no-ctor-attribute /tmp/finn_dev_root/code_gen_ipgen_MVAU_hls_1_s2v7bp4p/project_MVAU_hls_1/sol1/.autopilot/db/top_MVAU_hls_1.pp.0.cpp std=c++14 -target fpga  
Execute         ap_eval exec -ignorestderr /tools/Xilinx/Vitis_HLS/2022.2/lnx64/tools/clang-3.9-csynth/bin/clang-tidy -export-fixes=/tmp/finn_dev_root/code_gen_ipgen_MVAU_hls_1_s2v7bp4p/project_MVAU_hls_1/sol1/.autopilot/db/top_MVAU_hls_1.pp.0.cpp.clang-tidy.loop-label.diag.yml -header-filter=.* --checks=-*,xilinx-label-all-loops,xilinx-aggregate-on-hls-vector,,xilinx-warn-mayneed-no-ctor-attribute -fix-errors /tmp/finn_dev_root/code_gen_ipgen_MVAU_hls_1_s2v7bp4p/project_MVAU_hls_1/sol1/.autopilot/db/top_MVAU_hls_1.pp.0.cpp -- -std=c++14 -target fpga -fhls -ferror-limit=0 > /tmp/finn_dev_root/code_gen_ipgen_MVAU_hls_1_s2v7bp4p/project_MVAU_hls_1/sol1/.autopilot/db/top_MVAU_hls_1.pp.0.cpp.clang-tidy.loop-label.out.log 2> /tmp/finn_dev_root/code_gen_ipgen_MVAU_hls_1_s2v7bp4p/project_MVAU_hls_1/sol1/.autopilot/db/top_MVAU_hls_1.pp.0.cpp.clang-tidy.loop-label.err.log 
Command         ap_eval done; 1.14 sec.
Execute         source /tools/Xilinx/Vitis_HLS/2022.2/tps/tcl/tcllib1.11.1/yaml/yaml.tcl 
Command       clang_tidy done; 1.39 sec.
Execute       ap_eval exec -ignorestderr /tools/Xilinx/Vitis_HLS/2022.2/lnx64/tools/clang-3.9-csynth/bin/xilinx-dataflow-lawyer -export-fixes=/tmp/finn_dev_root/code_gen_ipgen_MVAU_hls_1_s2v7bp4p/project_MVAU_hls_1/sol1/.autopilot/db/top_MVAU_hls_1.pp.0.cpp.xilinx-dataflow-lawyer.diag.yml /tmp/finn_dev_root/code_gen_ipgen_MVAU_hls_1_s2v7bp4p/project_MVAU_hls_1/sol1/.autopilot/db/top_MVAU_hls_1.pp.0.cpp -- -std=c++14 -target fpga -fhls -ferror-limit=0 -fstrict-dataflow > /tmp/finn_dev_root/code_gen_ipgen_MVAU_hls_1_s2v7bp4p/project_MVAU_hls_1/sol1/.autopilot/db/top_MVAU_hls_1.pp.0.cpp.xilinx-dataflow-lawyer.out.log 2> /tmp/finn_dev_root/code_gen_ipgen_MVAU_hls_1_s2v7bp4p/project_MVAU_hls_1/sol1/.autopilot/db/top_MVAU_hls_1.pp.0.cpp.xilinx-dataflow-lawyer.err.log 
Command       ap_eval done; 0.29 sec.
Execute       ap_part_info -name xczu7ev-ffvc1156-2-e -data info 
INFO-FLOW: compiling source code to llvm bc
Execute       ap_eval exec -ignorestderr /tools/Xilinx/Vitis_HLS/2022.2/lnx64/tools/clang-3.9-csynth/bin/clang -foptimization-record-file=/tmp/finn_dev_root/code_gen_ipgen_MVAU_hls_1_s2v7bp4p/project_MVAU_hls_1/sol1/.autopilot/db/top_MVAU_hls_1.pp.0.cpp.clang.diag.yml -mllvm -pass-remarks-missed=reflow|pasta|unroll -mllvm -pass-remarks=reflow|pasta|unroll|inline -fno-limit-debug-info -fhls -flto -fno-exceptions -Wno-error=c++11-narrowing /tmp/finn_dev_root/code_gen_ipgen_MVAU_hls_1_s2v7bp4p/project_MVAU_hls_1/sol1/.autopilot/db/top_MVAU_hls_1.pp.0.cpp -std=c++14 -I/home/changhong/prj/finn/deps/finn-hlslib -I/home/changhong/prj/finn/custom_hls -fno-math-errno -c -emit-llvm -mllvm -disable-llvm-optzns -Werror=implicit-function-declaration -Werror=implicit-hls-streams -Werror=return-type -Wpragmas -Wunused-parameter -Wdump-hls-pragmas -Wno-error=dump-hls-pragmas -fno-threadsafe-statics -fno-use-cxa-atexit -target fpga64-xilinx-linux-gnu -D__VITIS_HLS__ -DAESL_SYN -D__SYNTHESIS__ -D__HLS_SYN__ -I /tools/Xilinx/Vitis_HLS/2022.2/common/technology/autopilot -I /tools/Xilinx/Vitis_HLS/2022.2/common/technology/autopilot/ap_sysc -include etc/autopilot_ssdm_op.h -D__DSP48E2__ -g -o /tmp/finn_dev_root/code_gen_ipgen_MVAU_hls_1_s2v7bp4p/project_MVAU_hls_1/sol1/.autopilot/db/top_MVAU_hls_1.bc -hls-platform-db-name=/tools/Xilinx/Vitis_HLS/2022.2/common/technology/xilinx/common/platform.db -hls-platform-name=zynquplus_medium -device-resource-info=BRAM_624.000000_DSP_1728.000000_FF_460800.000000_LUT_230400.000000_SLICE_28800.000000_URAM_96.000000 -device-name-info=xczu7ev-ffvc1156-2-e > /tmp/finn_dev_root/code_gen_ipgen_MVAU_hls_1_s2v7bp4p/project_MVAU_hls_1/sol1/.autopilot/db/top_MVAU_hls_1.pp.0.cpp.clang.out.log 2> /tmp/finn_dev_root/code_gen_ipgen_MVAU_hls_1_s2v7bp4p/project_MVAU_hls_1/sol1/.autopilot/db/top_MVAU_hls_1.pp.0.cpp.clang.err.log 
Command       ap_eval done; 0.38 sec.
INFO: [HLS 200-111] Finished Source Code Analysis and Preprocessing: CPU user time: 3.3 seconds. CPU system time: 0.57 seconds. Elapsed time: 3.92 seconds; current allocated memory: 1.076 GB.
INFO-FLOW: Linking Debug ...
INFO-FLOW: Linking dut bc code.
Execute       run_link_or_opt -out /tmp/finn_dev_root/code_gen_ipgen_MVAU_hls_1_s2v7bp4p/project_MVAU_hls_1/sol1/.autopilot/db/a.g.ld.0.bc -args  "/tmp/finn_dev_root/code_gen_ipgen_MVAU_hls_1_s2v7bp4p/project_MVAU_hls_1/sol1/.autopilot/db/top_MVAU_hls_1.g.bc"  
Execute         ap_eval exec -ignorestderr /tools/Xilinx/Vitis_HLS/2022.2/lnx64/tools/clang-3.9-csynth/bin/llvm-link /tmp/finn_dev_root/code_gen_ipgen_MVAU_hls_1_s2v7bp4p/project_MVAU_hls_1/sol1/.autopilot/db/top_MVAU_hls_1.g.bc -o /tmp/finn_dev_root/code_gen_ipgen_MVAU_hls_1_s2v7bp4p/project_MVAU_hls_1/sol1/.autopilot/db/a.g.ld.0.bc > /tmp/finn_dev_root/code_gen_ipgen_MVAU_hls_1_s2v7bp4p/project_MVAU_hls_1/sol1/.autopilot/db/a.g.ld.0.bc.llvm-link.out.log 2> /tmp/finn_dev_root/code_gen_ipgen_MVAU_hls_1_s2v7bp4p/project_MVAU_hls_1/sol1/.autopilot/db/a.g.ld.0.bc.llvm-link.err.log 
INFO-FLOW: 
Execute       run_link_or_opt -opt -out /tmp/finn_dev_root/code_gen_ipgen_MVAU_hls_1_s2v7bp4p/project_MVAU_hls_1/sol1/.autopilot/db/a.g.ld.1.lower.bc -args /tmp/finn_dev_root/code_gen_ipgen_MVAU_hls_1_s2v7bp4p/project_MVAU_hls_1/sol1/.autopilot/db/a.g.ld.0.bc -reflow-lower-math-intrinsics 
Execute         ap_eval exec -ignorestderr /tools/Xilinx/Vitis_HLS/2022.2/lnx64/tools/clang-3.9-csynth/bin/opt -pass-remarks-missed=reflow|pasta|unroll -pass-remarks=reflow|pasta|unroll|inline -pass-remarks-output=/tmp/finn_dev_root/code_gen_ipgen_MVAU_hls_1_s2v7bp4p/project_MVAU_hls_1/sol1/.autopilot/db/a.g.ld.1.lower.bc.opt.diag.yml /tmp/finn_dev_root/code_gen_ipgen_MVAU_hls_1_s2v7bp4p/project_MVAU_hls_1/sol1/.autopilot/db/a.g.ld.0.bc -reflow-lower-math-intrinsics -o /tmp/finn_dev_root/code_gen_ipgen_MVAU_hls_1_s2v7bp4p/project_MVAU_hls_1/sol1/.autopilot/db/a.g.ld.1.lower.bc > /tmp/finn_dev_root/code_gen_ipgen_MVAU_hls_1_s2v7bp4p/project_MVAU_hls_1/sol1/.autopilot/db/a.g.ld.1.lower.bc.opt.out.log 2> /tmp/finn_dev_root/code_gen_ipgen_MVAU_hls_1_s2v7bp4p/project_MVAU_hls_1/sol1/.autopilot/db/a.g.ld.1.lower.bc.opt.err.log 
INFO-FLOW: 
INFO-FLOW: Linking math bc lib
Execute       run_link_or_opt -out /tmp/finn_dev_root/code_gen_ipgen_MVAU_hls_1_s2v7bp4p/project_MVAU_hls_1/sol1/.autopilot/db/a.g.ld.2.m1.bc -args /tmp/finn_dev_root/code_gen_ipgen_MVAU_hls_1_s2v7bp4p/project_MVAU_hls_1/sol1/.autopilot/db/a.g.ld.1.lower.bc -only-needed /tools/Xilinx/Vitis_HLS/2022.2/lnx64/lib/libhlsm_39.bc /tools/Xilinx/Vitis_HLS/2022.2/lnx64/lib/libhlsmc++_39.bc 
Execute         ap_eval exec -ignorestderr /tools/Xilinx/Vitis_HLS/2022.2/lnx64/tools/clang-3.9-csynth/bin/llvm-link /tmp/finn_dev_root/code_gen_ipgen_MVAU_hls_1_s2v7bp4p/project_MVAU_hls_1/sol1/.autopilot/db/a.g.ld.1.lower.bc -only-needed /tools/Xilinx/Vitis_HLS/2022.2/lnx64/lib/libhlsm_39.bc /tools/Xilinx/Vitis_HLS/2022.2/lnx64/lib/libhlsmc++_39.bc -o /tmp/finn_dev_root/code_gen_ipgen_MVAU_hls_1_s2v7bp4p/project_MVAU_hls_1/sol1/.autopilot/db/a.g.ld.2.m1.bc > /tmp/finn_dev_root/code_gen_ipgen_MVAU_hls_1_s2v7bp4p/project_MVAU_hls_1/sol1/.autopilot/db/a.g.ld.2.m1.bc.llvm-link.out.log 2> /tmp/finn_dev_root/code_gen_ipgen_MVAU_hls_1_s2v7bp4p/project_MVAU_hls_1/sol1/.autopilot/db/a.g.ld.2.m1.bc.llvm-link.err.log 
Command         ap_eval done; 1.51 sec.
INFO-FLOW: 
Command       run_link_or_opt done; 1.51 sec.
Execute       run_link_or_opt -opt -out /tmp/finn_dev_root/code_gen_ipgen_MVAU_hls_1_s2v7bp4p/project_MVAU_hls_1/sol1/.autopilot/db/a.g.ld.3.fpc.bc -args /tmp/finn_dev_root/code_gen_ipgen_MVAU_hls_1_s2v7bp4p/project_MVAU_hls_1/sol1/.autopilot/db/a.g.ld.2.m1.bc -reflow-globaldce -hls-top-function-name=MVAU_hls_1 -reflow-float-conversion 
Execute         ap_eval exec -ignorestderr /tools/Xilinx/Vitis_HLS/2022.2/lnx64/tools/clang-3.9-csynth/bin/opt -pass-remarks-missed=reflow|pasta|unroll -pass-remarks=reflow|pasta|unroll|inline -pass-remarks-output=/tmp/finn_dev_root/code_gen_ipgen_MVAU_hls_1_s2v7bp4p/project_MVAU_hls_1/sol1/.autopilot/db/a.g.ld.3.fpc.bc.opt.diag.yml /tmp/finn_dev_root/code_gen_ipgen_MVAU_hls_1_s2v7bp4p/project_MVAU_hls_1/sol1/.autopilot/db/a.g.ld.2.m1.bc -reflow-globaldce -hls-top-function-name=MVAU_hls_1 -reflow-float-conversion -o /tmp/finn_dev_root/code_gen_ipgen_MVAU_hls_1_s2v7bp4p/project_MVAU_hls_1/sol1/.autopilot/db/a.g.ld.3.fpc.bc > /tmp/finn_dev_root/code_gen_ipgen_MVAU_hls_1_s2v7bp4p/project_MVAU_hls_1/sol1/.autopilot/db/a.g.ld.3.fpc.bc.opt.out.log 2> /tmp/finn_dev_root/code_gen_ipgen_MVAU_hls_1_s2v7bp4p/project_MVAU_hls_1/sol1/.autopilot/db/a.g.ld.3.fpc.bc.opt.err.log 
Command         ap_eval done; 0.54 sec.
INFO-FLOW: 
Command       run_link_or_opt done; 0.54 sec.
Execute       run_link_or_opt -out /tmp/finn_dev_root/code_gen_ipgen_MVAU_hls_1_s2v7bp4p/project_MVAU_hls_1/sol1/.autopilot/db/a.g.ld.4.m2.bc -args /tmp/finn_dev_root/code_gen_ipgen_MVAU_hls_1_s2v7bp4p/project_MVAU_hls_1/sol1/.autopilot/db/a.g.ld.3.fpc.bc -only-needed /tools/Xilinx/Vitis_HLS/2022.2/lnx64/lib/libfloatconversion_39.bc 
Execute         ap_eval exec -ignorestderr /tools/Xilinx/Vitis_HLS/2022.2/lnx64/tools/clang-3.9-csynth/bin/llvm-link /tmp/finn_dev_root/code_gen_ipgen_MVAU_hls_1_s2v7bp4p/project_MVAU_hls_1/sol1/.autopilot/db/a.g.ld.3.fpc.bc -only-needed /tools/Xilinx/Vitis_HLS/2022.2/lnx64/lib/libfloatconversion_39.bc -o /tmp/finn_dev_root/code_gen_ipgen_MVAU_hls_1_s2v7bp4p/project_MVAU_hls_1/sol1/.autopilot/db/a.g.ld.4.m2.bc > /tmp/finn_dev_root/code_gen_ipgen_MVAU_hls_1_s2v7bp4p/project_MVAU_hls_1/sol1/.autopilot/db/a.g.ld.4.m2.bc.llvm-link.out.log 2> /tmp/finn_dev_root/code_gen_ipgen_MVAU_hls_1_s2v7bp4p/project_MVAU_hls_1/sol1/.autopilot/db/a.g.ld.4.m2.bc.llvm-link.err.log 
INFO-FLOW: 
Execute       run_link_or_opt -opt -out /tmp/finn_dev_root/code_gen_ipgen_MVAU_hls_1_s2v7bp4p/project_MVAU_hls_1/sol1/.autopilot/db/a.g.ld.5.gdce.bc -args /tmp/finn_dev_root/code_gen_ipgen_MVAU_hls_1_s2v7bp4p/project_MVAU_hls_1/sol1/.autopilot/db/a.g.ld.4.m2.bc -reflow-globaldce -hls-top-function-name=MVAU_hls_1 
Execute         ap_eval exec -ignorestderr /tools/Xilinx/Vitis_HLS/2022.2/lnx64/tools/clang-3.9-csynth/bin/opt -pass-remarks-missed=reflow|pasta|unroll -pass-remarks=reflow|pasta|unroll|inline -pass-remarks-output=/tmp/finn_dev_root/code_gen_ipgen_MVAU_hls_1_s2v7bp4p/project_MVAU_hls_1/sol1/.autopilot/db/a.g.ld.5.gdce.bc.opt.diag.yml /tmp/finn_dev_root/code_gen_ipgen_MVAU_hls_1_s2v7bp4p/project_MVAU_hls_1/sol1/.autopilot/db/a.g.ld.4.m2.bc -reflow-globaldce -hls-top-function-name=MVAU_hls_1 -o /tmp/finn_dev_root/code_gen_ipgen_MVAU_hls_1_s2v7bp4p/project_MVAU_hls_1/sol1/.autopilot/db/a.g.ld.5.gdce.bc > /tmp/finn_dev_root/code_gen_ipgen_MVAU_hls_1_s2v7bp4p/project_MVAU_hls_1/sol1/.autopilot/db/a.g.ld.5.gdce.bc.opt.out.log 2> /tmp/finn_dev_root/code_gen_ipgen_MVAU_hls_1_s2v7bp4p/project_MVAU_hls_1/sol1/.autopilot/db/a.g.ld.5.gdce.bc.opt.err.log 
INFO-FLOW: 
Execute       send_msg_by_id INFO @200-777@%s Vivado 
INFO: [HLS 200-777] Using interface defaults for 'Vivado' flow target.
Execute       is_m_axi_addr64 
INFO-FLOW: Doing LTO.
Execute       ap_eval exec -ignorestderr /tools/Xilinx/Vitis_HLS/2022.2/lnx64/tools/clang-3.9-csynth/bin/clang -foptimization-record-file=/tmp/finn_dev_root/code_gen_ipgen_MVAU_hls_1_s2v7bp4p/project_MVAU_hls_1/sol1/.autopilot/db/a.g.ld.0.bc.clang.diag.yml -mllvm -pass-remarks-missed=reflow|pasta|unroll -mllvm -pass-remarks=reflow|pasta|unroll|inline -fhls -mllvm -hls-top-function-name=MVAU_hls_1 -mllvm -hls-db-dir -mllvm /tmp/finn_dev_root/code_gen_ipgen_MVAU_hls_1_s2v7bp4p/project_MVAU_hls_1/sol1/.autopilot/db -emit-llvm -c -target fpga64-xilinx-none -mllvm -xcl-xmlinfo=/tmp/finn_dev_root/code_gen_ipgen_MVAU_hls_1_s2v7bp4p/project_MVAU_hls_1/sol1/.autopilot/db/kernel.internal.xml -mllvm -top-io-mapping-info=/tmp/finn_dev_root/code_gen_ipgen_MVAU_hls_1_s2v7bp4p/project_MVAU_hls_1/sol1/.autopilot/db/top-io-fe.xml -mllvm -hls-bitcode-version=3.1 -mllvm -reflow-enable-slave-interface-default-setting=true -mllvm -gen-kernel-xml=false -mllvm -default-maxi-offset=slave -mllvm -maxi-latency=0 -mllvm -hls-maxi-data-size-in-bits=8 -mllvm -hls-maxi-max-data-size-in-bits=1024 -mllvm -hls-max-widen-size-in-bits=0 -mllvm -xcl-kernel-max-mem-ports=0 -mllvm -maxi-read-trans=16 -mllvm -maxi-write-trans=16 -mllvm -maxi-read-burst-len=16 -mllvm -maxi-write-burst-len=16 -mllvm -reflow-enable-saxi-64bits=0 -mllvm -reflow-basic-block-instr-threshold=200000 -mllvm -reflow-auto-pipeline-threshold=64 -mllvm -reflow-enable-maxi-auto-id-channel=0 -mllvm -assume-maxi-align=1 -mllvm -reflow-pipeline-style-llvm-setting=1 -mllvm -reflow-enable-dataflow-strict-mode-checking=1 -mllvm -reflow-auto-array-partition-mode=default -mllvm -reflow-enable-auto-array-partition=true -mllvm -reflow-enable-auto-parallel-performance-driven=true -mllvm -reflow-enable-partition-for-automation=true -mllvm -reflow-aggregate-bitwidth-threshold=4096 -mllvm -reflow-assume-no-address-wrap=true -mllvm -hls -mllvm -disable-inlined-alloca-merging=true -mllvm -default-clock-period=10 -x ir /tmp/finn_dev_root/code_gen_ipgen_MVAU_hls_1_s2v7bp4p/project_MVAU_hls_1/sol1/.autopilot/db/a.g.ld.5.gdce.bc -o /tmp/finn_dev_root/code_gen_ipgen_MVAU_hls_1_s2v7bp4p/project_MVAU_hls_1/sol1/.autopilot/db/a.g.lto.bc -hls-platform-db-name=/tools/Xilinx/Vitis_HLS/2022.2/common/technology/xilinx/common/platform.db -hls-platform-name=zynquplus_medium -device-resource-info=BRAM_624.000000_DSP_1728.000000_FF_460800.000000_LUT_230400.000000_SLICE_28800.000000_URAM_96.000000 -device-name-info=xczu7ev-ffvc1156-2-e > /tmp/finn_dev_root/code_gen_ipgen_MVAU_hls_1_s2v7bp4p/project_MVAU_hls_1/sol1/.autopilot/db/a.g.ld.0.bc.clang.out.log 2> /tmp/finn_dev_root/code_gen_ipgen_MVAU_hls_1_s2v7bp4p/project_MVAU_hls_1/sol1/.autopilot/db/a.g.ld.0.bc.clang.err.log 
