INFO: [HLS 200-10] Running '/tools/Xilinx/Vitis_HLS/2022.2/bin/unwrapped/lnx64.o/vitis_hls'
INFO: [HLS 200-10] For user 'changhong' on host 'changhong-Dell-Pro-Max-Tower-T2-FCT2250' (Linux_x86_64 version 6.8.0-60-generic) on Wed Oct 22 15:47:20 IST 2025
INFO: [HLS 200-10] On os Ubuntu 22.04.5 LTS
INFO: [HLS 200-10] In directory '/home/changhong/prj/finn/script/LSTM_HLS/hlsprj/clstm2'
Sourcing Tcl script '/home/changhong/prj/finn/script/LSTM_HLS/hlsprj/clstm2/clstm2_prj/solution1/csim.tcl'
INFO: [HLS 200-1510] Running: source /home/changhong/prj/finn/script/LSTM_HLS/hlsprj/clstm2/clstm2_prj/solution1/csim.tcl
INFO: [HLS 200-1510] Running: open_project clstm2_prj 
INFO: [HLS 200-10] Opening project '/home/changhong/prj/finn/script/LSTM_HLS/hlsprj/clstm2/clstm2_prj'.
INFO: [HLS 200-1510] Running: add_files cnn_lstm_mlp.hpp 
INFO: [HLS 200-10] Adding design file 'cnn_lstm_mlp.hpp' to the project
INFO: [HLS 200-1510] Running: add_files cnn_lstm_mlp_weights.hpp 
INFO: [HLS 200-10] Adding design file 'cnn_lstm_mlp_weights.hpp' to the project
INFO: [HLS 200-1510] Running: add_files layer0_mt0.cpp 
INFO: [HLS 200-10] Adding design file 'layer0_mt0.cpp' to the project
INFO: [HLS 200-1510] Running: add_files layer1_Im2Col0.cpp 
INFO: [HLS 200-10] Adding design file 'layer1_Im2Col0.cpp' to the project
INFO: [HLS 200-1510] Running: add_files layer2_MVAU0.cpp 
INFO: [HLS 200-10] Adding design file 'layer2_MVAU0.cpp' to the project
INFO: [HLS 200-1510] Running: add_files layers.h 
INFO: [HLS 200-10] Adding design file 'layers.h' to the project
INFO: [HLS 200-1510] Running: add_files top.cpp 
INFO: [HLS 200-10] Adding design file 'top.cpp' to the project
INFO: [HLS 200-1510] Running: add_files -tb e2e.cpp 
INFO: [HLS 200-10] Adding test bench file 'e2e.cpp' to the project
INFO: [HLS 200-1510] Running: open_solution solution1 -flow_target vivado 
INFO: [HLS 200-10] Opening solution '/home/changhong/prj/finn/script/LSTM_HLS/hlsprj/clstm2/clstm2_prj/solution1'.
INFO: [SYN 201-201] Setting up clock 'default' with a period of 10ns.
INFO: [HLS 200-1611] Setting target device to 'xczu7ev-ffvc1156-2-e'
INFO: [HLS 200-1505] Using flow_target 'vivado'
Resolution: For help on HLS 200-1505 see www.xilinx.com/cgi-bin/docs/rdoc?v=2022.2;t=hls+guidance;d=200-1505.html
INFO: [HLS 200-1510] Running: set_part xczu7ev-ffvc1156-2-e 
INFO: [HLS 200-1510] Running: create_clock -period 10 -name default 
INFO: [HLS 200-1510] Running: csim_design -setup -quiet 
Running Dispatch Server on port: 42311
INFO: [SIM 211-2] *************** CSIM start ***************
INFO: [SIM 211-4] CSIM will launch GCC as the compiler.
make: 'csim.exe' is up to date.
INFO: [SIM 211-1] CSim file generation done with 0 errors.
INFO: [SIM 211-3] *************** CSIM finish ***************
INFO: [HLS 200-111] Finished Command csim_design CPU user time: 0.03 seconds. CPU system time: 0.09 seconds. Elapsed time: 0.13 seconds; current allocated memory: 0.000 MB.
INFO: [HLS 200-112] Total CPU user time: 1.33 seconds. Total CPU system time: 0.49 seconds. Total elapsed time: 11.78 seconds; peak allocated memory: 1.072 GB.
