------ behavior test begin ------
input size = 32
output here
output here
output here
output here
output here
output here
output here
output here
output here
output here
output here
output here
output here
output here
output here
output here
output here
output here
output here
output here
output here
output here
output here
output here
output here
output here
output here
output here
output here
output here
output here
output here
------ behavior test ended ------
INFO [HLS SIM]: The maximum depth reached by any hls::stream() instance in the design is 32
