INFO: [HLS 200-10] Running '/tools/Xilinx/Vitis_HLS/2022.2/bin/unwrapped/lnx64.o/vitis_hls'
INFO: [HLS 200-10] For user 'changhong' on host 'changhong-Dell-Pro-Max-Tower-T2-FCT2250' (Linux_x86_64 version 6.8.0-60-generic) on Fri Sep 19 16:23:04 IST 2025
INFO: [HLS 200-10] On os Ubuntu 22.04.5 LTS
INFO: [HLS 200-10] In directory '/home/changhong/prj/finn/script/LSTM_HLS/hlsprj'
Sourcing Tcl script '/home/changhong/prj/finn/script/LSTM_HLS/hlsprj/cnnlstm/solution1/csynth.tcl'
INFO: [HLS 200-1510] Running: source /home/changhong/prj/finn/script/LSTM_HLS/hlsprj/cnnlstm/solution1/csynth.tcl
INFO: [HLS 200-1510] Running: open_project cnnlstm 
INFO: [HLS 200-10] Opening project '/home/changhong/prj/finn/script/LSTM_HLS/hlsprj/cnnlstm'.
INFO: [HLS 200-1510] Running: set_top main 
INFO: [HLS 200-1510] Running: add_files cnnlstm/src/top.cpp -cflags -I/inc 
INFO: [HLS 200-10] Adding design file 'cnnlstm/src/top.cpp' to the project
INFO: [HLS 200-1510] Running: open_solution solution1 -flow_target vivado 
INFO: [HLS 200-10] Opening solution '/home/changhong/prj/finn/script/LSTM_HLS/hlsprj/cnnlstm/solution1'.
INFO: [SYN 201-201] Setting up clock 'default' with a period of 10ns.
INFO: [HLS 200-1611] Setting target device to 'xczu7ev-ffvc1156-2-e'
INFO: [HLS 200-1505] Using flow_target 'vivado'
Resolution: For help on HLS 200-1505 see www.xilinx.com/cgi-bin/docs/rdoc?v=2022.2;t=hls+guidance;d=200-1505.html
INFO: [HLS 200-1510] Running: set_part xczu7ev-ffvc1156-2-e 
INFO: [HLS 200-1510] Running: create_clock -period 10 -name default 
INFO: [HLS 200-1510] Running: csynth_design 
Running Dispatch Server on port: 39529
INFO: [HLS 200-111] Finished File checks and directory preparation: CPU user time: 0.01 seconds. CPU system time: 0.01 seconds. Elapsed time: 10.02 seconds; current allocated memory: 1.072 GB.
INFO: [HLS 200-10] Analyzing design file 'cnnlstm/src/top.cpp' ... 
ERROR: [HLS 207-812] 'pipeline-lstm-header.h' file not found (cnnlstm/src/top.cpp:1:10)
INFO: [HLS 200-111] Finished Command csynth_design CPU user time: 0.07 seconds. CPU system time: 0.05 seconds. Elapsed time: 0.1 seconds; current allocated memory: 0.000 MB.
command 'ap_source' returned error code
    while executing
"source /home/changhong/prj/finn/script/LSTM_HLS/hlsprj/cnnlstm/solution1/csynth.tcl"
    invoked from within
"hls::main /home/changhong/prj/finn/script/LSTM_HLS/hlsprj/cnnlstm/solution1/csynth.tcl"
    ("uplevel" body line 1)
    invoked from within
"uplevel 1 hls::main {*}$newargs"
    (procedure "hls_proc" line 16)
    invoked from within
"hls_proc [info nameofexecutable] $argv"
INFO: [HLS 200-112] Total CPU user time: 1.33 seconds. Total CPU system time: 0.41 seconds. Total elapsed time: 11.66 seconds; peak allocated memory: 1.072 GB.
