INFO: [SIM 2] *************** CSIM start ***************
INFO: [SIM 4] CSIM will launch GCC as the compiler.
   Compiling ../../../../src/top_tb.cpp in debug mode
   Generating csim.exe
------ behavior test begin ------
input size = 32
------ forward  ------
=== Original Weights [input_ch][output_ch] ===
First 8 output channels:
Output ch  0:  -7   5   2 
Output ch  1:  -7   4   5 
Output ch  2:   5   0  -5 
Output ch  3:  -4  -3   7 
Output ch  4:   4   0  -4 
Output ch  5:   7   4  -7 
Output ch  6:   5   2  -6 
Output ch  7:  -7   5   4 

=== First Weight Pack (96 bits) ===
Hex: 0x000000007c047dcb05549259
Unpacked weights [PE][SIMD]:
  PE0 (out_ch= 0):  -7   5   2 
  PE1 (out_ch= 1):  -7   4   5 
  PE2 (out_ch= 2):   5   0  -5 
  PE3 (out_ch= 3):  -4  -3   7 
  PE4 (out_ch= 4):   4   0  -4 
  PE5 (out_ch= 5):   7   4  -7 
  PE6 (out_ch= 6):   5   2  -6 
  PE7 (out_ch= 7):  -7   5   4 
------ reading results  ------
0 0 0 15 0 0 0 0 7 15 0 0 0 0 4 1 15 0 0 0 5 0 0 15 0 0 0 0 15 15 0 3 15 15 0 15 0 0 0 15 15 5 1 15 0 0 15 3 0 1 0 1 0 0 15 0 15 0 11 0 13 0 4 0 0 0 15 0 15 15 15 0 0 0 0 0 15 15 0 15 0 15 6 0 15 15 15 0 0 15 15 0 0 0 0 15 0 0 15 0 15 14 15 0 0 11 0 0 15 15 0 15 15 0 9 0 15 2 0 9 0 15 12 0 1 15 0 15 0 0 0 15 0 0 0 0 15 15 0 15 0 0 15 6 15 0 0 0 0 0 0 0 0 0 0 0 15 15 0 0 15 11 0 0 0 0 0 14 15 0 0 15 15 13 15 15 0 12 0 0 0 0 15 0 13 0 15 0 0 0 0 6 0 0 0 15 0 0 0 0 12 15 0 13 0 0 15 0 15 0 0 0 0 0 0 15 0 0 0 0 15 15 0 0 15 10 0 0 0 0 4 15 12 0 0 6 15 15 15 15 0 15 0 0 0 10 15 0 15 0 15 0 0 0 0 8 0 0 15 0 15 0 0 0 3 15 0 0 0 6 0 4 15 0 2 0 15 0 0 15 0 0 0 0 15 15 0 14 15 15 0 15 0 0 0 15 15 6 0 15 0 0 15 8 3 0 0 0 0 0 15 0 15 0 15 0 14 0 0 0 0 0 0 0 0 0 0 0 7 8 0 0 0 4 7 6 9 0 0 0 0 0 6 0 0 0 5 0 8 7 0 4 0 0 15 0 15 10 15 0 2 0 0 0 15 15 0 15 0 7 0 0 6 10 15 0 0 15 15 0 0 2 0 15 0 0 0 15 0 0 0 0 9 15 0 0 0 3 4 5 15 0 0 0 4 0 0 12 0 0 0 0 15 15 0 8 15 15 0 15 0 0 0 15 15 12 0 15 0 0 15 6 8 0 0 0 0 0 15 0 15 0 8 0 15 0 1 0 0 0 15 0 15 15 15 0 1 0 0 0 15 15 0 15 0 14 1 0 6 15 15 0 0 15 15 0 0 0 0 15 0 0 0 15 0 0 0 0 10 15 0 0 0 0 13 0 15 0 0 0 3 0 0 15 0 0 0 0 15 15 0 0 15 13 0 0 0 0 3 15 15 0 0 11 15 15 15 15 0 15 0 0 0 10 15 0 15 0 15 0 0 0 0 9 0 0 15 0 15 12 15 0 0 15 0 0 15 15 0 15 15 0 9 0 15 0 0 14 0 15 2 0 7 15 0 15 3 0 0 15 0 0 0 0 15 15 0 15 0 3 15 12 15 0 0 0 0 0 9 0 0 0 0 0 15 15 0 5 15 15 0 15 0 0 0 15 15 15 0 15 0 0 15 3 15 0 0 0 0 0 5 0 15 0 0 0 15 10 6 0 15 15 0 15 0 0 0 15 15 6 3 15 0 0 15 2 2 0 0 3 0 0 15 0 15 0 6 0 14 0 7 0 0 0 15 0 15 15 15 0 0 0 0 0 15 15 0 12 0 15 5 0 10 15 15 0 0 15 15 0 0 0 0 15 0 0 15 0 15 15 15 0 0 1 0 0 15 15 0 15 9 0 11 0 15 9 2 6 0 15 15 0 0 15 0 15 0 0 0 15 0 0 0 0 15 15 0 15 0 0 15 3 15 0 0 0 0 0 0 6 0 0 0 0 15 15 0 0 15 9 0 0 0 0 0 14 15 0 0 14 15 15 15 15 0 15 0 0 0 2 15 0 13 0 15 0 0 0 0 8 0 0 15 0 15 1 15 0 3 15 0 0 12 15 0 13 15 0 3 0 15 0 0 8 0 14 0 0 12 15 0 15 7 0 0 12 0 0 0 0 15 15 0 12 0 7 15 13 15 0 0 0 0 0 15 0 0 0 10 0 15 15 0 7 15 6 0 15 0 0 0 2 15 15 0 15 0 0 15 7 15 0 0 0 0 0 6 0 2 0 0 0 15 14 0 0 15 0 3 0 2 0 0 0 11 0 0 0 15 15 9 15 0 8 0 0 0 0 15 0 0 0 15 0 0 0 0 11 0 0 15 0 15 0 0 0 6 15 0 0 0 14 0 11 15 0 0 0 9 0 0 4 0 0 0 0 15 15 0 15 
 sum value: 
 5096 
------ behavior test ended ------
INFO [HLS SIM]: The maximum depth reached by any hls::stream() instance in the design is 960
INFO: [SIM 1] CSim done with 0 errors.
INFO: [SIM 3] *************** CSIM finish ***************
