Wed Oct  8 14:40:32 2025: Running xcd server. This server was built by gradle.
Wed Oct  8 14:40:32 2025: Server was asked to start on port: '42965'
Wed Oct  8 14:40:32 2025: Server is using token UUID: '4f9c90bb-4de1-4556-b7d5-f292918620f1'
Wed Oct  8 14:40:32 2025: SESSION_MGR: creating session with session uuid: '6d04a3e9-ade5-4ab9-8d63-1f78fcd2ec76' and name 'default'
Wed Oct  8 14:40:32 2025: Attempting to start server on port '42965'
Wed Oct  8 14:40:32 2025: XCD main fifo: created main fifo '/tmp/xcdmain4f9c90bb-4de1-4556-b7d5-f292918620f1', fd read = 13
Wed Oct  8 14:40:32 2025: Running Dispatch Server
Wed Oct  8 14:40:32 2025: Version 2.2.0
Wed Oct  8 14:40:42 2025: Dispatch Server: Accepted socket connection from client
Wed Oct  8 14:40:42 2025: Starting Socket connection
Wed Oct  8 14:40:42 2025: EXCHANGE_TOKEN received, server token: 4f9c90bb-4de1-4556-b7d5-f292918620f1, passed token: 4f9c90bb-4de1-4556-b7d5-f292918620f1
Wed Oct  8 14:40:42 2025: SESSION_MGR: creating session with session uuid: '6b565cbd-39ce-4f01-a0e2-853a3c58d06e' and name 'vitis_hls'
Wed Oct  8 14:40:42 2025: KERNEL_SVC: creating session with uuid: '6b565cbd-39ce-4f01-a0e2-853a3c58d06e' and name 'vitis_hls'
Wed Oct  8 14:40:42 2025: GUIDANCE_SMGR: creating guidance session with uuid: '6b565cbd-39ce-4f01-a0e2-853a3c58d06e' and name 'vitis_hls'
Wed Oct  8 14:40:42 2025: STOP_SERVER received, server token: 4f9c90bb-4de1-4556-b7d5-f292918620f1, passed token: 4f9c90bb-4de1-4556-b7d5-f292918620f1
Wed Oct  8 14:40:42 2025: Socket received request to stop server.
Wed Oct  8 14:40:42 2025: Dispatch Server: do_await_stop
Wed Oct  8 14:40:42 2025: Dispatch Server: stopping mainFifo_
Wed Oct  8 14:40:42 2025: XCD main fifo: Stopping
Wed Oct  8 14:40:42 2025: XCD main fifo: do_read error code: Operation canceled
Wed Oct  8 14:40:42 2025: XCD main fifo: bytes_transferred: 0
Wed Oct  8 14:40:42 2025: SERVER: destructor for server bound to port 42965
Wed Oct  8 14:40:42 2025: XCD main fifo: Good unlink of /tmp/xcdmain4f9c90bb-4de1-4556-b7d5-f292918620f1
Wed Oct  8 14:40:42 2025: Server exiting with status 0.
Wed Oct  8 14:40:42 2025: Closing log file.
Wed Oct  8 14:42:24 2025: Running xcd server. This server was built by gradle.
Wed Oct  8 14:42:24 2025: Server was asked to start on port: '41047'
Wed Oct  8 14:42:24 2025: Server is using token UUID: 'ea41aae0-8022-4c88-8a95-9394fe1f62c2'
Wed Oct  8 14:42:24 2025: SESSION_MGR: creating session with session uuid: '6d04a3e9-ade5-4ab9-8d63-1f78fcd2ec76' and name 'default'
Wed Oct  8 14:42:24 2025: Attempting to start server on port '41047'
Wed Oct  8 14:42:24 2025: XCD main fifo: created main fifo '/tmp/xcdmainea41aae0-8022-4c88-8a95-9394fe1f62c2', fd read = 13
Wed Oct  8 14:42:24 2025: Running Dispatch Server
Wed Oct  8 14:42:24 2025: Version 2.2.0
Wed Oct  8 14:42:34 2025: Dispatch Server: Accepted socket connection from client
Wed Oct  8 14:42:34 2025: Starting Socket connection
Wed Oct  8 14:42:34 2025: EXCHANGE_TOKEN received, server token: ea41aae0-8022-4c88-8a95-9394fe1f62c2, passed token: ea41aae0-8022-4c88-8a95-9394fe1f62c2
Wed Oct  8 14:42:34 2025: SESSION_MGR: creating session with session uuid: '1c83142d-eeff-451a-955b-97a0dcdb43cf' and name 'vitis_hls'
Wed Oct  8 14:42:34 2025: KERNEL_SVC: creating session with uuid: '1c83142d-eeff-451a-955b-97a0dcdb43cf' and name 'vitis_hls'
Wed Oct  8 14:42:34 2025: GUIDANCE_SMGR: creating guidance session with uuid: '1c83142d-eeff-451a-955b-97a0dcdb43cf' and name 'vitis_hls'
Wed Oct  8 14:42:34 2025: STOP_SERVER received, server token: ea41aae0-8022-4c88-8a95-9394fe1f62c2, passed token: ea41aae0-8022-4c88-8a95-9394fe1f62c2
Wed Oct  8 14:42:34 2025: Socket received request to stop server.
Wed Oct  8 14:42:34 2025: Dispatch Server: do_await_stop
Wed Oct  8 14:42:34 2025: Dispatch Server: stopping mainFifo_
Wed Oct  8 14:42:34 2025: XCD main fifo: Stopping
Wed Oct  8 14:42:34 2025: XCD main fifo: do_read error code: Operation canceled
Wed Oct  8 14:42:34 2025: XCD main fifo: bytes_transferred: 0
Wed Oct  8 14:42:34 2025: SERVER: destructor for server bound to port 41047
Wed Oct  8 14:42:34 2025: XCD main fifo: Good unlink of /tmp/xcdmainea41aae0-8022-4c88-8a95-9394fe1f62c2
Wed Oct  8 14:42:34 2025: Server exiting with status 0.
Wed Oct  8 14:42:34 2025: Closing log file.
