

================================================================
== Synthesis Summary Report of 'main'
================================================================
+ General Information: 
    * Date:           Sun Sep 21 19:16:41 2025
    * Version:        2022.2 (Build 3670227 on Oct 13 2022)
    * Project:        cnnlstm
    * Solution:       solution1 (Vivado IP Flow Target)
    * Product family: zynquplus
    * Target device:  xczu7ev-ffvc1156-2-e
    

+ Performance & Resource Estimates: 
    
    PS: '+' for module; 'o' for loop; '*' for dataflow
    +--------+------+------+---------+--------+----------+---------+------+----------+------+----+---+----+-----+
    | Modules| Issue|      | Latency | Latency| Iteration|         | Trip |          |      |    |   |    |     |
    | & Loops| Type | Slack| (cycles)|  (ns)  |  Latency | Interval| Count| Pipelined| BRAM | DSP| FF| LUT| URAM|
    +--------+------+------+---------+--------+----------+---------+------+----------+------+----+---+----+-----+
    |+ main  |     -|  7.30|        0|   0.000|         -|        1|     -|        no|     -|   -|  -|   -|    -|
    +--------+------+------+---------+--------+----------+---------+------+----------+------+----+---+----+-----+


================================================================
== HW Interfaces
================================================================
* Other Ports
+-----------+----------+
| Interface | Bitwidth |
+-----------+----------+
| ap_return | 32       |
+-----------+----------+

* TOP LEVEL CONTROL
+-----------+------------+-----------------------------------+
| Interface | Type       | Ports                             |
+-----------+------------+-----------------------------------+
| ap_ctrl   | ap_ctrl_hs | ap_done ap_idle ap_ready ap_start |
+-----------+------------+-----------------------------------+


================================================================
== SW I/O Information
================================================================
* Top Function Arguments
+----------+-----------+----------+
| Argument | Direction | Datatype |
+----------+-----------+----------+
| return   | out       | int      |
+----------+-----------+----------+

* SW-to-HW Mapping
+----------+--------------+---------+
| Argument | HW Interface | HW Type |
+----------+--------------+---------+
| return   | ap_return    | port    |
+----------+--------------+---------+


================================================================
== Bind Op Report
================================================================
  No bind op info in design

================================================================
== Bind Storage Report
================================================================
  No bind storage info in design

================================================================
== Pragma Report
================================================================
* Valid Pragma Syntax
+-----------------+---------------------------------------------------+-----------------------------------------------------------------------------------------+
| Type            | Options                                           | Location                                                                                |
+-----------------+---------------------------------------------------+-----------------------------------------------------------------------------------------+
| inline          |                                                   | cnnlstm/src/activations.hpp:145 in init                                                 |
| inline          |                                                   | cnnlstm/src/activations.hpp:163 in activate                                             |
| inline          |                                                   | cnnlstm/src/activations.hpp:180 in thresholdactivation<ta, compare>                     |
| inline          |                                                   | cnnlstm/src/activations.hpp:185 in activate                                             |
| inline          |                                                   | cnnlstm/src/activations.hpp:208 in init                                                 |
| inline          |                                                   | cnnlstm/src/activations.hpp:214 in activate                                             |
| unroll          |                                                   | cnnlstm/src/activations.hpp:217 in activate                                             |
| inline          |                                                   | cnnlstm/src/activations.hpp:248 in init                                                 |
| inline          |                                                   | cnnlstm/src/activations.hpp:253 in activate                                             |
| pipeline        | style=flp II=1                                    | cnnlstm/src/activations.hpp:297 in thresholding_batch                                   |
| unroll          |                                                   | cnnlstm/src/activations.hpp:303 in thresholding_batch                                   |
| array_partition | variable=internal_thr.m_thresholds complete dim=0 | cnnlstm/src/activations.hpp:353 in thresholding_stream_batch, internal_thr.m_thresholds |
| pipeline        | style=flp II=1                                    | cnnlstm/src/activations.hpp:359 in thresholding_stream_batch                            |
| unroll          |                                                   | cnnlstm/src/activations.hpp:372 in thresholding_stream_batch                            |
| unroll          |                                                   | cnnlstm/src/activations.hpp:377 in thresholding_stream_batch                            |
| pipeline        | style=flp II=1                                    | cnnlstm/src/eltwise.hpp:52 in streamingeltwise                                          |
| unroll          |                                                   | cnnlstm/src/eltwise.hpp:57 in streamingeltwise                                          |
| inline          |                                                   | cnnlstm/src/interpret.hpp:62 in xnormul                                                 |
| inline          |                                                   | cnnlstm/src/interpret.hpp:67 in operator*                                               |
| inline          |                                                   | cnnlstm/src/interpret.hpp:72 in operator*                                               |
| inline          |                                                   | cnnlstm/src/interpret.hpp:80 in binary                                                  |
| inline          |                                                   | cnnlstm/src/interpret.hpp:89 in operator*                                               |
| inline          |                                                   | cnnlstm/src/interpret.hpp:97 in operator*                                               |
| inline          |                                                   | cnnlstm/src/interpret.hpp:102 in operator*                                              |
| inline          |                                                   | cnnlstm/src/interpret.hpp:116 in operator()                                             |
| inline          |                                                   | cnnlstm/src/interpret.hpp:122 in operator()                                             |
| inline          |                                                   | cnnlstm/src/interpret.hpp:138 in container<tv>                                          |
| inline          |                                                   | cnnlstm/src/interpret.hpp:143 in operator[]                                             |
| inline          |                                                   | cnnlstm/src/interpret.hpp:147 in operator[]                                             |
| inline          |                                                   | cnnlstm/src/interpret.hpp:151 in operator()                                             |
| inline          |                                                   | cnnlstm/src/interpret.hpp:155 in operator const type-parameter-1-0 &                    |
| inline          |                                                   | cnnlstm/src/interpret.hpp:163 in operator()                                             |
| inline          |                                                   | cnnlstm/src/interpret.hpp:168 in operator()                                             |
| inline          |                                                   | cnnlstm/src/interpret.hpp:173 in operator()                                             |
| inline          |                                                   | cnnlstm/src/interpret.hpp:204 in container<tv>                                          |
| inline          |                                                   | cnnlstm/src/interpret.hpp:207 in container<tv>                                          |
| inline          |                                                   | cnnlstm/src/interpret.hpp:211 in operator()                                             |
| inline          |                                                   | cnnlstm/src/interpret.hpp:215 in operator()                                             |
| inline          |                                                   | cnnlstm/src/interpret.hpp:220 in operator[]                                             |
| inline          |                                                   | cnnlstm/src/interpret.hpp:224 in operator const type-parameter-1-0 &                    |
| inline          |                                                   | cnnlstm/src/interpret.hpp:232 in operator()                                             |
| inline          |                                                   | cnnlstm/src/interpret.hpp:237 in operator()                                             |
| inline          |                                                   | cnnlstm/src/interpret.hpp:242 in operator()                                             |
| inline          |                                                   | cnnlstm/src/interpret.hpp:261 in container<tv>                                          |
| inline          |                                                   | cnnlstm/src/interpret.hpp:264 in container<tv>                                          |
| inline          |                                                   | cnnlstm/src/interpret.hpp:267 in container<tv>                                          |
| inline          |                                                   | cnnlstm/src/interpret.hpp:271 in operator const type-parameter-1-0 &                    |
| inline          |                                                   | cnnlstm/src/interpret.hpp:275 in operator()                                             |
| inline          |                                                   | cnnlstm/src/interpret.hpp:279 in operator()                                             |
| inline          |                                                   | cnnlstm/src/interpret.hpp:284 in operator[]                                             |
| inline          |                                                   | cnnlstm/src/interpret.hpp:292 in operator()                                             |
| inline          |                                                   | cnnlstm/src/interpret.hpp:297 in operator()                                             |
| inline          |                                                   | cnnlstm/src/interpret.hpp:302 in operator()                                             |
| inline          |                                                   | cnnlstm/src/mac.hpp:89 in mul                                                           |
| inline          |                                                   | cnnlstm/src/mac.hpp:114 in mul                                                          |
| bind_op         | variable=res op=mul impl=fabric                   | cnnlstm/src/mac.hpp:116 in mul, res                                                     |
| inline          |                                                   | cnnlstm/src/mac.hpp:140 in mul                                                          |
| bind_op         | variable=res op=mul impl=dsp                      | cnnlstm/src/mac.hpp:142 in mul, res                                                     |
| inline          |                                                   | cnnlstm/src/mac.hpp:171 in mac                                                          |
| unroll          |                                                   | cnnlstm/src/mac.hpp:174 in mac                                                          |
| inline          |                                                   | cnnlstm/src/mac.hpp:198 in mac                                                          |
| unroll          |                                                   | cnnlstm/src/mac.hpp:201 in mac                                                          |
| inline          |                                                   | cnnlstm/src/mac.hpp:208 in mac                                                          |
| array_partition | variable=inputBuf complete dim=0                  | cnnlstm/src/mvau.hpp:111 in matrix_vector_activate_batch, inputBuf                      |
| array_partition | variable=accu complete dim=0                      | cnnlstm/src/mvau.hpp:115 in matrix_vector_activate_batch, accu                          |
| pipeline        | style=flp II=1                                    | cnnlstm/src/mvau.hpp:125 in matrix_vector_activate_batch                                |
| unroll          |                                                   | cnnlstm/src/mvau.hpp:141 in matrix_vector_activate_batch                                |
| unroll          |                                                   | cnnlstm/src/mvau.hpp:143 in matrix_vector_activate_batch                                |
| unroll          |                                                   | cnnlstm/src/mvau.hpp:152 in matrix_vector_activate_batch                                |
| unroll          |                                                   | cnnlstm/src/mvau.hpp:166 in matrix_vector_activate_batch                                |
| unroll          |                                                   | cnnlstm/src/mvau.hpp:168 in matrix_vector_activate_batch                                |
| array_partition | variable=inputBuf complete dim=1                  | cnnlstm/src/mvau.hpp:233 in matrix_vector_activate_stream_batch, inputBuf               |
| array_partition | variable=accu complete dim=0                      | cnnlstm/src/mvau.hpp:236 in matrix_vector_activate_stream_batch, accu                   |
| array_partition | variable=w.m_weights complete dim=0               | cnnlstm/src/mvau.hpp:239 in matrix_vector_activate_stream_batch, w.m_weights            |
| pipeline        | style=flp II=1                                    | cnnlstm/src/mvau.hpp:251 in matrix_vector_activate_stream_batch                         |
| unroll          |                                                   | cnnlstm/src/mvau.hpp:268 in matrix_vector_activate_stream_batch                         |
| unroll          |                                                   | cnnlstm/src/mvau.hpp:275 in matrix_vector_activate_stream_batch                         |
| unroll          |                                                   | cnnlstm/src/mvau.hpp:282 in matrix_vector_activate_stream_batch                         |
| unroll          |                                                   | cnnlstm/src/mvau.hpp:295 in matrix_vector_activate_stream_batch                         |
| interface       | mode=axis port=cnn_input                          | cnnlstm/src/n_cnn.hpp:21 in n_cnn_layer_module, cnn_input                               |
| interface       | mode=axis port=cnn_output                         | cnnlstm/src/n_cnn.hpp:22 in n_cnn_layer_module, cnn_output                              |
| interface       | s_axilite port=return                             | cnnlstm/src/n_cnn.hpp:23 in n_cnn_layer_module, return                                  |
| stream          | variable=MultiThreshold_0_out0 depth=128          | cnnlstm/src/n_cnn.hpp:38 in n_cnn_layer_module, MultiThreshold_0_out0                   |
| stream          | variable=Conv_0_out0 depth=128                    | cnnlstm/src/n_cnn.hpp:39 in n_cnn_layer_module, Conv_0_out0                             |
| stream          | variable=MultiThreshold_3_out0 depth=128          | cnnlstm/src/n_cnn.hpp:40 in n_cnn_layer_module, MultiThreshold_3_out0                   |
| stream          | variable=Conv_1_out0 depth=128                    | cnnlstm/src/n_cnn.hpp:41 in n_cnn_layer_module, Conv_1_out0                             |
| stream          | variable=MultiThreshold_4_out0 depth=128          | cnnlstm/src/n_cnn.hpp:42 in n_cnn_layer_module, MultiThreshold_4_out0                   |
| stream          | variable=MaxPool_0_out0 depth=128                 | cnnlstm/src/n_cnn.hpp:43 in n_cnn_layer_module, MaxPool_0_out0                          |
| stream          | variable=Transpose_0_out0 depth=128               | cnnlstm/src/n_cnn.hpp:44 in n_cnn_layer_module, Transpose_0_out0                        |
| stream          | variable=Reshape_0_out0 depth=128                 | cnnlstm/src/n_cnn.hpp:45 in n_cnn_layer_module, Reshape_0_out0                          |
| inline          |                                                   | cnnlstm/src/weights.hpp:83 in tileindex                                                 |
| inline          |                                                   | cnnlstm/src/weights.hpp:88 in operator[]                                                |
| inline          |                                                   | cnnlstm/src/weights.hpp:95 in weights                                                   |
| inline          |                                                   | cnnlstm/src/weights.hpp:127 in tileindex                                                |
| inline          |                                                   | cnnlstm/src/weights.hpp:132 in operator[]                                               |
| unroll          |                                                   | cnnlstm/src/weights.hpp:135 in operator[]                                               |
| inline          |                                                   | cnnlstm/src/weights.hpp:145 in weights                                                  |
| inline          |                                                   | cnnlstm/src/weights.hpp:157 in operator[]                                               |
| unroll          |                                                   | cnnlstm/src/weights.hpp:160 in operator[]                                               |
+-----------------+---------------------------------------------------+-----------------------------------------------------------------------------------------+


