Fri Sep 19 16:23:06 2025: Running xcd server. This server was built by gradle.
Fri Sep 19 16:23:06 2025: Server was asked to start on port: '39529'
Fri Sep 19 16:23:06 2025: Server is using token UUID: 'b6c44b5f-88dc-460c-ba36-3b8d106f1be3'
Fri Sep 19 16:23:06 2025: SESSION_MGR: creating session with session uuid: '6d04a3e9-ade5-4ab9-8d63-1f78fcd2ec76' and name 'default'
Fri Sep 19 16:23:06 2025: Attempting to start server on port '39529'
Fri Sep 19 16:23:06 2025: XCD main fifo: created main fifo '/tmp/xcdmainb6c44b5f-88dc-460c-ba36-3b8d106f1be3', fd read = 13
Fri Sep 19 16:23:06 2025: Running Dispatch Server
Fri Sep 19 16:23:06 2025: Version 2.2.0
Fri Sep 19 16:23:15 2025: Dispatch Server: Accepted socket connection from client
Fri Sep 19 16:23:15 2025: Starting Socket connection
Fri Sep 19 16:23:15 2025: EXCHANGE_TOKEN received, server token: b6c44b5f-88dc-460c-ba36-3b8d106f1be3, passed token: b6c44b5f-88dc-460c-ba36-3b8d106f1be3
Fri Sep 19 16:23:15 2025: SESSION_MGR: creating session with session uuid: '83632188-3950-4781-94c1-869040987d1a' and name 'vitis_hls'
Fri Sep 19 16:23:15 2025: KERNEL_SVC: creating session with uuid: '83632188-3950-4781-94c1-869040987d1a' and name 'vitis_hls'
Fri Sep 19 16:23:15 2025: GUIDANCE_SMGR: creating guidance session with uuid: '83632188-3950-4781-94c1-869040987d1a' and name 'vitis_hls'
Fri Sep 19 16:23:15 2025: STOP_SERVER received, server token: b6c44b5f-88dc-460c-ba36-3b8d106f1be3, passed token: b6c44b5f-88dc-460c-ba36-3b8d106f1be3
Fri Sep 19 16:23:15 2025: Socket received request to stop server.
Fri Sep 19 16:23:15 2025: Dispatch Server: do_await_stop
Fri Sep 19 16:23:15 2025: Dispatch Server: stopping mainFifo_
Fri Sep 19 16:23:15 2025: XCD main fifo: Stopping
Fri Sep 19 16:23:15 2025: XCD main fifo: do_read error code: Operation canceled
Fri Sep 19 16:23:15 2025: XCD main fifo: bytes_transferred: 0
Fri Sep 19 16:23:15 2025: SERVER: destructor for server bound to port 39529
Fri Sep 19 16:23:15 2025: XCD main fifo: Good unlink of /tmp/xcdmainb6c44b5f-88dc-460c-ba36-3b8d106f1be3
Fri Sep 19 16:23:15 2025: Server exiting with status 0.
Fri Sep 19 16:23:15 2025: Closing log file.
