

================================================================
== Vitis HLS Report for 'Matrix_Vector_Activate_Batch'
================================================================
* Date:           Wed Oct 22 12:30:21 2025

* Version:        2022.2 (Build 3670227 on Oct 13 2022)
* Project:        project_MVAU_hls_0
* Solution:       sol1 (Vivado IP Flow Target)
* Product family: zynquplus
* Target device:  xczu7ev-ffvc1156-2-e


================================================================
== Performance Estimates
================================================================
+ Timing: 
    * Summary: 
    +--------+----------+----------+------------+
    |  Clock |  Target  | Estimated| Uncertainty|
    +--------+----------+----------+------------+
    |ap_clk  |  10.00 ns|  3.217 ns|     2.70 ns|
    +--------+----------+----------+------------+

+ Latency: 
    * Summary: 
    +---------+---------+----------+----------+-----+-----+---------+
    |  Latency (cycles) |  Latency (absolute) |  Interval | Pipeline|
    |   min   |   max   |    min   |    max   | min | max |   Type  |
    +---------+---------+----------+----------+-----+-----+---------+
    |      126|      126|  1.260 us|  1.260 us|  126|  126|       no|
    +---------+---------+----------+----------+-----+-----+---------+

    + Detail: 
        * Instance: 
        N/A

        * Loop: 
        +--------------------+---------+---------+----------+-----------+-----------+------+----------+
        |                    |  Latency (cycles) | Iteration|  Initiation Interval  | Trip |          |
        |      Loop Name     |   min   |   max   |  Latency |  achieved |   target  | Count| Pipelined|
        +--------------------+---------+---------+----------+-----------+-----------+------+----------+
        |- VITIS_LOOP_123_1  |      124|      124|         6|          1|          1|   120|  yes(flp)|
        +--------------------+---------+---------+----------+-----------+-----------+------+----------+



================================================================
== Utilization Estimates
================================================================
* Summary: 
+-----------------+---------+------+--------+--------+-----+
|       Name      | BRAM_18K|  DSP |   FF   |   LUT  | URAM|
+-----------------+---------+------+--------+--------+-----+
|DSP              |        -|    16|       -|       -|    -|
|Expression       |        -|     -|       0|    2700|    -|
|FIFO             |        -|     -|       -|       -|    -|
|Instance         |        -|     0|       0|    2880|    -|
|Memory           |        -|     -|       -|       -|    -|
|Multiplexer      |        -|     -|       -|     151|    -|
|Register         |        -|     -|     248|       -|    -|
+-----------------+---------+------+--------+--------+-----+
|Total            |        0|    16|     248|    5731|    0|
+-----------------+---------+------+--------+--------+-----+
|Available        |      624|  1728|  460800|  230400|   96|
+-----------------+---------+------+--------+--------+-----+
|Utilization (%)  |        0|    ~0|      ~0|       2|    0|
+-----------------+---------+------+--------+--------+-----+

+ Detail: 
    * Instance: 
    +----------------------+------------------+---------+----+---+----+-----+
    |       Instance       |      Module      | BRAM_18K| DSP| FF| LUT| URAM|
    +----------------------+------------------+---------+----+---+----+-----+
    |mul_8s_4s_12_1_1_U9   |mul_8s_4s_12_1_1  |        0|   0|  0|  40|    0|
    |mul_8s_4s_12_1_1_U10  |mul_8s_4s_12_1_1  |        0|   0|  0|  40|    0|
    |mul_8s_4s_12_1_1_U11  |mul_8s_4s_12_1_1  |        0|   0|  0|  40|    0|
    |mul_8s_4s_12_1_1_U12  |mul_8s_4s_12_1_1  |        0|   0|  0|  40|    0|
    |mul_8s_4s_12_1_1_U13  |mul_8s_4s_12_1_1  |        0|   0|  0|  40|    0|
    |mul_8s_4s_12_1_1_U14  |mul_8s_4s_12_1_1  |        0|   0|  0|  40|    0|
    |mul_8s_4s_12_1_1_U15  |mul_8s_4s_12_1_1  |        0|   0|  0|  40|    0|
    |mul_8s_4s_12_1_1_U16  |mul_8s_4s_12_1_1  |        0|   0|  0|  40|    0|
    |mux_42_12_1_1_U1      |mux_42_12_1_1     |        0|   0|  0|  20|    0|
    |mux_42_12_1_1_U2      |mux_42_12_1_1     |        0|   0|  0|  20|    0|
    |mux_42_12_1_1_U3      |mux_42_12_1_1     |        0|   0|  0|  20|    0|
    |mux_42_12_1_1_U4      |mux_42_12_1_1     |        0|   0|  0|  20|    0|
    |mux_42_12_1_1_U5      |mux_42_12_1_1     |        0|   0|  0|  20|    0|
    |mux_42_12_1_1_U6      |mux_42_12_1_1     |        0|   0|  0|  20|    0|
    |mux_42_12_1_1_U7      |mux_42_12_1_1     |        0|   0|  0|  20|    0|
    |mux_42_12_1_1_U8      |mux_42_12_1_1     |        0|   0|  0|  20|    0|
    |mux_42_13_1_1_U17     |mux_42_13_1_1     |        0|   0|  0|  20|    0|
    |mux_42_13_1_1_U18     |mux_42_13_1_1     |        0|   0|  0|  20|    0|
    |mux_42_13_1_1_U19     |mux_42_13_1_1     |        0|   0|  0|  20|    0|
    |mux_42_13_1_1_U20     |mux_42_13_1_1     |        0|   0|  0|  20|    0|
    |mux_42_13_1_1_U21     |mux_42_13_1_1     |        0|   0|  0|  20|    0|
    |mux_42_13_1_1_U22     |mux_42_13_1_1     |        0|   0|  0|  20|    0|
    |mux_42_13_1_1_U23     |mux_42_13_1_1     |        0|   0|  0|  20|    0|
    |mux_42_13_1_1_U24     |mux_42_13_1_1     |        0|   0|  0|  20|    0|
    |mux_42_13_1_1_U25     |mux_42_13_1_1     |        0|   0|  0|  20|    0|
    |mux_42_13_1_1_U26     |mux_42_13_1_1     |        0|   0|  0|  20|    0|
    |mux_42_13_1_1_U27     |mux_42_13_1_1     |        0|   0|  0|  20|    0|
    |mux_42_13_1_1_U28     |mux_42_13_1_1     |        0|   0|  0|  20|    0|
    |mux_42_13_1_1_U29     |mux_42_13_1_1     |        0|   0|  0|  20|    0|
    |mux_42_13_1_1_U30     |mux_42_13_1_1     |        0|   0|  0|  20|    0|
    |mux_42_13_1_1_U31     |mux_42_13_1_1     |        0|   0|  0|  20|    0|
    |mux_42_13_1_1_U32     |mux_42_13_1_1     |        0|   0|  0|  20|    0|
    |mux_42_13_1_1_U33     |mux_42_13_1_1     |        0|   0|  0|  20|    0|
    |mux_42_13_1_1_U34     |mux_42_13_1_1     |        0|   0|  0|  20|    0|
    |mux_42_13_1_1_U35     |mux_42_13_1_1     |        0|   0|  0|  20|    0|
    |mux_42_13_1_1_U36     |mux_42_13_1_1     |        0|   0|  0|  20|    0|
    |mux_42_13_1_1_U37     |mux_42_13_1_1     |        0|   0|  0|  20|    0|
    |mux_42_13_1_1_U38     |mux_42_13_1_1     |        0|   0|  0|  20|    0|
    |mux_42_13_1_1_U39     |mux_42_13_1_1     |        0|   0|  0|  20|    0|
    |mux_42_13_1_1_U40     |mux_42_13_1_1     |        0|   0|  0|  20|    0|
    |mux_42_13_1_1_U41     |mux_42_13_1_1     |        0|   0|  0|  20|    0|
    |mux_42_13_1_1_U42     |mux_42_13_1_1     |        0|   0|  0|  20|    0|
    |mux_42_13_1_1_U43     |mux_42_13_1_1     |        0|   0|  0|  20|    0|
    |mux_42_13_1_1_U44     |mux_42_13_1_1     |        0|   0|  0|  20|    0|
    |mux_42_13_1_1_U45     |mux_42_13_1_1     |        0|   0|  0|  20|    0|
    |mux_42_13_1_1_U46     |mux_42_13_1_1     |        0|   0|  0|  20|    0|
    |mux_42_13_1_1_U47     |mux_42_13_1_1     |        0|   0|  0|  20|    0|
    |mux_42_13_1_1_U48     |mux_42_13_1_1     |        0|   0|  0|  20|    0|
    |mux_42_13_1_1_U49     |mux_42_13_1_1     |        0|   0|  0|  20|    0|
    |mux_42_13_1_1_U50     |mux_42_13_1_1     |        0|   0|  0|  20|    0|
    |mux_42_13_1_1_U51     |mux_42_13_1_1     |        0|   0|  0|  20|    0|
    |mux_42_13_1_1_U52     |mux_42_13_1_1     |        0|   0|  0|  20|    0|
    |mux_42_13_1_1_U53     |mux_42_13_1_1     |        0|   0|  0|  20|    0|
    |mux_42_13_1_1_U54     |mux_42_13_1_1     |        0|   0|  0|  20|    0|
    |mux_42_13_1_1_U55     |mux_42_13_1_1     |        0|   0|  0|  20|    0|
    |mux_42_13_1_1_U56     |mux_42_13_1_1     |        0|   0|  0|  20|    0|
    |mux_42_13_1_1_U57     |mux_42_13_1_1     |        0|   0|  0|  20|    0|
    |mux_42_13_1_1_U58     |mux_42_13_1_1     |        0|   0|  0|  20|    0|
    |mux_42_13_1_1_U59     |mux_42_13_1_1     |        0|   0|  0|  20|    0|
    |mux_42_13_1_1_U60     |mux_42_13_1_1     |        0|   0|  0|  20|    0|
    |mux_42_13_1_1_U61     |mux_42_13_1_1     |        0|   0|  0|  20|    0|
    |mux_42_13_1_1_U62     |mux_42_13_1_1     |        0|   0|  0|  20|    0|
    |mux_42_13_1_1_U63     |mux_42_13_1_1     |        0|   0|  0|  20|    0|
    |mux_42_13_1_1_U64     |mux_42_13_1_1     |        0|   0|  0|  20|    0|
    |mux_42_13_1_1_U65     |mux_42_13_1_1     |        0|   0|  0|  20|    0|
    |mux_42_13_1_1_U66     |mux_42_13_1_1     |        0|   0|  0|  20|    0|
    |mux_42_13_1_1_U67     |mux_42_13_1_1     |        0|   0|  0|  20|    0|
    |mux_42_13_1_1_U68     |mux_42_13_1_1     |        0|   0|  0|  20|    0|
    |mux_42_13_1_1_U69     |mux_42_13_1_1     |        0|   0|  0|  20|    0|
    |mux_42_13_1_1_U70     |mux_42_13_1_1     |        0|   0|  0|  20|    0|
    |mux_42_13_1_1_U71     |mux_42_13_1_1     |        0|   0|  0|  20|    0|
    |mux_42_13_1_1_U72     |mux_42_13_1_1     |        0|   0|  0|  20|    0|
    |mux_42_13_1_1_U73     |mux_42_13_1_1     |        0|   0|  0|  20|    0|
    |mux_42_13_1_1_U74     |mux_42_13_1_1     |        0|   0|  0|  20|    0|
    |mux_42_13_1_1_U75     |mux_42_13_1_1     |        0|   0|  0|  20|    0|
    |mux_42_13_1_1_U76     |mux_42_13_1_1     |        0|   0|  0|  20|    0|
    |mux_42_13_1_1_U77     |mux_42_13_1_1     |        0|   0|  0|  20|    0|
    |mux_42_13_1_1_U78     |mux_42_13_1_1     |        0|   0|  0|  20|    0|
    |mux_42_13_1_1_U79     |mux_42_13_1_1     |        0|   0|  0|  20|    0|
    |mux_42_13_1_1_U80     |mux_42_13_1_1     |        0|   0|  0|  20|    0|
    |mux_42_13_1_1_U81     |mux_42_13_1_1     |        0|   0|  0|  20|    0|
    |mux_42_13_1_1_U82     |mux_42_13_1_1     |        0|   0|  0|  20|    0|
    |mux_42_13_1_1_U83     |mux_42_13_1_1     |        0|   0|  0|  20|    0|
    |mux_42_13_1_1_U84     |mux_42_13_1_1     |        0|   0|  0|  20|    0|
    |mux_42_13_1_1_U85     |mux_42_13_1_1     |        0|   0|  0|  20|    0|
    |mux_42_13_1_1_U86     |mux_42_13_1_1     |        0|   0|  0|  20|    0|
    |mux_42_13_1_1_U87     |mux_42_13_1_1     |        0|   0|  0|  20|    0|
    |mux_42_13_1_1_U88     |mux_42_13_1_1     |        0|   0|  0|  20|    0|
    |mux_42_13_1_1_U89     |mux_42_13_1_1     |        0|   0|  0|  20|    0|
    |mux_42_13_1_1_U90     |mux_42_13_1_1     |        0|   0|  0|  20|    0|
    |mux_42_13_1_1_U91     |mux_42_13_1_1     |        0|   0|  0|  20|    0|
    |mux_42_13_1_1_U92     |mux_42_13_1_1     |        0|   0|  0|  20|    0|
    |mux_42_13_1_1_U93     |mux_42_13_1_1     |        0|   0|  0|  20|    0|
    |mux_42_13_1_1_U94     |mux_42_13_1_1     |        0|   0|  0|  20|    0|
    |mux_42_13_1_1_U95     |mux_42_13_1_1     |        0|   0|  0|  20|    0|
    |mux_42_13_1_1_U96     |mux_42_13_1_1     |        0|   0|  0|  20|    0|
    |mux_42_13_1_1_U97     |mux_42_13_1_1     |        0|   0|  0|  20|    0|
    |mux_42_13_1_1_U98     |mux_42_13_1_1     |        0|   0|  0|  20|    0|
    |mux_42_13_1_1_U99     |mux_42_13_1_1     |        0|   0|  0|  20|    0|
    |mux_42_13_1_1_U100    |mux_42_13_1_1     |        0|   0|  0|  20|    0|
    |mux_42_13_1_1_U101    |mux_42_13_1_1     |        0|   0|  0|  20|    0|
    |mux_42_13_1_1_U102    |mux_42_13_1_1     |        0|   0|  0|  20|    0|
    |mux_42_13_1_1_U103    |mux_42_13_1_1     |        0|   0|  0|  20|    0|
    |mux_42_13_1_1_U104    |mux_42_13_1_1     |        0|   0|  0|  20|    0|
    |mux_42_13_1_1_U105    |mux_42_13_1_1     |        0|   0|  0|  20|    0|
    |mux_42_13_1_1_U106    |mux_42_13_1_1     |        0|   0|  0|  20|    0|
    |mux_42_13_1_1_U107    |mux_42_13_1_1     |        0|   0|  0|  20|    0|
    |mux_42_13_1_1_U108    |mux_42_13_1_1     |        0|   0|  0|  20|    0|
    |mux_42_13_1_1_U109    |mux_42_13_1_1     |        0|   0|  0|  20|    0|
    |mux_42_13_1_1_U110    |mux_42_13_1_1     |        0|   0|  0|  20|    0|
    |mux_42_13_1_1_U111    |mux_42_13_1_1     |        0|   0|  0|  20|    0|
    |mux_42_13_1_1_U112    |mux_42_13_1_1     |        0|   0|  0|  20|    0|
    |mux_42_13_1_1_U113    |mux_42_13_1_1     |        0|   0|  0|  20|    0|
    |mux_42_13_1_1_U114    |mux_42_13_1_1     |        0|   0|  0|  20|    0|
    |mux_42_13_1_1_U115    |mux_42_13_1_1     |        0|   0|  0|  20|    0|
    |mux_42_13_1_1_U116    |mux_42_13_1_1     |        0|   0|  0|  20|    0|
    |mux_42_13_1_1_U117    |mux_42_13_1_1     |        0|   0|  0|  20|    0|
    |mux_42_13_1_1_U118    |mux_42_13_1_1     |        0|   0|  0|  20|    0|
    |mux_42_13_1_1_U119    |mux_42_13_1_1     |        0|   0|  0|  20|    0|
    |mux_42_13_1_1_U120    |mux_42_13_1_1     |        0|   0|  0|  20|    0|
    |mux_42_13_1_1_U121    |mux_42_13_1_1     |        0|   0|  0|  20|    0|
    |mux_42_13_1_1_U122    |mux_42_13_1_1     |        0|   0|  0|  20|    0|
    |mux_42_13_1_1_U123    |mux_42_13_1_1     |        0|   0|  0|  20|    0|
    |mux_42_13_1_1_U124    |mux_42_13_1_1     |        0|   0|  0|  20|    0|
    |mux_42_13_1_1_U125    |mux_42_13_1_1     |        0|   0|  0|  20|    0|
    |mux_42_13_1_1_U126    |mux_42_13_1_1     |        0|   0|  0|  20|    0|
    |mux_42_13_1_1_U127    |mux_42_13_1_1     |        0|   0|  0|  20|    0|
    |mux_42_13_1_1_U128    |mux_42_13_1_1     |        0|   0|  0|  20|    0|
    |mux_42_13_1_1_U129    |mux_42_13_1_1     |        0|   0|  0|  20|    0|
    |mux_42_13_1_1_U130    |mux_42_13_1_1     |        0|   0|  0|  20|    0|
    |mux_42_13_1_1_U131    |mux_42_13_1_1     |        0|   0|  0|  20|    0|
    |mux_42_13_1_1_U132    |mux_42_13_1_1     |        0|   0|  0|  20|    0|
    |mux_42_13_1_1_U133    |mux_42_13_1_1     |        0|   0|  0|  20|    0|
    |mux_42_13_1_1_U134    |mux_42_13_1_1     |        0|   0|  0|  20|    0|
    |mux_42_13_1_1_U135    |mux_42_13_1_1     |        0|   0|  0|  20|    0|
    |mux_42_13_1_1_U136    |mux_42_13_1_1     |        0|   0|  0|  20|    0|
    +----------------------+------------------+---------+----+---+----+-----+
    |Total                 |                  |        0|   0|  0|2880|    0|
    +----------------------+------------------+---------+----+---+----+-----+

    * DSP: 
    +----------------------------------+-----------------------------+--------------+
    |             Instance             |            Module           |  Expression  |
    +----------------------------------+-----------------------------+--------------+
    |mac_muladd_8s_4s_12s_13_4_1_U137  |mac_muladd_8s_4s_12s_13_4_1  |  i0 + i1 * i2|
    |mac_muladd_8s_4s_12s_13_4_1_U138  |mac_muladd_8s_4s_12s_13_4_1  |  i0 + i1 * i2|
    |mac_muladd_8s_4s_12s_13_4_1_U139  |mac_muladd_8s_4s_12s_13_4_1  |  i0 + i1 * i2|
    |mac_muladd_8s_4s_12s_13_4_1_U140  |mac_muladd_8s_4s_12s_13_4_1  |  i0 + i1 * i2|
    |mac_muladd_8s_4s_12s_13_4_1_U141  |mac_muladd_8s_4s_12s_13_4_1  |  i0 + i1 * i2|
    |mac_muladd_8s_4s_12s_13_4_1_U142  |mac_muladd_8s_4s_12s_13_4_1  |  i0 + i1 * i2|
    |mac_muladd_8s_4s_12s_13_4_1_U143  |mac_muladd_8s_4s_12s_13_4_1  |  i0 + i1 * i2|
    |mac_muladd_8s_4s_12s_13_4_1_U144  |mac_muladd_8s_4s_12s_13_4_1  |  i0 + i1 * i2|
    |mac_muladd_8s_4s_13s_13_4_1_U145  |mac_muladd_8s_4s_13s_13_4_1  |  i0 + i1 * i2|
    |mac_muladd_8s_4s_13s_13_4_1_U146  |mac_muladd_8s_4s_13s_13_4_1  |  i0 + i1 * i2|
    |mac_muladd_8s_4s_13s_13_4_1_U147  |mac_muladd_8s_4s_13s_13_4_1  |  i0 + i1 * i2|
    |mac_muladd_8s_4s_13s_13_4_1_U148  |mac_muladd_8s_4s_13s_13_4_1  |  i0 + i1 * i2|
    |mac_muladd_8s_4s_13s_13_4_1_U149  |mac_muladd_8s_4s_13s_13_4_1  |  i0 + i1 * i2|
    |mac_muladd_8s_4s_13s_13_4_1_U150  |mac_muladd_8s_4s_13s_13_4_1  |  i0 + i1 * i2|
    |mac_muladd_8s_4s_13s_13_4_1_U151  |mac_muladd_8s_4s_13s_13_4_1  |  i0 + i1 * i2|
    |mac_muladd_8s_4s_13s_13_4_1_U152  |mac_muladd_8s_4s_13s_13_4_1  |  i0 + i1 * i2|
    +----------------------------------+-----------------------------+--------------+

    * Memory: 
    N/A

    * FIFO: 
    N/A

    * Expression: 
    +----------------------------------+----------+----+---+----+------------+------------+
    |           Variable Name          | Operation| DSP| FF| LUT| Bitwidth P0| Bitwidth P1|
    +----------------------------------+----------+----+---+----+------------+------------+
    |add_ln840_100_fu_5277_p2          |         +|   0|  0|   2|           2|           2|
    |add_ln840_101_fu_5283_p2          |         +|   0|  0|   2|           2|           2|
    |add_ln840_102_fu_5293_p2          |         +|   0|  0|   9|           2|           2|
    |add_ln840_103_fu_5303_p2          |         +|   0|  0|   9|           2|           2|
    |add_ln840_104_fu_5313_p2          |         +|   0|  0|   4|           3|           3|
    |add_ln840_105_fu_5319_p2          |         +|   0|  0|   4|           3|           3|
    |add_ln840_106_fu_5329_p2          |         +|   0|  0|   9|           2|           2|
    |add_ln840_107_fu_5339_p2          |         +|   0|  0|   9|           2|           2|
    |add_ln840_108_fu_5349_p2          |         +|   0|  0|  10|           3|           3|
    |add_ln840_109_fu_5359_p2          |         +|   0|  0|   9|           2|           2|
    |add_ln840_110_fu_5369_p2          |         +|   0|  0|   9|           2|           2|
    |add_ln840_111_fu_5379_p2          |         +|   0|  0|  10|           3|           3|
    |add_ln840_112_fu_5389_p2          |         +|   0|  0|   7|           4|           4|
    |add_ln840_114_fu_5821_p2          |         +|   0|  0|   2|           2|           2|
    |add_ln840_115_fu_5827_p2          |         +|   0|  0|   2|           2|           2|
    |add_ln840_116_fu_5837_p2          |         +|   0|  0|   9|           2|           2|
    |add_ln840_117_fu_5847_p2          |         +|   0|  0|   9|           2|           2|
    |add_ln840_118_fu_5857_p2          |         +|   0|  0|   4|           3|           3|
    |add_ln840_119_fu_5863_p2          |         +|   0|  0|   4|           3|           3|
    |add_ln840_120_fu_5873_p2          |         +|   0|  0|   9|           2|           2|
    |add_ln840_121_fu_5883_p2          |         +|   0|  0|   9|           2|           2|
    |add_ln840_122_fu_5893_p2          |         +|   0|  0|  10|           3|           3|
    |add_ln840_123_fu_5903_p2          |         +|   0|  0|   9|           2|           2|
    |add_ln840_124_fu_5913_p2          |         +|   0|  0|   9|           2|           2|
    |add_ln840_125_fu_5923_p2          |         +|   0|  0|  10|           3|           3|
    |add_ln840_126_fu_5933_p2          |         +|   0|  0|   7|           4|           4|
    |add_ln840_16_fu_2013_p2           |         +|   0|  0|   2|           2|           2|
    |add_ln840_17_fu_2019_p2           |         +|   0|  0|   2|           2|           2|
    |add_ln840_18_fu_2029_p2           |         +|   0|  0|   9|           2|           2|
    |add_ln840_19_fu_2039_p2           |         +|   0|  0|   9|           2|           2|
    |add_ln840_20_fu_2049_p2           |         +|   0|  0|   4|           3|           3|
    |add_ln840_21_fu_2055_p2           |         +|   0|  0|   4|           3|           3|
    |add_ln840_22_fu_2065_p2           |         +|   0|  0|   9|           2|           2|
    |add_ln840_23_fu_2075_p2           |         +|   0|  0|   9|           2|           2|
    |add_ln840_24_fu_2085_p2           |         +|   0|  0|  10|           3|           3|
    |add_ln840_25_fu_2095_p2           |         +|   0|  0|   9|           2|           2|
    |add_ln840_26_fu_2105_p2           |         +|   0|  0|   9|           2|           2|
    |add_ln840_27_fu_2115_p2           |         +|   0|  0|  10|           3|           3|
    |add_ln840_28_fu_2125_p2           |         +|   0|  0|   7|           4|           4|
    |add_ln840_30_fu_2557_p2           |         +|   0|  0|   2|           2|           2|
    |add_ln840_31_fu_2563_p2           |         +|   0|  0|   2|           2|           2|
    |add_ln840_32_fu_2573_p2           |         +|   0|  0|   9|           2|           2|
    |add_ln840_33_fu_2583_p2           |         +|   0|  0|   9|           2|           2|
    |add_ln840_34_fu_2593_p2           |         +|   0|  0|   4|           3|           3|
    |add_ln840_35_fu_2599_p2           |         +|   0|  0|   4|           3|           3|
    |add_ln840_36_fu_2609_p2           |         +|   0|  0|   9|           2|           2|
    |add_ln840_37_fu_2619_p2           |         +|   0|  0|   9|           2|           2|
    |add_ln840_38_fu_2629_p2           |         +|   0|  0|  10|           3|           3|
    |add_ln840_39_fu_2639_p2           |         +|   0|  0|   9|           2|           2|
    |add_ln840_40_fu_2649_p2           |         +|   0|  0|   9|           2|           2|
    |add_ln840_41_fu_2659_p2           |         +|   0|  0|  10|           3|           3|
    |add_ln840_42_fu_2669_p2           |         +|   0|  0|   7|           4|           4|
    |add_ln840_44_fu_3101_p2           |         +|   0|  0|   2|           2|           2|
    |add_ln840_45_fu_3107_p2           |         +|   0|  0|   2|           2|           2|
    |add_ln840_46_fu_3117_p2           |         +|   0|  0|   9|           2|           2|
    |add_ln840_47_fu_3127_p2           |         +|   0|  0|   9|           2|           2|
    |add_ln840_48_fu_3137_p2           |         +|   0|  0|   4|           3|           3|
    |add_ln840_49_fu_3143_p2           |         +|   0|  0|   4|           3|           3|
    |add_ln840_50_fu_3153_p2           |         +|   0|  0|   9|           2|           2|
    |add_ln840_51_fu_3163_p2           |         +|   0|  0|   9|           2|           2|
    |add_ln840_52_fu_3173_p2           |         +|   0|  0|  10|           3|           3|
    |add_ln840_53_fu_3183_p2           |         +|   0|  0|   9|           2|           2|
    |add_ln840_54_fu_3193_p2           |         +|   0|  0|   9|           2|           2|
    |add_ln840_55_fu_3203_p2           |         +|   0|  0|  10|           3|           3|
    |add_ln840_56_fu_3213_p2           |         +|   0|  0|   7|           4|           4|
    |add_ln840_58_fu_3645_p2           |         +|   0|  0|   2|           2|           2|
    |add_ln840_59_fu_3651_p2           |         +|   0|  0|   2|           2|           2|
    |add_ln840_60_fu_3661_p2           |         +|   0|  0|   9|           2|           2|
    |add_ln840_61_fu_3671_p2           |         +|   0|  0|   9|           2|           2|
    |add_ln840_62_fu_3681_p2           |         +|   0|  0|   4|           3|           3|
    |add_ln840_63_fu_3687_p2           |         +|   0|  0|   4|           3|           3|
    |add_ln840_64_fu_3697_p2           |         +|   0|  0|   9|           2|           2|
    |add_ln840_65_fu_3707_p2           |         +|   0|  0|   9|           2|           2|
    |add_ln840_66_fu_3717_p2           |         +|   0|  0|  10|           3|           3|
    |add_ln840_67_fu_3727_p2           |         +|   0|  0|   9|           2|           2|
    |add_ln840_68_fu_3737_p2           |         +|   0|  0|   9|           2|           2|
    |add_ln840_69_fu_3747_p2           |         +|   0|  0|  10|           3|           3|
    |add_ln840_70_fu_3757_p2           |         +|   0|  0|   7|           4|           4|
    |add_ln840_72_fu_4189_p2           |         +|   0|  0|   2|           2|           2|
    |add_ln840_73_fu_4195_p2           |         +|   0|  0|   2|           2|           2|
    |add_ln840_74_fu_4205_p2           |         +|   0|  0|   9|           2|           2|
    |add_ln840_75_fu_4215_p2           |         +|   0|  0|   9|           2|           2|
    |add_ln840_76_fu_4225_p2           |         +|   0|  0|   4|           3|           3|
    |add_ln840_77_fu_4231_p2           |         +|   0|  0|   4|           3|           3|
    |add_ln840_78_fu_4241_p2           |         +|   0|  0|   9|           2|           2|
    |add_ln840_79_fu_4251_p2           |         +|   0|  0|   9|           2|           2|
    |add_ln840_80_fu_4261_p2           |         +|   0|  0|  10|           3|           3|
    |add_ln840_81_fu_4271_p2           |         +|   0|  0|   9|           2|           2|
    |add_ln840_82_fu_4281_p2           |         +|   0|  0|   9|           2|           2|
    |add_ln840_83_fu_4291_p2           |         +|   0|  0|  10|           3|           3|
    |add_ln840_84_fu_4301_p2           |         +|   0|  0|   7|           4|           4|
    |add_ln840_86_fu_4733_p2           |         +|   0|  0|   2|           2|           2|
    |add_ln840_87_fu_4739_p2           |         +|   0|  0|   2|           2|           2|
    |add_ln840_88_fu_4749_p2           |         +|   0|  0|   9|           2|           2|
    |add_ln840_89_fu_4759_p2           |         +|   0|  0|   9|           2|           2|
    |add_ln840_90_fu_4769_p2           |         +|   0|  0|   4|           3|           3|
    |add_ln840_91_fu_4775_p2           |         +|   0|  0|   4|           3|           3|
    |add_ln840_92_fu_4785_p2           |         +|   0|  0|   9|           2|           2|
    |add_ln840_93_fu_4795_p2           |         +|   0|  0|   9|           2|           2|
    |add_ln840_94_fu_4805_p2           |         +|   0|  0|  10|           3|           3|
    |add_ln840_95_fu_4815_p2           |         +|   0|  0|   9|           2|           2|
    |add_ln840_96_fu_4825_p2           |         +|   0|  0|   9|           2|           2|
    |add_ln840_97_fu_4835_p2           |         +|   0|  0|  10|           3|           3|
    |add_ln840_98_fu_4845_p2           |         +|   0|  0|   7|           4|           4|
    |i_2_fu_1016_p2                    |         +|   0|  0|  14|           7|           1|
    |nf_fu_1037_p2                     |         +|   0|  0|  39|          32|           1|
    |result_V_11_fu_4851_p2            |         +|   0|  0|   7|           4|           4|
    |result_V_13_fu_5395_p2            |         +|   0|  0|   7|           4|           4|
    |result_V_15_fu_5939_p2            |         +|   0|  0|   7|           4|           4|
    |result_V_1_fu_2131_p2             |         +|   0|  0|   7|           4|           4|
    |result_V_3_fu_2675_p2             |         +|   0|  0|   7|           4|           4|
    |result_V_5_fu_3219_p2             |         +|   0|  0|   7|           4|           4|
    |result_V_7_fu_3763_p2             |         +|   0|  0|   7|           4|           4|
    |result_V_9_fu_4307_p2             |         +|   0|  0|   7|           4|           4|
    |tile_1_fu_1441_p2                 |         +|   0|  0|  39|          32|           1|
    |ap_block_state3_pp0_stage0_iter2  |       and|   0|  0|   2|           1|           1|
    |ap_block_state4_pp0_stage0_iter3  |       and|   0|  0|   2|           1|           1|
    |ap_block_state5_pp0_stage0_iter4  |       and|   0|  0|   2|           1|           1|
    |ap_block_state6_io                |       and|   0|  0|   2|           1|           1|
    |ap_condition_4156                 |       and|   0|  0|   2|           1|           1|
    |ap_predicate_op29_read_state1     |       and|   0|  0|   2|           1|           1|
    |icmp_ln1039_100_fu_5150_p2        |      icmp|   0|  0|  12|          13|          13|
    |icmp_ln1039_101_fu_5178_p2        |      icmp|   0|  0|  12|          13|          13|
    |icmp_ln1039_102_fu_5206_p2        |      icmp|   0|  0|  12|          13|          13|
    |icmp_ln1039_103_fu_5234_p2        |      icmp|   0|  0|  12|          13|          13|
    |icmp_ln1039_104_fu_5262_p2        |      icmp|   0|  0|  12|          13|          13|
    |icmp_ln1039_105_fu_5414_p2        |      icmp|   0|  0|  12|          13|          13|
    |icmp_ln1039_106_fu_5442_p2        |      icmp|   0|  0|  12|          13|          13|
    |icmp_ln1039_107_fu_5470_p2        |      icmp|   0|  0|  12|          13|          13|
    |icmp_ln1039_108_fu_5498_p2        |      icmp|   0|  0|  12|          13|          13|
    |icmp_ln1039_109_fu_5526_p2        |      icmp|   0|  0|  12|          13|          13|
    |icmp_ln1039_10_fu_1886_p2         |      icmp|   0|  0|  12|          13|          13|
    |icmp_ln1039_110_fu_5554_p2        |      icmp|   0|  0|  12|          13|          13|
    |icmp_ln1039_111_fu_5582_p2        |      icmp|   0|  0|  12|          13|          13|
    |icmp_ln1039_112_fu_5610_p2        |      icmp|   0|  0|  12|          13|          13|
    |icmp_ln1039_113_fu_5638_p2        |      icmp|   0|  0|  12|          13|          13|
    |icmp_ln1039_114_fu_5666_p2        |      icmp|   0|  0|  12|          13|          13|
    |icmp_ln1039_115_fu_5694_p2        |      icmp|   0|  0|  12|          13|          13|
    |icmp_ln1039_116_fu_5722_p2        |      icmp|   0|  0|  12|          13|          13|
    |icmp_ln1039_117_fu_5750_p2        |      icmp|   0|  0|  12|          13|          13|
    |icmp_ln1039_118_fu_5778_p2        |      icmp|   0|  0|  12|          13|          13|
    |icmp_ln1039_119_fu_5806_p2        |      icmp|   0|  0|  12|          13|          13|
    |icmp_ln1039_11_fu_1914_p2         |      icmp|   0|  0|  12|          13|          13|
    |icmp_ln1039_12_fu_1942_p2         |      icmp|   0|  0|  12|          13|          13|
    |icmp_ln1039_13_fu_1970_p2         |      icmp|   0|  0|  12|          13|          13|
    |icmp_ln1039_14_fu_1998_p2         |      icmp|   0|  0|  12|          13|          13|
    |icmp_ln1039_15_fu_2150_p2         |      icmp|   0|  0|  12|          13|          13|
    |icmp_ln1039_16_fu_2178_p2         |      icmp|   0|  0|  12|          13|          13|
    |icmp_ln1039_17_fu_2206_p2         |      icmp|   0|  0|  12|          13|          13|
    |icmp_ln1039_18_fu_2234_p2         |      icmp|   0|  0|  12|          13|          13|
    |icmp_ln1039_19_fu_2262_p2         |      icmp|   0|  0|  12|          13|          13|
    |icmp_ln1039_1_fu_1634_p2          |      icmp|   0|  0|  12|          13|          13|
    |icmp_ln1039_20_fu_2290_p2         |      icmp|   0|  0|  12|          13|          13|
    |icmp_ln1039_21_fu_2318_p2         |      icmp|   0|  0|  12|          13|          13|
    |icmp_ln1039_22_fu_2346_p2         |      icmp|   0|  0|  12|          13|          13|
    |icmp_ln1039_23_fu_2374_p2         |      icmp|   0|  0|  12|          13|          13|
    |icmp_ln1039_24_fu_2402_p2         |      icmp|   0|  0|  12|          13|          13|
    |icmp_ln1039_25_fu_2430_p2         |      icmp|   0|  0|  12|          13|          13|
    |icmp_ln1039_26_fu_2458_p2         |      icmp|   0|  0|  12|          13|          13|
    |icmp_ln1039_27_fu_2486_p2         |      icmp|   0|  0|  12|          13|          13|
    |icmp_ln1039_28_fu_2514_p2         |      icmp|   0|  0|  12|          13|          13|
    |icmp_ln1039_29_fu_2542_p2         |      icmp|   0|  0|  12|          13|          13|
    |icmp_ln1039_2_fu_1662_p2          |      icmp|   0|  0|  12|          13|          13|
    |icmp_ln1039_30_fu_2694_p2         |      icmp|   0|  0|  12|          13|          13|
    |icmp_ln1039_31_fu_2722_p2         |      icmp|   0|  0|  12|          13|          13|
    |icmp_ln1039_32_fu_2750_p2         |      icmp|   0|  0|  12|          13|          13|
    |icmp_ln1039_33_fu_2778_p2         |      icmp|   0|  0|  12|          13|          13|
    |icmp_ln1039_34_fu_2806_p2         |      icmp|   0|  0|  12|          13|          13|
    |icmp_ln1039_35_fu_2834_p2         |      icmp|   0|  0|  12|          13|          13|
    |icmp_ln1039_36_fu_2862_p2         |      icmp|   0|  0|  12|          13|          13|
    |icmp_ln1039_37_fu_2890_p2         |      icmp|   0|  0|  12|          13|          13|
    |icmp_ln1039_38_fu_2918_p2         |      icmp|   0|  0|  12|          13|          13|
    |icmp_ln1039_39_fu_2946_p2         |      icmp|   0|  0|  12|          13|          13|
    |icmp_ln1039_3_fu_1690_p2          |      icmp|   0|  0|  12|          13|          13|
    |icmp_ln1039_40_fu_2974_p2         |      icmp|   0|  0|  12|          13|          13|
    |icmp_ln1039_41_fu_3002_p2         |      icmp|   0|  0|  12|          13|          13|
    |icmp_ln1039_42_fu_3030_p2         |      icmp|   0|  0|  12|          13|          13|
    |icmp_ln1039_43_fu_3058_p2         |      icmp|   0|  0|  12|          13|          13|
    |icmp_ln1039_44_fu_3086_p2         |      icmp|   0|  0|  12|          13|          13|
    |icmp_ln1039_45_fu_3238_p2         |      icmp|   0|  0|  12|          13|          13|
    |icmp_ln1039_46_fu_3266_p2         |      icmp|   0|  0|  12|          13|          13|
    |icmp_ln1039_47_fu_3294_p2         |      icmp|   0|  0|  12|          13|          13|
    |icmp_ln1039_48_fu_3322_p2         |      icmp|   0|  0|  12|          13|          13|
    |icmp_ln1039_49_fu_3350_p2         |      icmp|   0|  0|  12|          13|          13|
    |icmp_ln1039_4_fu_1718_p2          |      icmp|   0|  0|  12|          13|          13|
    |icmp_ln1039_50_fu_3378_p2         |      icmp|   0|  0|  12|          13|          13|
    |icmp_ln1039_51_fu_3406_p2         |      icmp|   0|  0|  12|          13|          13|
    |icmp_ln1039_52_fu_3434_p2         |      icmp|   0|  0|  12|          13|          13|
    |icmp_ln1039_53_fu_3462_p2         |      icmp|   0|  0|  12|          13|          13|
    |icmp_ln1039_54_fu_3490_p2         |      icmp|   0|  0|  12|          13|          13|
    |icmp_ln1039_55_fu_3518_p2         |      icmp|   0|  0|  12|          13|          13|
    |icmp_ln1039_56_fu_3546_p2         |      icmp|   0|  0|  12|          13|          13|
    |icmp_ln1039_57_fu_3574_p2         |      icmp|   0|  0|  12|          13|          13|
    |icmp_ln1039_58_fu_3602_p2         |      icmp|   0|  0|  12|          13|          13|
    |icmp_ln1039_59_fu_3630_p2         |      icmp|   0|  0|  12|          13|          13|
    |icmp_ln1039_5_fu_1746_p2          |      icmp|   0|  0|  12|          13|          13|
    |icmp_ln1039_60_fu_3782_p2         |      icmp|   0|  0|  12|          13|          13|
    |icmp_ln1039_61_fu_3810_p2         |      icmp|   0|  0|  12|          13|          13|
    |icmp_ln1039_62_fu_3838_p2         |      icmp|   0|  0|  12|          13|          13|
    |icmp_ln1039_63_fu_3866_p2         |      icmp|   0|  0|  12|          13|          13|
    |icmp_ln1039_64_fu_3894_p2         |      icmp|   0|  0|  12|          13|          13|
    |icmp_ln1039_65_fu_3922_p2         |      icmp|   0|  0|  12|          13|          13|
    |icmp_ln1039_66_fu_3950_p2         |      icmp|   0|  0|  12|          13|          13|
    |icmp_ln1039_67_fu_3978_p2         |      icmp|   0|  0|  12|          13|          13|
    |icmp_ln1039_68_fu_4006_p2         |      icmp|   0|  0|  12|          13|          13|
    |icmp_ln1039_69_fu_4034_p2         |      icmp|   0|  0|  12|          13|          13|
    |icmp_ln1039_6_fu_1774_p2          |      icmp|   0|  0|  12|          13|          13|
    |icmp_ln1039_70_fu_4062_p2         |      icmp|   0|  0|  12|          13|          13|
    |icmp_ln1039_71_fu_4090_p2         |      icmp|   0|  0|  12|          13|          13|
    |icmp_ln1039_72_fu_4118_p2         |      icmp|   0|  0|  12|          13|          13|
    |icmp_ln1039_73_fu_4146_p2         |      icmp|   0|  0|  12|          13|          13|
    |icmp_ln1039_74_fu_4174_p2         |      icmp|   0|  0|  12|          13|          13|
    |icmp_ln1039_75_fu_4326_p2         |      icmp|   0|  0|  12|          13|          13|
    |icmp_ln1039_76_fu_4354_p2         |      icmp|   0|  0|  12|          13|          13|
    |icmp_ln1039_77_fu_4382_p2         |      icmp|   0|  0|  12|          13|          13|
    |icmp_ln1039_78_fu_4410_p2         |      icmp|   0|  0|  12|          13|          13|
    |icmp_ln1039_79_fu_4438_p2         |      icmp|   0|  0|  12|          13|          13|
    |icmp_ln1039_7_fu_1802_p2          |      icmp|   0|  0|  12|          13|          13|
    |icmp_ln1039_80_fu_4466_p2         |      icmp|   0|  0|  12|          13|          13|
    |icmp_ln1039_81_fu_4494_p2         |      icmp|   0|  0|  12|          13|          13|
    |icmp_ln1039_82_fu_4522_p2         |      icmp|   0|  0|  12|          13|          13|
    |icmp_ln1039_83_fu_4550_p2         |      icmp|   0|  0|  12|          13|          13|
    |icmp_ln1039_84_fu_4578_p2         |      icmp|   0|  0|  12|          13|          13|
    |icmp_ln1039_85_fu_4606_p2         |      icmp|   0|  0|  12|          13|          13|
    |icmp_ln1039_86_fu_4634_p2         |      icmp|   0|  0|  12|          13|          13|
    |icmp_ln1039_87_fu_4662_p2         |      icmp|   0|  0|  12|          13|          13|
    |icmp_ln1039_88_fu_4690_p2         |      icmp|   0|  0|  12|          13|          13|
    |icmp_ln1039_89_fu_4718_p2         |      icmp|   0|  0|  12|          13|          13|
    |icmp_ln1039_8_fu_1830_p2          |      icmp|   0|  0|  12|          13|          13|
    |icmp_ln1039_90_fu_4870_p2         |      icmp|   0|  0|  12|          13|          13|
    |icmp_ln1039_91_fu_4898_p2         |      icmp|   0|  0|  12|          13|          13|
    |icmp_ln1039_92_fu_4926_p2         |      icmp|   0|  0|  12|          13|          13|
    |icmp_ln1039_93_fu_4954_p2         |      icmp|   0|  0|  12|          13|          13|
    |icmp_ln1039_94_fu_4982_p2         |      icmp|   0|  0|  12|          13|          13|
    |icmp_ln1039_95_fu_5010_p2         |      icmp|   0|  0|  12|          13|          13|
    |icmp_ln1039_96_fu_5038_p2         |      icmp|   0|  0|  12|          13|          13|
    |icmp_ln1039_97_fu_5066_p2         |      icmp|   0|  0|  12|          13|          13|
    |icmp_ln1039_98_fu_5094_p2         |      icmp|   0|  0|  12|          13|          13|
    |icmp_ln1039_99_fu_5122_p2         |      icmp|   0|  0|  12|          13|          13|
    |icmp_ln1039_9_fu_1858_p2          |      icmp|   0|  0|  12|          13|          13|
    |icmp_ln1039_fu_1606_p2            |      icmp|   0|  0|  12|          13|          13|
    |icmp_ln123_fu_1010_p2             |      icmp|   0|  0|  10|           7|           5|
    |icmp_ln126_fu_1022_p2             |      icmp|   0|  0|  20|          32|           1|
    |icmp_ln174_fu_1043_p2             |      icmp|   0|  0|  20|          32|           3|
    |ap_block_state1_pp0_stage0_iter0  |        or|   0|  0|   2|           1|           1|
    |nf_4_fu_1049_p3                   |    select|   0|  0|  32|           1|           1|
    |tile_2_fu_1447_p3                 |    select|   0|  0|  32|           1|           1|
    |result_V_10_fu_4331_p2            |       xor|   0|  0|   2|           1|           2|
    |result_V_12_fu_4875_p2            |       xor|   0|  0|   2|           1|           2|
    |result_V_14_fu_5419_p2            |       xor|   0|  0|   2|           1|           2|
    |result_V_2_fu_2155_p2             |       xor|   0|  0|   2|           1|           2|
    |result_V_4_fu_2699_p2             |       xor|   0|  0|   2|           1|           2|
    |result_V_6_fu_3243_p2             |       xor|   0|  0|   2|           1|           2|
    |result_V_8_fu_3787_p2             |       xor|   0|  0|   2|           1|           2|
    |result_V_fu_1611_p2               |       xor|   0|  0|   2|           1|           2|
    |xor_ln1039_100_fu_5183_p2         |       xor|   0|  0|   2|           1|           2|
    |xor_ln1039_101_fu_5211_p2         |       xor|   0|  0|   2|           1|           2|
    |xor_ln1039_102_fu_5239_p2         |       xor|   0|  0|   2|           1|           2|
    |xor_ln1039_103_fu_5267_p2         |       xor|   0|  0|   2|           1|           2|
    |xor_ln1039_105_fu_5447_p2         |       xor|   0|  0|   2|           1|           2|
    |xor_ln1039_106_fu_5475_p2         |       xor|   0|  0|   2|           1|           2|
    |xor_ln1039_107_fu_5503_p2         |       xor|   0|  0|   2|           1|           2|
    |xor_ln1039_108_fu_5531_p2         |       xor|   0|  0|   2|           1|           2|
    |xor_ln1039_109_fu_5559_p2         |       xor|   0|  0|   2|           1|           2|
    |xor_ln1039_10_fu_1919_p2          |       xor|   0|  0|   2|           1|           2|
    |xor_ln1039_110_fu_5587_p2         |       xor|   0|  0|   2|           1|           2|
    |xor_ln1039_111_fu_5615_p2         |       xor|   0|  0|   2|           1|           2|
    |xor_ln1039_112_fu_5643_p2         |       xor|   0|  0|   2|           1|           2|
    |xor_ln1039_113_fu_5671_p2         |       xor|   0|  0|   2|           1|           2|
    |xor_ln1039_114_fu_5699_p2         |       xor|   0|  0|   2|           1|           2|
    |xor_ln1039_115_fu_5727_p2         |       xor|   0|  0|   2|           1|           2|
    |xor_ln1039_116_fu_5755_p2         |       xor|   0|  0|   2|           1|           2|
    |xor_ln1039_117_fu_5783_p2         |       xor|   0|  0|   2|           1|           2|
    |xor_ln1039_118_fu_5811_p2         |       xor|   0|  0|   2|           1|           2|
    |xor_ln1039_11_fu_1947_p2          |       xor|   0|  0|   2|           1|           2|
    |xor_ln1039_12_fu_1975_p2          |       xor|   0|  0|   2|           1|           2|
    |xor_ln1039_13_fu_2003_p2          |       xor|   0|  0|   2|           1|           2|
    |xor_ln1039_15_fu_2183_p2          |       xor|   0|  0|   2|           1|           2|
    |xor_ln1039_16_fu_2211_p2          |       xor|   0|  0|   2|           1|           2|
    |xor_ln1039_17_fu_2239_p2          |       xor|   0|  0|   2|           1|           2|
    |xor_ln1039_18_fu_2267_p2          |       xor|   0|  0|   2|           1|           2|
    |xor_ln1039_19_fu_2295_p2          |       xor|   0|  0|   2|           1|           2|
    |xor_ln1039_1_fu_1667_p2           |       xor|   0|  0|   2|           1|           2|
    |xor_ln1039_20_fu_2323_p2          |       xor|   0|  0|   2|           1|           2|
    |xor_ln1039_21_fu_2351_p2          |       xor|   0|  0|   2|           1|           2|
    |xor_ln1039_22_fu_2379_p2          |       xor|   0|  0|   2|           1|           2|
    |xor_ln1039_23_fu_2407_p2          |       xor|   0|  0|   2|           1|           2|
    |xor_ln1039_24_fu_2435_p2          |       xor|   0|  0|   2|           1|           2|
    |xor_ln1039_25_fu_2463_p2          |       xor|   0|  0|   2|           1|           2|
    |xor_ln1039_26_fu_2491_p2          |       xor|   0|  0|   2|           1|           2|
    |xor_ln1039_27_fu_2519_p2          |       xor|   0|  0|   2|           1|           2|
    |xor_ln1039_28_fu_2547_p2          |       xor|   0|  0|   2|           1|           2|
    |xor_ln1039_2_fu_1695_p2           |       xor|   0|  0|   2|           1|           2|
    |xor_ln1039_30_fu_2727_p2          |       xor|   0|  0|   2|           1|           2|
    |xor_ln1039_31_fu_2755_p2          |       xor|   0|  0|   2|           1|           2|
    |xor_ln1039_32_fu_2783_p2          |       xor|   0|  0|   2|           1|           2|
    |xor_ln1039_33_fu_2811_p2          |       xor|   0|  0|   2|           1|           2|
    |xor_ln1039_34_fu_2839_p2          |       xor|   0|  0|   2|           1|           2|
    |xor_ln1039_35_fu_2867_p2          |       xor|   0|  0|   2|           1|           2|
    |xor_ln1039_36_fu_2895_p2          |       xor|   0|  0|   2|           1|           2|
    |xor_ln1039_37_fu_2923_p2          |       xor|   0|  0|   2|           1|           2|
    |xor_ln1039_38_fu_2951_p2          |       xor|   0|  0|   2|           1|           2|
    |xor_ln1039_39_fu_2979_p2          |       xor|   0|  0|   2|           1|           2|
    |xor_ln1039_3_fu_1723_p2           |       xor|   0|  0|   2|           1|           2|
    |xor_ln1039_40_fu_3007_p2          |       xor|   0|  0|   2|           1|           2|
    |xor_ln1039_41_fu_3035_p2          |       xor|   0|  0|   2|           1|           2|
    |xor_ln1039_42_fu_3063_p2          |       xor|   0|  0|   2|           1|           2|
    |xor_ln1039_43_fu_3091_p2          |       xor|   0|  0|   2|           1|           2|
    |xor_ln1039_45_fu_3271_p2          |       xor|   0|  0|   2|           1|           2|
    |xor_ln1039_46_fu_3299_p2          |       xor|   0|  0|   2|           1|           2|
    |xor_ln1039_47_fu_3327_p2          |       xor|   0|  0|   2|           1|           2|
    |xor_ln1039_48_fu_3355_p2          |       xor|   0|  0|   2|           1|           2|
    |xor_ln1039_49_fu_3383_p2          |       xor|   0|  0|   2|           1|           2|
    |xor_ln1039_4_fu_1751_p2           |       xor|   0|  0|   2|           1|           2|
    |xor_ln1039_50_fu_3411_p2          |       xor|   0|  0|   2|           1|           2|
    |xor_ln1039_51_fu_3439_p2          |       xor|   0|  0|   2|           1|           2|
    |xor_ln1039_52_fu_3467_p2          |       xor|   0|  0|   2|           1|           2|
    |xor_ln1039_53_fu_3495_p2          |       xor|   0|  0|   2|           1|           2|
    |xor_ln1039_54_fu_3523_p2          |       xor|   0|  0|   2|           1|           2|
    |xor_ln1039_55_fu_3551_p2          |       xor|   0|  0|   2|           1|           2|
    |xor_ln1039_56_fu_3579_p2          |       xor|   0|  0|   2|           1|           2|
    |xor_ln1039_57_fu_3607_p2          |       xor|   0|  0|   2|           1|           2|
    |xor_ln1039_58_fu_3635_p2          |       xor|   0|  0|   2|           1|           2|
    |xor_ln1039_5_fu_1779_p2           |       xor|   0|  0|   2|           1|           2|
    |xor_ln1039_60_fu_3815_p2          |       xor|   0|  0|   2|           1|           2|
    |xor_ln1039_61_fu_3843_p2          |       xor|   0|  0|   2|           1|           2|
    |xor_ln1039_62_fu_3871_p2          |       xor|   0|  0|   2|           1|           2|
    |xor_ln1039_63_fu_3899_p2          |       xor|   0|  0|   2|           1|           2|
    |xor_ln1039_64_fu_3927_p2          |       xor|   0|  0|   2|           1|           2|
    |xor_ln1039_65_fu_3955_p2          |       xor|   0|  0|   2|           1|           2|
    |xor_ln1039_66_fu_3983_p2          |       xor|   0|  0|   2|           1|           2|
    |xor_ln1039_67_fu_4011_p2          |       xor|   0|  0|   2|           1|           2|
    |xor_ln1039_68_fu_4039_p2          |       xor|   0|  0|   2|           1|           2|
    |xor_ln1039_69_fu_4067_p2          |       xor|   0|  0|   2|           1|           2|
    |xor_ln1039_6_fu_1807_p2           |       xor|   0|  0|   2|           1|           2|
    |xor_ln1039_70_fu_4095_p2          |       xor|   0|  0|   2|           1|           2|
    |xor_ln1039_71_fu_4123_p2          |       xor|   0|  0|   2|           1|           2|
    |xor_ln1039_72_fu_4151_p2          |       xor|   0|  0|   2|           1|           2|
    |xor_ln1039_73_fu_4179_p2          |       xor|   0|  0|   2|           1|           2|
    |xor_ln1039_75_fu_4359_p2          |       xor|   0|  0|   2|           1|           2|
    |xor_ln1039_76_fu_4387_p2          |       xor|   0|  0|   2|           1|           2|
    |xor_ln1039_77_fu_4415_p2          |       xor|   0|  0|   2|           1|           2|
    |xor_ln1039_78_fu_4443_p2          |       xor|   0|  0|   2|           1|           2|
    |xor_ln1039_79_fu_4471_p2          |       xor|   0|  0|   2|           1|           2|
    |xor_ln1039_7_fu_1835_p2           |       xor|   0|  0|   2|           1|           2|
    |xor_ln1039_80_fu_4499_p2          |       xor|   0|  0|   2|           1|           2|
    |xor_ln1039_81_fu_4527_p2          |       xor|   0|  0|   2|           1|           2|
    |xor_ln1039_82_fu_4555_p2          |       xor|   0|  0|   2|           1|           2|
    |xor_ln1039_83_fu_4583_p2          |       xor|   0|  0|   2|           1|           2|
    |xor_ln1039_84_fu_4611_p2          |       xor|   0|  0|   2|           1|           2|
    |xor_ln1039_85_fu_4639_p2          |       xor|   0|  0|   2|           1|           2|
    |xor_ln1039_86_fu_4667_p2          |       xor|   0|  0|   2|           1|           2|
    |xor_ln1039_87_fu_4695_p2          |       xor|   0|  0|   2|           1|           2|
    |xor_ln1039_88_fu_4723_p2          |       xor|   0|  0|   2|           1|           2|
    |xor_ln1039_8_fu_1863_p2           |       xor|   0|  0|   2|           1|           2|
    |xor_ln1039_90_fu_4903_p2          |       xor|   0|  0|   2|           1|           2|
    |xor_ln1039_91_fu_4931_p2          |       xor|   0|  0|   2|           1|           2|
    |xor_ln1039_92_fu_4959_p2          |       xor|   0|  0|   2|           1|           2|
    |xor_ln1039_93_fu_4987_p2          |       xor|   0|  0|   2|           1|           2|
    |xor_ln1039_94_fu_5015_p2          |       xor|   0|  0|   2|           1|           2|
    |xor_ln1039_95_fu_5043_p2          |       xor|   0|  0|   2|           1|           2|
    |xor_ln1039_96_fu_5071_p2          |       xor|   0|  0|   2|           1|           2|
    |xor_ln1039_97_fu_5099_p2          |       xor|   0|  0|   2|           1|           2|
    |xor_ln1039_98_fu_5127_p2          |       xor|   0|  0|   2|           1|           2|
    |xor_ln1039_99_fu_5155_p2          |       xor|   0|  0|   2|           1|           2|
    |xor_ln1039_9_fu_1891_p2           |       xor|   0|  0|   2|           1|           2|
    |xor_ln1039_fu_1639_p2             |       xor|   0|  0|   2|           1|           2|
    +----------------------------------+----------+----+---+----+------------+------------+
    |Total                             |          |   0|  0|2700|        2119|        2109|
    +----------------------------------+----------+----+---+----+------------+------------+

    * Multiplexer: 
    +----------------------------------+----+-----------+-----+-----------+
    |               Name               | LUT| Input Size| Bits| Total Bits|
    +----------------------------------+----+-----------+-----+-----------+
    |ap_NS_iter1_fsm                   |  14|          3|    2|          6|
    |ap_NS_iter2_fsm                   |  14|          3|    2|          6|
    |ap_NS_iter3_fsm                   |  14|          3|    2|          6|
    |ap_NS_iter4_fsm                   |  14|          3|    2|          6|
    |ap_NS_iter5_fsm                   |  14|          3|    2|          6|
    |ap_done_int                       |   9|          2|    1|          2|
    |ap_loop_exit_ready_pp0_iter5_reg  |   9|          2|    1|          2|
    |ap_sig_allocacmp_i_1              |   9|          2|    7|         14|
    |ap_sig_allocacmp_nf_3             |   9|          2|   32|         64|
    |i_fu_968                          |   9|          2|    7|         14|
    |in0_V_TDATA_blk_n                 |   9|          2|    1|          2|
    |nf_1_fu_964                       |   9|          2|   32|         64|
    |out_V_TDATA_blk_n                 |   9|          2|    1|          2|
    |tile_fu_960                       |   9|          2|   32|         64|
    +----------------------------------+----+-----------+-----+-----------+
    |Total                             | 151|         33|  124|        258|
    +----------------------------------+----+-----------+-----+-----------+

    * Register: 
    +----------------------------------------+----+----+-----+-----------+
    |                  Name                  | FF | LUT| Bits| Const Bits|
    +----------------------------------------+----+----+-----+-----------+
    |ap_CS_iter0_fsm                         |   1|   0|    1|          0|
    |ap_CS_iter1_fsm                         |   2|   0|    2|          0|
    |ap_CS_iter2_fsm                         |   2|   0|    2|          0|
    |ap_CS_iter3_fsm                         |   2|   0|    2|          0|
    |ap_CS_iter4_fsm                         |   2|   0|    2|          0|
    |ap_CS_iter5_fsm                         |   2|   0|    2|          0|
    |ap_done_reg                             |   1|   0|    1|          0|
    |ap_loop_exit_ready_pp0_iter1_reg        |   1|   0|    1|          0|
    |ap_loop_exit_ready_pp0_iter2_reg        |   1|   0|    1|          0|
    |ap_loop_exit_ready_pp0_iter3_reg        |   1|   0|    1|          0|
    |ap_loop_exit_ready_pp0_iter4_reg        |   1|   0|    1|          0|
    |ap_loop_exit_ready_pp0_iter5_reg        |   1|   0|    1|          0|
    |i_fu_968                                |   7|   0|    7|          0|
    |icmp_ln123_reg_6241                     |   1|   0|    1|          0|
    |icmp_ln123_reg_6241_pp0_iter1_reg       |   1|   0|    1|          0|
    |icmp_ln123_reg_6241_pp0_iter2_reg       |   1|   0|    1|          0|
    |icmp_ln123_reg_6241_pp0_iter3_reg       |   1|   0|    1|          0|
    |icmp_ln123_reg_6241_pp0_iter4_reg       |   1|   0|    1|          0|
    |icmp_ln174_reg_6372                     |   1|   0|    1|          0|
    |local_temp_V_11_reg_6459                |   4|   0|    4|          0|
    |local_temp_V_11_reg_6459_pp0_iter2_reg  |   4|   0|    4|          0|
    |local_temp_V_12_reg_6464                |   4|   0|    4|          0|
    |local_temp_V_14_reg_6474                |   4|   0|    4|          0|
    |local_temp_V_14_reg_6474_pp0_iter2_reg  |   4|   0|    4|          0|
    |local_temp_V_15_reg_6479                |   4|   0|    4|          0|
    |local_temp_V_17_reg_6489                |   4|   0|    4|          0|
    |local_temp_V_17_reg_6489_pp0_iter2_reg  |   4|   0|    4|          0|
    |local_temp_V_18_reg_6494                |   4|   0|    4|          0|
    |local_temp_V_20_reg_6504                |   4|   0|    4|          0|
    |local_temp_V_20_reg_6504_pp0_iter2_reg  |   4|   0|    4|          0|
    |local_temp_V_21_reg_6509                |   4|   0|    4|          0|
    |local_temp_V_23_reg_6377                |   4|   0|    4|          0|
    |local_temp_V_23_reg_6377_pp0_iter2_reg  |   4|   0|    4|          0|
    |local_temp_V_24_reg_6382                |   4|   0|    4|          0|
    |local_temp_V_3_reg_6419                 |   4|   0|    4|          0|
    |local_temp_V_5_reg_6429                 |   4|   0|    4|          0|
    |local_temp_V_5_reg_6429_pp0_iter2_reg   |   4|   0|    4|          0|
    |local_temp_V_6_reg_6434                 |   4|   0|    4|          0|
    |local_temp_V_8_reg_6444                 |   4|   0|    4|          0|
    |local_temp_V_8_reg_6444_pp0_iter2_reg   |   4|   0|    4|          0|
    |local_temp_V_9_reg_6449                 |   4|   0|    4|          0|
    |local_temp_V_reg_6414                   |   4|   0|    4|          0|
    |local_temp_V_reg_6414_pp0_iter2_reg     |   4|   0|    4|          0|
    |nf_1_fu_964                             |  32|   0|   32|          0|
    |p_Val2_1_fu_972                         |  24|   0|   24|          0|
    |r_V_1_reg_6392                          |   8|   0|    8|          0|
    |r_V_reg_6387                            |   8|   0|    8|          0|
    |r_V_reg_6387_pp0_iter2_reg              |   8|   0|    8|          0|
    |tile_fu_960                             |  32|   0|   32|          0|
    |trunc_ln218_reg_6248                    |   2|   0|    2|          0|
    |trunc_ln218_reg_6248_pp0_iter1_reg      |   2|   0|    2|          0|
    |trunc_ln218_reg_6248_pp0_iter2_reg      |   2|   0|    2|          0|
    |trunc_ln218_reg_6248_pp0_iter3_reg      |   2|   0|    2|          0|
    |trunc_ln218_reg_6248_pp0_iter4_reg      |   2|   0|    2|          0|
    +----------------------------------------+----+----+-----+-----------+
    |Total                                   | 248|   0|  248|          0|
    +----------------------------------------+----+----+-----+-----------+



================================================================
== Interface
================================================================
* Summary: 
+--------------+-----+-----+------------+------------------------------+--------------+
|   RTL Ports  | Dir | Bits|  Protocol  |         Source Object        |    C Type    |
+--------------+-----+-----+------------+------------------------------+--------------+
|ap_clk        |   in|    1|  ap_ctrl_hs|  Matrix_Vector_Activate_Batch|  return value|
|ap_rst        |   in|    1|  ap_ctrl_hs|  Matrix_Vector_Activate_Batch|  return value|
|ap_start      |   in|    1|  ap_ctrl_hs|  Matrix_Vector_Activate_Batch|  return value|
|ap_done       |  out|    1|  ap_ctrl_hs|  Matrix_Vector_Activate_Batch|  return value|
|ap_idle       |  out|    1|  ap_ctrl_hs|  Matrix_Vector_Activate_Batch|  return value|
|ap_ready      |  out|    1|  ap_ctrl_hs|  Matrix_Vector_Activate_Batch|  return value|
|in0_V_TVALID  |   in|    1|        axis|                         in0_V|       pointer|
|in0_V_TDATA   |   in|   24|        axis|                         in0_V|       pointer|
|in0_V_TREADY  |  out|    1|        axis|                         in0_V|       pointer|
|out_V_TREADY  |   in|    1|        axis|                         out_V|       pointer|
|out_V_TDATA   |  out|   32|        axis|                         out_V|       pointer|
|out_V_TVALID  |  out|    1|        axis|                         out_V|       pointer|
+--------------+-----+-----+------------+------------------------------+--------------+

