

================================================================
== Vitis HLS Report for 'MVAU_hls_0'
================================================================
* Date:           Wed Oct 22 12:30:23 2025

* Version:        2022.2 (Build 3670227 on Oct 13 2022)
* Project:        project_MVAU_hls_0
* Solution:       sol1 (Vivado IP Flow Target)
* Product family: zynquplus
* Target device:  xczu7ev-ffvc1156-2-e


================================================================
== Performance Estimates
================================================================
+ Timing: 
    * Summary: 
    +--------+----------+----------+------------+
    |  Clock |  Target  | Estimated| Uncertainty|
    +--------+----------+----------+------------+
    |ap_clk  |  10.00 ns|  3.217 ns|     2.70 ns|
    +--------+----------+----------+------------+

+ Latency: 
    * Summary: 
    +---------+---------+----------+----------+-----+-----+---------+
    |  Latency (cycles) |  Latency (absolute) |  Interval | Pipeline|
    |   min   |   max   |    min   |    max   | min | max |   Type  |
    +---------+---------+----------+----------+-----+-----+---------+
    |      129|      129|  1.290 us|  1.290 us|  130|  130|       no|
    +---------+---------+----------+----------+-----+-----+---------+

    + Detail: 
        * Instance: 
        +----------------------------------------+------------------------------+---------+---------+----------+----------+-----+-----+---------+
        |                                        |                              |  Latency (cycles) |  Latency (absolute) |  Interval | Pipeline|
        |                Instance                |            Module            |   min   |   max   |    min   |    max   | min | max |   Type  |
        +----------------------------------------+------------------------------+---------+---------+----------+----------+-----+-----+---------+
        |grp_Matrix_Vector_Activate_Batch_fu_28  |Matrix_Vector_Activate_Batch  |      126|      126|  1.260 us|  1.260 us|  126|  126|       no|
        +----------------------------------------+------------------------------+---------+---------+----------+----------+-----+-----+---------+

        * Loop: 
        N/A



================================================================
== Utilization Estimates
================================================================
* Summary: 
+-----------------+---------+------+--------+--------+-----+
|       Name      | BRAM_18K|  DSP |   FF   |   LUT  | URAM|
+-----------------+---------+------+--------+--------+-----+
|DSP              |        -|     -|       -|       -|    -|
|Expression       |        -|     -|       0|       2|    -|
|FIFO             |        -|     -|       -|       -|    -|
|Instance         |        -|    16|     248|    5731|    -|
|Memory           |        -|     -|       -|       -|    -|
|Multiplexer      |        -|     -|       -|      35|    -|
|Register         |        -|     -|       5|       -|    -|
+-----------------+---------+------+--------+--------+-----+
|Total            |        0|    16|     253|    5768|    0|
+-----------------+---------+------+--------+--------+-----+
|Available        |      624|  1728|  460800|  230400|   96|
+-----------------+---------+------+--------+--------+-----+
|Utilization (%)  |        0|    ~0|      ~0|       2|    0|
+-----------------+---------+------+--------+--------+-----+

+ Detail: 
    * Instance: 
    +----------------------------------------+------------------------------+---------+----+-----+------+-----+
    |                Instance                |            Module            | BRAM_18K| DSP|  FF |  LUT | URAM|
    +----------------------------------------+------------------------------+---------+----+-----+------+-----+
    |grp_Matrix_Vector_Activate_Batch_fu_28  |Matrix_Vector_Activate_Batch  |        0|  16|  248|  5731|    0|
    +----------------------------------------+------------------------------+---------+----+-----+------+-----+
    |Total                                   |                              |        0|  16|  248|  5731|    0|
    +----------------------------------------+------------------------------+---------+----+-----+------+-----+

    * DSP: 
    N/A

    * Memory: 
    N/A

    * FIFO: 
    N/A

    * Expression: 
    +-----------------------------------------------------+----------+----+---+----+------------+------------+
    |                    Variable Name                    | Operation| DSP| FF| LUT| Bitwidth P0| Bitwidth P1|
    +-----------------------------------------------------+----------+----+---+----+------------+------------+
    |grp_Matrix_Vector_Activate_Batch_fu_28_out_V_TREADY  |       and|   0|  0|   2|           1|           1|
    +-----------------------------------------------------+----------+----+---+----+------------+------------+
    |Total                                                |          |   0|  0|   2|           1|           1|
    +-----------------------------------------------------+----------+----+---+----+------------+------------+

    * Multiplexer: 
    +---------------------------+----+-----------+-----+-----------+
    |            Name           | LUT| Input Size| Bits| Total Bits|
    +---------------------------+----+-----------+-----+-----------+
    |ap_NS_fsm                  |  26|          5|    1|          5|
    |in0_V_TREADY_int_regslice  |   9|          2|    1|          2|
    +---------------------------+----+-----------+-----+-----------+
    |Total                      |  35|          7|    2|          7|
    +---------------------------+----+-----------+-----+-----------+

    * Register: 
    +-----------------------------------------------------+---+----+-----+-----------+
    |                         Name                        | FF| LUT| Bits| Const Bits|
    +-----------------------------------------------------+---+----+-----+-----------+
    |ap_CS_fsm                                            |  4|   0|    4|          0|
    |grp_Matrix_Vector_Activate_Batch_fu_28_ap_start_reg  |  1|   0|    1|          0|
    +-----------------------------------------------------+---+----+-----+-----------+
    |Total                                                |  5|   0|    5|          0|
    +-----------------------------------------------------+---+----+-----+-----------+



================================================================
== Interface
================================================================
* Summary: 
+--------------+-----+-----+--------------+--------------+--------------+
|   RTL Ports  | Dir | Bits|   Protocol   | Source Object|    C Type    |
+--------------+-----+-----+--------------+--------------+--------------+
|ap_clk        |   in|    1|  ap_ctrl_none|    MVAU_hls_0|  return value|
|ap_rst_n      |   in|    1|  ap_ctrl_none|    MVAU_hls_0|  return value|
|in0_V_TDATA   |   in|   24|          axis|         in0_V|       pointer|
|in0_V_TVALID  |   in|    1|          axis|         in0_V|       pointer|
|in0_V_TREADY  |  out|    1|          axis|         in0_V|       pointer|
|out_V_TDATA   |  out|   32|          axis|         out_V|       pointer|
|out_V_TVALID  |  out|    1|          axis|         out_V|       pointer|
|out_V_TREADY  |   in|    1|          axis|         out_V|       pointer|
+--------------+-----+-----+--------------+--------------+--------------+

