Wed Oct  8 14:51:59 2025: Running xcd server. This server was built by gradle.
Wed Oct  8 14:51:59 2025: Server was asked to start on port: '34595'
Wed Oct  8 14:51:59 2025: Server is using token UUID: '03c84294-dc0f-4115-bd93-da437e03bad5'
Wed Oct  8 14:51:59 2025: SESSION_MGR: creating session with session uuid: '6d04a3e9-ade5-4ab9-8d63-1f78fcd2ec76' and name 'default'
Wed Oct  8 14:51:59 2025: Attempting to start server on port '34595'
Wed Oct  8 14:51:59 2025: XCD main fifo: created main fifo '/tmp/xcdmain03c84294-dc0f-4115-bd93-da437e03bad5', fd read = 13
Wed Oct  8 14:51:59 2025: Running Dispatch Server
Wed Oct  8 14:51:59 2025: Version 2.2.0
Wed Oct  8 14:52:09 2025: Dispatch Server: Accepted socket connection from client
Wed Oct  8 14:52:09 2025: Starting Socket connection
Wed Oct  8 14:52:09 2025: EXCHANGE_TOKEN received, server token: 03c84294-dc0f-4115-bd93-da437e03bad5, passed token: 03c84294-dc0f-4115-bd93-da437e03bad5
Wed Oct  8 14:52:09 2025: SESSION_MGR: creating session with session uuid: 'ef9f8a4d-b89e-4c6e-93e0-d19d87676848' and name 'vitis_hls'
Wed Oct  8 14:52:09 2025: KERNEL_SVC: creating session with uuid: 'ef9f8a4d-b89e-4c6e-93e0-d19d87676848' and name 'vitis_hls'
Wed Oct  8 14:52:09 2025: GUIDANCE_SMGR: creating guidance session with uuid: 'ef9f8a4d-b89e-4c6e-93e0-d19d87676848' and name 'vitis_hls'
Wed Oct  8 14:52:11 2025: STOP_SERVER received, server token: 03c84294-dc0f-4115-bd93-da437e03bad5, passed token: 03c84294-dc0f-4115-bd93-da437e03bad5
Wed Oct  8 14:52:11 2025: Socket received request to stop server.
Wed Oct  8 14:52:11 2025: Dispatch Server: do_await_stop
Wed Oct  8 14:52:11 2025: Dispatch Server: stopping mainFifo_
Wed Oct  8 14:52:11 2025: XCD main fifo: Stopping
Wed Oct  8 14:52:11 2025: XCD main fifo: do_read error code: Operation canceled
Wed Oct  8 14:52:11 2025: XCD main fifo: bytes_transferred: 0
Wed Oct  8 14:52:11 2025: SERVER: destructor for server bound to port 34595
Wed Oct  8 14:52:11 2025: XCD main fifo: Good unlink of /tmp/xcdmain03c84294-dc0f-4115-bd93-da437e03bad5
Wed Oct  8 14:52:11 2025: Server exiting with status 0.
Wed Oct  8 14:52:11 2025: Closing log file.
Wed Oct  8 14:52:26 2025: Running xcd server. This server was built by gradle.
Wed Oct  8 14:52:26 2025: Server was asked to start on port: '45475'
Wed Oct  8 14:52:26 2025: Server is using token UUID: '7f06d1e2-7b4e-4ba6-a60d-0a1e1d60e078'
Wed Oct  8 14:52:26 2025: SESSION_MGR: creating session with session uuid: '6d04a3e9-ade5-4ab9-8d63-1f78fcd2ec76' and name 'default'
Wed Oct  8 14:52:26 2025: Attempting to start server on port '45475'
Wed Oct  8 14:52:26 2025: XCD main fifo: created main fifo '/tmp/xcdmain7f06d1e2-7b4e-4ba6-a60d-0a1e1d60e078', fd read = 13
Wed Oct  8 14:52:26 2025: Running Dispatch Server
Wed Oct  8 14:52:26 2025: Version 2.2.0
Wed Oct  8 14:52:36 2025: Dispatch Server: Accepted socket connection from client
Wed Oct  8 14:52:36 2025: Starting Socket connection
Wed Oct  8 14:52:36 2025: EXCHANGE_TOKEN received, server token: 7f06d1e2-7b4e-4ba6-a60d-0a1e1d60e078, passed token: 7f06d1e2-7b4e-4ba6-a60d-0a1e1d60e078
Wed Oct  8 14:52:36 2025: SESSION_MGR: creating session with session uuid: '5464fb6c-443d-4f3f-bf4b-c3a3d4b5d5e2' and name 'vitis_hls'
Wed Oct  8 14:52:36 2025: KERNEL_SVC: creating session with uuid: '5464fb6c-443d-4f3f-bf4b-c3a3d4b5d5e2' and name 'vitis_hls'
Wed Oct  8 14:52:36 2025: GUIDANCE_SMGR: creating guidance session with uuid: '5464fb6c-443d-4f3f-bf4b-c3a3d4b5d5e2' and name 'vitis_hls'
Wed Oct  8 14:52:37 2025: STOP_SERVER received, server token: 7f06d1e2-7b4e-4ba6-a60d-0a1e1d60e078, passed token: 7f06d1e2-7b4e-4ba6-a60d-0a1e1d60e078
Wed Oct  8 14:52:37 2025: Socket received request to stop server.
Wed Oct  8 14:52:37 2025: Dispatch Server: do_await_stop
Wed Oct  8 14:52:37 2025: Dispatch Server: stopping mainFifo_
Wed Oct  8 14:52:37 2025: XCD main fifo: Stopping
Wed Oct  8 14:52:37 2025: XCD main fifo: do_read error code: Operation canceled
Wed Oct  8 14:52:37 2025: XCD main fifo: bytes_transferred: 0
Wed Oct  8 14:52:37 2025: SERVER: destructor for server bound to port 45475
Wed Oct  8 14:52:37 2025: XCD main fifo: Good unlink of /tmp/xcdmain7f06d1e2-7b4e-4ba6-a60d-0a1e1d60e078
Wed Oct  8 14:52:37 2025: Server exiting with status 0.
Wed Oct  8 14:52:37 2025: Closing log file.
Wed Oct  8 14:58:22 2025: Running xcd server. This server was built by gradle.
Wed Oct  8 14:58:22 2025: Server was asked to start on port: '33973'
Wed Oct  8 14:58:22 2025: Server is using token UUID: '625a50d5-da4b-4b56-8f06-2034d2cb974b'
Wed Oct  8 14:58:22 2025: SESSION_MGR: creating session with session uuid: '6d04a3e9-ade5-4ab9-8d63-1f78fcd2ec76' and name 'default'
Wed Oct  8 14:58:22 2025: Attempting to start server on port '33973'
Wed Oct  8 14:58:22 2025: XCD main fifo: created main fifo '/tmp/xcdmain625a50d5-da4b-4b56-8f06-2034d2cb974b', fd read = 13
Wed Oct  8 14:58:22 2025: Running Dispatch Server
Wed Oct  8 14:58:22 2025: Version 2.2.0
Wed Oct  8 14:58:32 2025: Dispatch Server: Accepted socket connection from client
Wed Oct  8 14:58:32 2025: Starting Socket connection
Wed Oct  8 14:58:32 2025: EXCHANGE_TOKEN received, server token: 625a50d5-da4b-4b56-8f06-2034d2cb974b, passed token: 625a50d5-da4b-4b56-8f06-2034d2cb974b
Wed Oct  8 14:58:32 2025: SESSION_MGR: creating session with session uuid: '27213d9d-0ecd-4c1b-b614-ed9b841dc34b' and name 'vitis_hls'
Wed Oct  8 14:58:32 2025: KERNEL_SVC: creating session with uuid: '27213d9d-0ecd-4c1b-b614-ed9b841dc34b' and name 'vitis_hls'
Wed Oct  8 14:58:32 2025: GUIDANCE_SMGR: creating guidance session with uuid: '27213d9d-0ecd-4c1b-b614-ed9b841dc34b' and name 'vitis_hls'
Wed Oct  8 14:58:34 2025: STOP_SERVER received, server token: 625a50d5-da4b-4b56-8f06-2034d2cb974b, passed token: 625a50d5-da4b-4b56-8f06-2034d2cb974b
Wed Oct  8 14:58:34 2025: Socket received request to stop server.
Wed Oct  8 14:58:34 2025: Dispatch Server: do_await_stop
Wed Oct  8 14:58:34 2025: Dispatch Server: stopping mainFifo_
Wed Oct  8 14:58:34 2025: XCD main fifo: Stopping
Wed Oct  8 14:58:34 2025: XCD main fifo: do_read error code: Operation canceled
Wed Oct  8 14:58:34 2025: XCD main fifo: bytes_transferred: 0
Wed Oct  8 14:58:34 2025: SERVER: destructor for server bound to port 33973
Wed Oct  8 14:58:34 2025: XCD main fifo: Good unlink of /tmp/xcdmain625a50d5-da4b-4b56-8f06-2034d2cb974b
Wed Oct  8 14:58:34 2025: Server exiting with status 0.
Wed Oct  8 14:58:34 2025: Closing log file.
Wed Oct  8 15:06:44 2025: Running xcd server. This server was built by gradle.
Wed Oct  8 15:06:44 2025: Server was asked to start on port: '40707'
Wed Oct  8 15:06:44 2025: Server is using token UUID: '79d3e306-5a9d-4b86-adf7-7a8575f0c74b'
Wed Oct  8 15:06:44 2025: SESSION_MGR: creating session with session uuid: '6d04a3e9-ade5-4ab9-8d63-1f78fcd2ec76' and name 'default'
Wed Oct  8 15:06:44 2025: Attempting to start server on port '40707'
Wed Oct  8 15:06:44 2025: XCD main fifo: created main fifo '/tmp/xcdmain79d3e306-5a9d-4b86-adf7-7a8575f0c74b', fd read = 13
Wed Oct  8 15:06:44 2025: Running Dispatch Server
Wed Oct  8 15:06:44 2025: Version 2.2.0
Wed Oct  8 15:06:53 2025: Dispatch Server: Accepted socket connection from client
Wed Oct  8 15:06:53 2025: Starting Socket connection
Wed Oct  8 15:06:53 2025: EXCHANGE_TOKEN received, server token: 79d3e306-5a9d-4b86-adf7-7a8575f0c74b, passed token: 79d3e306-5a9d-4b86-adf7-7a8575f0c74b
Wed Oct  8 15:06:53 2025: SESSION_MGR: creating session with session uuid: 'f370172d-d6f8-46b7-ba18-512dd5f8e6be' and name 'vitis_hls'
Wed Oct  8 15:06:53 2025: KERNEL_SVC: creating session with uuid: 'f370172d-d6f8-46b7-ba18-512dd5f8e6be' and name 'vitis_hls'
Wed Oct  8 15:06:53 2025: GUIDANCE_SMGR: creating guidance session with uuid: 'f370172d-d6f8-46b7-ba18-512dd5f8e6be' and name 'vitis_hls'
Wed Oct  8 15:06:54 2025: STOP_SERVER received, server token: 79d3e306-5a9d-4b86-adf7-7a8575f0c74b, passed token: 79d3e306-5a9d-4b86-adf7-7a8575f0c74b
Wed Oct  8 15:06:54 2025: Socket received request to stop server.
Wed Oct  8 15:06:54 2025: Dispatch Server: do_await_stop
Wed Oct  8 15:06:54 2025: Dispatch Server: stopping mainFifo_
Wed Oct  8 15:06:54 2025: XCD main fifo: Stopping
Wed Oct  8 15:06:54 2025: XCD main fifo: do_read error code: Operation canceled
Wed Oct  8 15:06:54 2025: XCD main fifo: bytes_transferred: 0
Wed Oct  8 15:06:54 2025: SERVER: destructor for server bound to port 40707
Wed Oct  8 15:06:54 2025: XCD main fifo: Good unlink of /tmp/xcdmain79d3e306-5a9d-4b86-adf7-7a8575f0c74b
Wed Oct  8 15:06:54 2025: Server exiting with status 0.
Wed Oct  8 15:06:54 2025: Closing log file.
Wed Oct  8 15:07:28 2025: Running xcd server. This server was built by gradle.
Wed Oct  8 15:07:28 2025: Server was asked to start on port: '41767'
Wed Oct  8 15:07:28 2025: Server is using token UUID: '4606e8b7-a4cb-43bc-b3e3-3f335a86708c'
Wed Oct  8 15:07:28 2025: SESSION_MGR: creating session with session uuid: '6d04a3e9-ade5-4ab9-8d63-1f78fcd2ec76' and name 'default'
Wed Oct  8 15:07:28 2025: Attempting to start server on port '41767'
Wed Oct  8 15:07:28 2025: XCD main fifo: created main fifo '/tmp/xcdmain4606e8b7-a4cb-43bc-b3e3-3f335a86708c', fd read = 13
Wed Oct  8 15:07:28 2025: Running Dispatch Server
Wed Oct  8 15:07:28 2025: Version 2.2.0
Wed Oct  8 15:07:37 2025: Dispatch Server: Accepted socket connection from client
Wed Oct  8 15:07:37 2025: Starting Socket connection
Wed Oct  8 15:07:37 2025: EXCHANGE_TOKEN received, server token: 4606e8b7-a4cb-43bc-b3e3-3f335a86708c, passed token: 4606e8b7-a4cb-43bc-b3e3-3f335a86708c
Wed Oct  8 15:07:37 2025: SESSION_MGR: creating session with session uuid: 'cec7b937-4405-4d21-96e3-9daa6b28921f' and name 'vitis_hls'
Wed Oct  8 15:07:37 2025: KERNEL_SVC: creating session with uuid: 'cec7b937-4405-4d21-96e3-9daa6b28921f' and name 'vitis_hls'
Wed Oct  8 15:07:37 2025: GUIDANCE_SMGR: creating guidance session with uuid: 'cec7b937-4405-4d21-96e3-9daa6b28921f' and name 'vitis_hls'
Wed Oct  8 15:07:38 2025: STOP_SERVER received, server token: 4606e8b7-a4cb-43bc-b3e3-3f335a86708c, passed token: 4606e8b7-a4cb-43bc-b3e3-3f335a86708c
Wed Oct  8 15:07:38 2025: Socket received request to stop server.
Wed Oct  8 15:07:38 2025: Dispatch Server: do_await_stop
Wed Oct  8 15:07:38 2025: Dispatch Server: stopping mainFifo_
Wed Oct  8 15:07:38 2025: XCD main fifo: Stopping
Wed Oct  8 15:07:38 2025: XCD main fifo: do_read error code: Operation canceled
Wed Oct  8 15:07:38 2025: XCD main fifo: bytes_transferred: 0
Wed Oct  8 15:07:38 2025: SERVER: destructor for server bound to port 41767
Wed Oct  8 15:07:38 2025: XCD main fifo: Good unlink of /tmp/xcdmain4606e8b7-a4cb-43bc-b3e3-3f335a86708c
Wed Oct  8 15:07:38 2025: Server exiting with status 0.
Wed Oct  8 15:07:38 2025: Closing log file.
Wed Oct  8 15:08:52 2025: Running xcd server. This server was built by gradle.
Wed Oct  8 15:08:52 2025: Server was asked to start on port: '34671'
Wed Oct  8 15:08:52 2025: Server is using token UUID: '8ac08e6b-d42b-482c-aabd-c8b38a5ad2bd'
Wed Oct  8 15:08:52 2025: SESSION_MGR: creating session with session uuid: '6d04a3e9-ade5-4ab9-8d63-1f78fcd2ec76' and name 'default'
Wed Oct  8 15:08:52 2025: Attempting to start server on port '34671'
Wed Oct  8 15:08:52 2025: XCD main fifo: created main fifo '/tmp/xcdmain8ac08e6b-d42b-482c-aabd-c8b38a5ad2bd', fd read = 13
Wed Oct  8 15:08:52 2025: Running Dispatch Server
Wed Oct  8 15:08:52 2025: Version 2.2.0
Wed Oct  8 15:09:01 2025: Dispatch Server: Accepted socket connection from client
Wed Oct  8 15:09:01 2025: Starting Socket connection
Wed Oct  8 15:09:01 2025: EXCHANGE_TOKEN received, server token: 8ac08e6b-d42b-482c-aabd-c8b38a5ad2bd, passed token: 8ac08e6b-d42b-482c-aabd-c8b38a5ad2bd
Wed Oct  8 15:09:01 2025: SESSION_MGR: creating session with session uuid: '1aaf12b8-bfe6-413f-8a40-d37d28659ac2' and name 'vitis_hls'
Wed Oct  8 15:09:01 2025: KERNEL_SVC: creating session with uuid: '1aaf12b8-bfe6-413f-8a40-d37d28659ac2' and name 'vitis_hls'
Wed Oct  8 15:09:01 2025: GUIDANCE_SMGR: creating guidance session with uuid: '1aaf12b8-bfe6-413f-8a40-d37d28659ac2' and name 'vitis_hls'
Wed Oct  8 15:09:02 2025: STOP_SERVER received, server token: 8ac08e6b-d42b-482c-aabd-c8b38a5ad2bd, passed token: 8ac08e6b-d42b-482c-aabd-c8b38a5ad2bd
Wed Oct  8 15:09:02 2025: Socket received request to stop server.
Wed Oct  8 15:09:02 2025: Dispatch Server: do_await_stop
Wed Oct  8 15:09:02 2025: Dispatch Server: stopping mainFifo_
Wed Oct  8 15:09:02 2025: XCD main fifo: Stopping
Wed Oct  8 15:09:02 2025: XCD main fifo: do_read error code: Operation canceled
Wed Oct  8 15:09:02 2025: XCD main fifo: bytes_transferred: 0
Wed Oct  8 15:09:02 2025: SERVER: destructor for server bound to port 34671
Wed Oct  8 15:09:02 2025: XCD main fifo: Good unlink of /tmp/xcdmain8ac08e6b-d42b-482c-aabd-c8b38a5ad2bd
Wed Oct  8 15:09:02 2025: Server exiting with status 0.
Wed Oct  8 15:09:02 2025: Closing log file.
Wed Oct  8 15:09:42 2025: Running xcd server. This server was built by gradle.
Wed Oct  8 15:09:42 2025: Server was asked to start on port: '45015'
Wed Oct  8 15:09:42 2025: Server is using token UUID: 'f94805a6-1798-4e01-bbfe-55d5ff891f6e'
Wed Oct  8 15:09:42 2025: SESSION_MGR: creating session with session uuid: '6d04a3e9-ade5-4ab9-8d63-1f78fcd2ec76' and name 'default'
Wed Oct  8 15:09:42 2025: Attempting to start server on port '45015'
Wed Oct  8 15:09:42 2025: XCD main fifo: created main fifo '/tmp/xcdmainf94805a6-1798-4e01-bbfe-55d5ff891f6e', fd read = 13
Wed Oct  8 15:09:42 2025: Running Dispatch Server
Wed Oct  8 15:09:42 2025: Version 2.2.0
Wed Oct  8 15:09:51 2025: Dispatch Server: Accepted socket connection from client
Wed Oct  8 15:09:51 2025: Starting Socket connection
Wed Oct  8 15:09:51 2025: EXCHANGE_TOKEN received, server token: f94805a6-1798-4e01-bbfe-55d5ff891f6e, passed token: f94805a6-1798-4e01-bbfe-55d5ff891f6e
Wed Oct  8 15:09:51 2025: SESSION_MGR: creating session with session uuid: '5c420e16-4bb0-4cdf-a33d-1e5692805e20' and name 'vitis_hls'
Wed Oct  8 15:09:51 2025: KERNEL_SVC: creating session with uuid: '5c420e16-4bb0-4cdf-a33d-1e5692805e20' and name 'vitis_hls'
Wed Oct  8 15:09:51 2025: GUIDANCE_SMGR: creating guidance session with uuid: '5c420e16-4bb0-4cdf-a33d-1e5692805e20' and name 'vitis_hls'
Wed Oct  8 15:09:52 2025: STOP_SERVER received, server token: f94805a6-1798-4e01-bbfe-55d5ff891f6e, passed token: f94805a6-1798-4e01-bbfe-55d5ff891f6e
Wed Oct  8 15:09:52 2025: Socket received request to stop server.
Wed Oct  8 15:09:52 2025: Dispatch Server: do_await_stop
Wed Oct  8 15:09:52 2025: Dispatch Server: stopping mainFifo_
Wed Oct  8 15:09:52 2025: XCD main fifo: Stopping
Wed Oct  8 15:09:52 2025: XCD main fifo: do_read error code: Operation canceled
Wed Oct  8 15:09:52 2025: XCD main fifo: bytes_transferred: 0
Wed Oct  8 15:09:52 2025: SERVER: destructor for server bound to port 45015
Wed Oct  8 15:09:52 2025: XCD main fifo: Good unlink of /tmp/xcdmainf94805a6-1798-4e01-bbfe-55d5ff891f6e
Wed Oct  8 15:09:52 2025: Server exiting with status 0.
Wed Oct  8 15:09:52 2025: Closing log file.
Wed Oct  8 15:14:12 2025: Running xcd server. This server was built by gradle.
Wed Oct  8 15:14:12 2025: Server was asked to start on port: '41107'
Wed Oct  8 15:14:12 2025: Server is using token UUID: '7627aff8-6e08-41a1-8b54-7dad8feb040e'
Wed Oct  8 15:14:12 2025: SESSION_MGR: creating session with session uuid: '6d04a3e9-ade5-4ab9-8d63-1f78fcd2ec76' and name 'default'
Wed Oct  8 15:14:12 2025: Attempting to start server on port '41107'
Wed Oct  8 15:14:12 2025: XCD main fifo: created main fifo '/tmp/xcdmain7627aff8-6e08-41a1-8b54-7dad8feb040e', fd read = 13
Wed Oct  8 15:14:12 2025: Running Dispatch Server
Wed Oct  8 15:14:12 2025: Version 2.2.0
Wed Oct  8 15:14:21 2025: Dispatch Server: Accepted socket connection from client
Wed Oct  8 15:14:21 2025: Starting Socket connection
Wed Oct  8 15:14:21 2025: EXCHANGE_TOKEN received, server token: 7627aff8-6e08-41a1-8b54-7dad8feb040e, passed token: 7627aff8-6e08-41a1-8b54-7dad8feb040e
Wed Oct  8 15:14:21 2025: SESSION_MGR: creating session with session uuid: '9d007bd2-7034-4836-9587-4c0ba5e8b22d' and name 'vitis_hls'
Wed Oct  8 15:14:21 2025: KERNEL_SVC: creating session with uuid: '9d007bd2-7034-4836-9587-4c0ba5e8b22d' and name 'vitis_hls'
Wed Oct  8 15:14:21 2025: GUIDANCE_SMGR: creating guidance session with uuid: '9d007bd2-7034-4836-9587-4c0ba5e8b22d' and name 'vitis_hls'
Wed Oct  8 15:14:22 2025: STOP_SERVER received, server token: 7627aff8-6e08-41a1-8b54-7dad8feb040e, passed token: 7627aff8-6e08-41a1-8b54-7dad8feb040e
Wed Oct  8 15:14:22 2025: Socket received request to stop server.
Wed Oct  8 15:14:22 2025: Dispatch Server: do_await_stop
Wed Oct  8 15:14:22 2025: Dispatch Server: stopping mainFifo_
Wed Oct  8 15:14:22 2025: XCD main fifo: Stopping
Wed Oct  8 15:14:22 2025: XCD main fifo: do_read error code: Operation canceled
Wed Oct  8 15:14:22 2025: XCD main fifo: bytes_transferred: 0
Wed Oct  8 15:14:22 2025: SERVER: destructor for server bound to port 41107
Wed Oct  8 15:14:22 2025: XCD main fifo: Good unlink of /tmp/xcdmain7627aff8-6e08-41a1-8b54-7dad8feb040e
Wed Oct  8 15:14:22 2025: Server exiting with status 0.
Wed Oct  8 15:14:22 2025: Closing log file.
